[Spectre Monitor: 13]
[2023-03-14 16:55:51.747 +0530] [PROCESS] [cadence.virtuoso.ade.spectreMonitor] - Spectre Monitor has successfully started up. Trying to set up communication channels to other components ... : {"hostname": "islcadence1", "processid": 18076, "logfile": "/root/Documents/GPS/logs_root/logs0/Job13.log"}
[2023-03-14 16:55:51.748 +0530] [PROCESS] [cadence.virtuoso.ade.spectreMonitor] - Started History : {"hostname": "islcadence1", "processid": 18076, "history": "ExplorerRun.0", "logfile": "/root/Documents/GPS/logs_root/logs0/Job13.log"}
[2023-03-14 16:55:51.781 +0530] [PROCESS] [cadence.virtuoso.ade.spectreMonitor] - Communication channels have been successfully set up. Start processing events ... : {"hostname": "islcadence1", "processid": 18076, "history": "ExplorerRun.0", "logfile": "/root/Documents/GPS/logs_root/logs0/Job13.log"}
[2023-03-14 16:55:51.862 +0530] [PROCESS] [cadence.virtuoso.ade.spectreMonitor] - HostInfo:
Host name (type):	islcadence1 (x86_64)
Operating system:	Linux 3.10.0-1160.el7.x86_64 #1 SMP Tue Aug 18 14:50:17 EDT 2020 : {"hostname": "islcadence1", "processid": 18076, "history": "ExplorerRun.0", "logfile": "/root/Documents/GPS/logs_root/logs0/Job13.log", "nodename": "islcadence1", "domainname": "(none)", "machine": "x86_64", "sysname": "Linux", "release": "3.10.0-1160.el7.x86_64", "version": "#1 SMP Tue Aug 18 14:50:17 EDT 2020"}
[2023-03-14 16:55:51.862 +0530] [PROCESS] [cadence.virtuoso.ade.spectreMonitor] - UsageInfo:
pid=18076
totalPhysicalMemory=15.303967GB,Used=5.848049GB,totalVirtualMemory=22.928963GB,Used=5.848049GB
Cpu: Cores=8, Load average:0.120000,0.190000,0.220000 : {"hostname": "islcadence1", "processid": 18076, "history": "ExplorerRun.0", "logfile": "/root/Documents/GPS/logs_root/logs0/Job13.log", "pid": "18076", "totalPhysicalMemory": "15.303967", "physicalMemoryUsed": "5.848049", "totalVirtualMemory": "22.928963", "virtualMemoryUsed": "5.848049", "cpuCores": "8", "processes": "653", "loadAverage1": "0.120000", "loadAverage5": "0.190000", "loadAverage15": "0.220000", "loadAverage1Percent": "0.015000"}
[2023-03-14 16:55:51.864 +0530] [EVENT] [cadence.virtuoso.ade.spectreMonitor] - NewPoint : {"history": "ExplorerRun.0", "point": 1, "testname": "ADC_15comp_1", "cornername": "Nominal", "event": "NewPoint", "EventSource": "Spectre Monitor", "HistoryName": "ExplorerRun.0", "logFile": "/root/Documents/GPS/logs_root/logs0/Job13.log", "logFileSize": "2093"}
[2023-03-14 16:55:51.865 +0530] [EVENT] [cadence.virtuoso.ade.spectreMonitor] - NewPoint : {"history": "ExplorerRun.0", "point": 1, "testname": "ADC_15comp_1", "cornername": "Nominal", "event": "NewPoint", "EventSource": "spectre", "HistoryName": "ExplorerRun.0", "logFile": "/root/simulation/ADC/15comp/maestro/results/maestro/ExplorerRun.0/1/ADC_15comp_1/psf/spectre.out", "logFileSize": "-1"}
[2023-03-14 16:55:51.867 +0530] [PROCESS] [cadence.virtuoso.ade.spectreMonitor] - Launched simulator : {"hostname": "islcadence1", "processid": 18076, "history": "ExplorerRun.0", "testname": "ADC_15comp_1", "cornername": "Nominal", "point": 1, "logfile": "/root/Documents/GPS/logs_root/logs0/Job13.log", "simid": "1"}
[2023-03-14 16:55:51.868 +0530] [PROCESS] [cadence.virtuoso.ade.spectreMonitor] - Launched evaluator : {"hostname": "islcadence1", "processid": 18076, "history": "ExplorerRun.0", "testname": "ADC_15comp_1", "cornername": "Nominal", "point": 1, "logfile": "/root/Documents/GPS/logs_root/logs0/Job13.log"}
[2023-03-14 16:55:52.433 +0530] [INFO] [cadence.virtuoso.ade.spectreMonitor] - Peak resident memory used = 70 Mbytes. : {"history": "ExplorerRun.0", "point": 1, "testname": "ADC_15comp_1", "cornername": "Nominal"}
[2023-03-14 16:55:52.433 +0530] [INFO] [cadence.virtuoso.ade.spectreMonitor] - Peak resident memory used = 78.3 Mbytes. : {"history": "ExplorerRun.0", "point": 1, "testname": "ADC_15comp_1", "cornername": "Nominal"}
[2023-03-14 16:55:52.434 +0530] [WARN] [cadence.virtuoso.ade.spectreMonitor] -     WARNING (SPECTRE-17101): The value 'psf' specified for the 'checklimitdest' option will no longer be supported in future releases. Use 'spectre -h' to see other recommended values for the 'checklimitdest' option. : {"history": "ExplorerRun.0", "point": 1, "testname": "ADC_15comp_1", "cornername": "Nominal"}
[2023-03-14 16:55:52.434 +0530] [INFO] [cadence.virtuoso.ade.spectreMonitor] - Peak resident memory used = 79.8 Mbytes. : {"history": "ExplorerRun.0", "point": 1, "testname": "ADC_15comp_1", "cornername": "Nominal"}
[2023-03-14 16:55:52.434 +0530] [INFO] [cadence.virtuoso.ade.spectreMonitor] - Notice from spectre during initial setup.
    Multithreading is disabled due to the size of the design being too small. : {"history": "ExplorerRun.0", "point": 1, "testname": "ADC_15comp_1", "cornername": "Nominal"}
[2023-03-14 16:55:52.435 +0530] [INFO] [cadence.virtuoso.ade.spectreMonitor] -               nodes 186 : {"history": "ExplorerRun.0", "point": 1, "testname": "ADC_15comp_1", "cornername": "Nominal"}
[2023-03-14 16:55:52.435 +0530] [INFO] [cadence.virtuoso.ade.spectreMonitor] - Notice from spectre during initial setup.
    APS enabled. : {"history": "ExplorerRun.0", "point": 1, "testname": "ADC_15comp_1", "cornername": "Nominal"}
[2023-03-14 16:55:52.435 +0530] [INFO] [cadence.virtuoso.ade.spectreMonitor] - Peak resident memory used = 81.3 Mbytes. : {"history": "ExplorerRun.0", "point": 1, "testname": "ADC_15comp_1", "cornername": "Nominal"}
[2023-03-14 16:55:52.435 +0530] [INFO] [cadence.virtuoso.ade.spectreMonitor] - Notice from spectre during IC analysis, during transient analysis `tran'.
    GminDC = 1 pS is large enough to noticeably affect the DC solution.
        dV(I0.net8) = 6.38249 mV
        Use the `gmin_check' option to eliminate or expand this report. : {"history": "ExplorerRun.0", "point": 1, "testname": "ADC_15comp_1", "cornername": "Nominal"}
[2023-03-14 16:55:52.435 +0530] [INFO] [cadence.virtuoso.ade.spectreMonitor] - Notice from spectre during transient analysis `tran'.
    Multithreading is disabled due to the size of the design being too small. : {"history": "ExplorerRun.0", "point": 1, "testname": "ADC_15comp_1", "cornername": "Nominal"}
[2023-03-14 16:55:54.940 +0530] [PROCESS] [cadence.virtuoso.ade.spectreMonitor] - Finished simulating for one point : {"hostname": "islcadence1", "processid": 18076, "history": "ExplorerRun.0", "testname": "ADC_15comp_1", "cornername": "Nominal", "point": 1, "logfile": "/root/Documents/GPS/logs_root/logs0/Job13.log", "simid": "1"}
[2023-03-14 16:55:54.940 +0530] [INFO] [cadence.virtuoso.ade.spectreMonitor] - Total time required for tran analysis `tran': CPU = 2.30461 s, elapsed = 2.32593 s. : {"history": "ExplorerRun.0", "point": 1, "testname": "ADC_15comp_1", "cornername": "Nominal"}
[2023-03-14 16:55:54.940 +0530] [INFO] [cadence.virtuoso.ade.spectreMonitor] - Peak resident memory used = 133 Mbytes. : {"history": "ExplorerRun.0", "point": 1, "testname": "ADC_15comp_1", "cornername": "Nominal"}
[2023-03-14 16:55:54.941 +0530] [INFO] [cadence.virtuoso.ade.spectreMonitor] - Time used: CPU = 2.49 s, elapsed = 2.9 s, util. = 85.7%. : {"history": "ExplorerRun.0", "point": 1, "testname": "ADC_15comp_1", "cornername": "Nominal"}
[2023-03-14 16:55:54.941 +0530] [INFO] [cadence.virtuoso.ade.spectreMonitor] - Time spent in licensing: elapsed = 72.6 ms. : {"history": "ExplorerRun.0", "point": 1, "testname": "ADC_15comp_1", "cornername": "Nominal"}
[2023-03-14 16:55:54.941 +0530] [INFO] [cadence.virtuoso.ade.spectreMonitor] - Peak memory used = 134 Mbytes. : {"history": "ExplorerRun.0", "point": 1, "testname": "ADC_15comp_1", "cornername": "Nominal"}
[2023-03-14 16:55:54.941 +0530] [PROCESS] [cadence.virtuoso.ade.spectreMonitor] - Simulation started at: 4:55:51 PM, Tue Mar 14, 2023, ended at: 4:55:54 PM, Tue Mar 14, 2023, with elapsed time (wall clock): 2.9 s. : {"history": "ExplorerRun.0", "point": 1, "testname": "ADC_15comp_1", "cornername": "Nominal"}
[2023-03-14 16:55:54.941 +0530] [PROCESS] [cadence.virtuoso.ade.spectreMonitor] - spectre completes with 0 errors, 1 warning, and 5 notices. : {"history": "ExplorerRun.0", "point": 1, "testname": "ADC_15comp_1", "cornername": "Nominal"}
[2023-03-14 16:55:54.942 +0530] [PROCESS] [cadence.virtuoso.ade.spectreMonitor] - Finished Simulation : {"hostname": "islcadence1", "processid": 18076, "history": "ExplorerRun.0", "testname": "ADC_15comp_1", "cornername": "Nominal", "point": 1, "logfile": "/root/Documents/GPS/logs_root/logs0/Job13.log", "simid": "1"}
[2023-03-14 16:55:55.945 +0530] [PROCESS] [cadence.virtuoso.ade.spectreMonitor] - Point Finished : {"hostname": "islcadence1", "processid": 18076, "history": "ExplorerRun.0", "testname": "ADC_15comp_1", "cornername": "Nominal", "point": 1, "logfile": "/root/Documents/GPS/logs_root/logs0/Job13.log"}
[2023-03-14 16:56:49.083 +0530] [PROCESS] [cadence.virtuoso.ade.spectreMonitor] - HostInfo:
Host name (type):	islcadence1 (x86_64)
Operating system:	Linux 3.10.0-1160.el7.x86_64 #1 SMP Tue Aug 18 14:50:17 EDT 2020 : {"hostname": "islcadence1", "processid": 18076, "history": "ExplorerRun.0", "testname": "ADC_15comp_1", "cornername": "Nominal", "point": 1, "logfile": "/root/Documents/GPS/logs_root/logs0/Job13.log", "nodename": "islcadence1", "domainname": "(none)", "machine": "x86_64", "sysname": "Linux", "release": "3.10.0-1160.el7.x86_64", "version": "#1 SMP Tue Aug 18 14:50:17 EDT 2020"}
[2023-03-14 16:56:49.083 +0530] [PROCESS] [cadence.virtuoso.ade.spectreMonitor] - UsageInfo:
pid=18076
totalPhysicalMemory=15.303967GB,Used=5.849815GB,totalVirtualMemory=22.928963GB,Used=5.849815GB
Cpu: Cores=8, Load average:0.150000,0.180000,0.220000 : {"hostname": "islcadence1", "processid": 18076, "history": "ExplorerRun.0", "testname": "ADC_15comp_1", "cornername": "Nominal", "point": 1, "logfile": "/root/Documents/GPS/logs_root/logs0/Job13.log", "pid": "18076", "totalPhysicalMemory": "15.303967", "physicalMemoryUsed": "5.849815", "totalVirtualMemory": "22.928963", "virtualMemoryUsed": "5.849815", "cpuCores": "8", "processes": "653", "loadAverage1": "0.150000", "loadAverage5": "0.180000", "loadAverage15": "0.220000", "loadAverage1Percent": "0.018750"}
[2023-03-14 16:56:49.086 +0530] [EVENT] [cadence.virtuoso.ade.spectreMonitor] - NewPoint : {"history": "ExplorerRun.0", "point": 1, "testname": "ADC_15comp_1", "cornername": "Nominal", "event": "NewPoint", "EventSource": "Spectre Monitor", "HistoryName": "ExplorerRun.0", "logFile": "/root/Documents/GPS/logs_root/logs0/Job13.log", "logFileSize": "10173"}
[2023-03-14 16:56:49.087 +0530] [EVENT] [cadence.virtuoso.ade.spectreMonitor] - NewPoint : {"history": "ExplorerRun.0", "point": 1, "testname": "ADC_15comp_1", "cornername": "Nominal", "event": "NewPoint", "EventSource": "spectre", "HistoryName": "ExplorerRun.0", "logFile": "/root/simulation/ADC/15comp/maestro/results/maestro/ExplorerRun.0/1/ADC_15comp_1/psf/spectre.out", "logFileSize": "-1"}
[2023-03-14 16:56:49.090 +0530] [PROCESS] [cadence.virtuoso.ade.spectreMonitor] - Launched simulator : {"hostname": "islcadence1", "processid": 18076, "history": "ExplorerRun.0", "testname": "ADC_15comp_1", "cornername": "Nominal", "point": 1, "logfile": "/root/Documents/GPS/logs_root/logs0/Job13.log", "simid": "2"}
[2023-03-14 16:56:49.090 +0530] [PROCESS] [cadence.virtuoso.ade.spectreMonitor] - Launched evaluator : {"hostname": "islcadence1", "processid": 18076, "history": "ExplorerRun.0", "testname": "ADC_15comp_1", "cornername": "Nominal", "point": 1, "logfile": "/root/Documents/GPS/logs_root/logs0/Job13.log"}
[2023-03-14 16:56:50.142 +0530] [INFO] [cadence.virtuoso.ade.spectreMonitor] - Peak resident memory used = 71.3 Mbytes. : {"history": "ExplorerRun.0", "point": 1, "testname": "ADC_15comp_1", "cornername": "Nominal"}
[2023-03-14 16:56:50.142 +0530] [INFO] [cadence.virtuoso.ade.spectreMonitor] - Peak resident memory used = 79.6 Mbytes. : {"history": "ExplorerRun.0", "point": 1, "testname": "ADC_15comp_1", "cornername": "Nominal"}
[2023-03-14 16:56:50.142 +0530] [WARN] [cadence.virtuoso.ade.spectreMonitor] -     WARNING (SPECTRE-17101): The value 'psf' specified for the 'checklimitdest' option will no longer be supported in future releases. Use 'spectre -h' to see other recommended values for the 'checklimitdest' option. : {"history": "ExplorerRun.0", "point": 1, "testname": "ADC_15comp_1", "cornername": "Nominal"}
[2023-03-14 16:56:50.143 +0530] [INFO] [cadence.virtuoso.ade.spectreMonitor] - Peak resident memory used = 81.1 Mbytes. : {"history": "ExplorerRun.0", "point": 1, "testname": "ADC_15comp_1", "cornername": "Nominal"}
[2023-03-14 16:56:50.143 +0530] [INFO] [cadence.virtuoso.ade.spectreMonitor] - Notice from spectre during initial setup.
    Multithreading is disabled due to the size of the design being too small. : {"history": "ExplorerRun.0", "point": 1, "testname": "ADC_15comp_1", "cornername": "Nominal"}
[2023-03-14 16:56:50.143 +0530] [INFO] [cadence.virtuoso.ade.spectreMonitor] -               nodes 186 : {"history": "ExplorerRun.0", "point": 1, "testname": "ADC_15comp_1", "cornername": "Nominal"}
[2023-03-14 16:56:50.143 +0530] [INFO] [cadence.virtuoso.ade.spectreMonitor] - Notice from spectre during initial setup.
    1 vsources are shorted because their absolute value is less than or equal to 'vabsshort'.
    APS enabled. : {"history": "ExplorerRun.0", "point": 1, "testname": "ADC_15comp_1", "cornername": "Nominal"}
[2023-03-14 16:56:50.143 +0530] [INFO] [cadence.virtuoso.ade.spectreMonitor] - Peak resident memory used = 82.6 Mbytes. : {"history": "ExplorerRun.0", "point": 1, "testname": "ADC_15comp_1", "cornername": "Nominal"}
[2023-03-14 16:56:50.144 +0530] [INFO] [cadence.virtuoso.ade.spectreMonitor] - Notice from spectre during IC analysis, during transient analysis `tran'.
    GminDC = 1 pS is large enough to noticeably affect the DC solution.
        dV(I0.net8) = 6.44672 mV
        Use the `gmin_check' option to eliminate or expand this report. : {"history": "ExplorerRun.0", "point": 1, "testname": "ADC_15comp_1", "cornername": "Nominal"}
[2023-03-14 16:56:50.144 +0530] [INFO] [cadence.virtuoso.ade.spectreMonitor] - Notice from spectre during transient analysis `tran'.
    Multithreading is disabled due to the size of the design being too small. : {"history": "ExplorerRun.0", "point": 1, "testname": "ADC_15comp_1", "cornername": "Nominal"}
[2023-03-14 16:56:52.148 +0530] [INFO] [cadence.virtuoso.ade.spectreMonitor] - Total time required for tran analysis `tran': CPU = 2.34124 s, elapsed = 2.36224 s. : {"history": "ExplorerRun.0", "point": 1, "testname": "ADC_15comp_1", "cornername": "Nominal"}
[2023-03-14 16:56:52.148 +0530] [INFO] [cadence.virtuoso.ade.spectreMonitor] - Peak resident memory used = 134 Mbytes. : {"history": "ExplorerRun.0", "point": 1, "testname": "ADC_15comp_1", "cornername": "Nominal"}
[2023-03-14 16:56:52.649 +0530] [PROCESS] [cadence.virtuoso.ade.spectreMonitor] - Finished simulating for one point : {"hostname": "islcadence1", "processid": 18076, "history": "ExplorerRun.0", "testname": "ADC_15comp_1", "cornername": "Nominal", "point": 1, "logfile": "/root/Documents/GPS/logs_root/logs0/Job13.log", "simid": "2"}
[2023-03-14 16:56:52.649 +0530] [INFO] [cadence.virtuoso.ade.spectreMonitor] - Time used: CPU = 2.53 s, elapsed = 3.07 s, util. = 82.3%. : {"history": "ExplorerRun.0", "point": 1, "testname": "ADC_15comp_1", "cornername": "Nominal"}
[2023-03-14 16:56:52.650 +0530] [INFO] [cadence.virtuoso.ade.spectreMonitor] - Time spent in licensing: elapsed = 270 ms, percentage of total = 8.78%. : {"history": "ExplorerRun.0", "point": 1, "testname": "ADC_15comp_1", "cornername": "Nominal"}
[2023-03-14 16:56:52.650 +0530] [INFO] [cadence.virtuoso.ade.spectreMonitor] - Peak memory used = 134 Mbytes. : {"history": "ExplorerRun.0", "point": 1, "testname": "ADC_15comp_1", "cornername": "Nominal"}
[2023-03-14 16:56:52.650 +0530] [PROCESS] [cadence.virtuoso.ade.spectreMonitor] - Simulation started at: 4:56:49 PM, Tue Mar 14, 2023, ended at: 4:56:52 PM, Tue Mar 14, 2023, with elapsed time (wall clock): 3.07 s. : {"history": "ExplorerRun.0", "point": 1, "testname": "ADC_15comp_1", "cornername": "Nominal"}
[2023-03-14 16:56:52.650 +0530] [PROCESS] [cadence.virtuoso.ade.spectreMonitor] - spectre completes with 0 errors, 1 warning, and 6 notices. : {"history": "ExplorerRun.0", "point": 1, "testname": "ADC_15comp_1", "cornername": "Nominal"}
[2023-03-14 16:56:52.650 +0530] [PROCESS] [cadence.virtuoso.ade.spectreMonitor] - Finished Simulation : {"hostname": "islcadence1", "processid": 18076, "history": "ExplorerRun.0", "testname": "ADC_15comp_1", "cornername": "Nominal", "point": 1, "logfile": "/root/Documents/GPS/logs_root/logs0/Job13.log", "simid": "2"}
[2023-03-14 16:56:54.154 +0530] [PROCESS] [cadence.virtuoso.ade.spectreMonitor] - Point Finished : {"hostname": "islcadence1", "processid": 18076, "history": "ExplorerRun.0", "testname": "ADC_15comp_1", "cornername": "Nominal", "point": 1, "logfile": "/root/Documents/GPS/logs_root/logs0/Job13.log"}
[2023-03-14 17:00:37.348 +0530] [PROCESS] [cadence.virtuoso.ade.spectreMonitor] - HostInfo:
Host name (type):	islcadence1 (x86_64)
Operating system:	Linux 3.10.0-1160.el7.x86_64 #1 SMP Tue Aug 18 14:50:17 EDT 2020 : {"hostname": "islcadence1", "processid": 18076, "history": "ExplorerRun.0", "testname": "ADC_15comp_1", "cornername": "Nominal", "point": 1, "logfile": "/root/Documents/GPS/logs_root/logs0/Job13.log", "nodename": "islcadence1", "domainname": "(none)", "machine": "x86_64", "sysname": "Linux", "release": "3.10.0-1160.el7.x86_64", "version": "#1 SMP Tue Aug 18 14:50:17 EDT 2020"}
[2023-03-14 17:00:37.349 +0530] [PROCESS] [cadence.virtuoso.ade.spectreMonitor] - UsageInfo:
pid=18076
totalPhysicalMemory=15.303967GB,Used=5.853138GB,totalVirtualMemory=22.928963GB,Used=5.853138GB
Cpu: Cores=8, Load average:0.500000,0.330000,0.270000 : {"hostname": "islcadence1", "processid": 18076, "history": "ExplorerRun.0", "testname": "ADC_15comp_1", "cornername": "Nominal", "point": 1, "logfile": "/root/Documents/GPS/logs_root/logs0/Job13.log", "pid": "18076", "totalPhysicalMemory": "15.303967", "physicalMemoryUsed": "5.853138", "totalVirtualMemory": "22.928963", "virtualMemoryUsed": "5.853138", "cpuCores": "8", "processes": "651", "loadAverage1": "0.500000", "loadAverage5": "0.330000", "loadAverage15": "0.270000", "loadAverage1Percent": "0.062500"}
[2023-03-14 17:00:37.351 +0530] [EVENT] [cadence.virtuoso.ade.spectreMonitor] - NewPoint : {"history": "ExplorerRun.0", "point": 1, "testname": "ADC_15comp_1", "cornername": "Nominal", "event": "NewPoint", "EventSource": "Spectre Monitor", "HistoryName": "ExplorerRun.0", "logFile": "/root/Documents/GPS/logs_root/logs0/Job13.log", "logFileSize": "18380"}
[2023-03-14 17:00:37.352 +0530] [EVENT] [cadence.virtuoso.ade.spectreMonitor] - NewPoint : {"history": "ExplorerRun.0", "point": 1, "testname": "ADC_15comp_1", "cornername": "Nominal", "event": "NewPoint", "EventSource": "spectre", "HistoryName": "ExplorerRun.0", "logFile": "/root/simulation/ADC/15comp/maestro/results/maestro/ExplorerRun.0/1/ADC_15comp_1/psf/spectre.out", "logFileSize": "-1"}
[2023-03-14 17:00:37.355 +0530] [PROCESS] [cadence.virtuoso.ade.spectreMonitor] - Launched simulator : {"hostname": "islcadence1", "processid": 18076, "history": "ExplorerRun.0", "testname": "ADC_15comp_1", "cornername": "Nominal", "point": 1, "logfile": "/root/Documents/GPS/logs_root/logs0/Job13.log", "simid": "3"}
[2023-03-14 17:00:37.355 +0530] [PROCESS] [cadence.virtuoso.ade.spectreMonitor] - Launched evaluator : {"hostname": "islcadence1", "processid": 18076, "history": "ExplorerRun.0", "testname": "ADC_15comp_1", "cornername": "Nominal", "point": 1, "logfile": "/root/Documents/GPS/logs_root/logs0/Job13.log"}
[2023-03-14 17:00:37.914 +0530] [INFO] [cadence.virtuoso.ade.spectreMonitor] - Peak resident memory used = 68.8 Mbytes. : {"history": "ExplorerRun.0", "point": 1, "testname": "ADC_15comp_1", "cornername": "Nominal"}
[2023-03-14 17:00:37.915 +0530] [INFO] [cadence.virtuoso.ade.spectreMonitor] - Peak resident memory used = 77 Mbytes. : {"history": "ExplorerRun.0", "point": 1, "testname": "ADC_15comp_1", "cornername": "Nominal"}
[2023-03-14 17:00:37.915 +0530] [WARN] [cadence.virtuoso.ade.spectreMonitor] -     WARNING (SPECTRE-17101): The value 'psf' specified for the 'checklimitdest' option will no longer be supported in future releases. Use 'spectre -h' to see other recommended values for the 'checklimitdest' option. : {"history": "ExplorerRun.0", "point": 1, "testname": "ADC_15comp_1", "cornername": "Nominal"}
[2023-03-14 17:00:37.915 +0530] [INFO] [cadence.virtuoso.ade.spectreMonitor] - Peak resident memory used = 78.6 Mbytes. : {"history": "ExplorerRun.0", "point": 1, "testname": "ADC_15comp_1", "cornername": "Nominal"}
[2023-03-14 17:00:37.915 +0530] [INFO] [cadence.virtuoso.ade.spectreMonitor] - Notice from spectre during initial setup.
    Multithreading is disabled due to the size of the design being too small. : {"history": "ExplorerRun.0", "point": 1, "testname": "ADC_15comp_1", "cornername": "Nominal"}
[2023-03-14 17:00:37.916 +0530] [INFO] [cadence.virtuoso.ade.spectreMonitor] -               nodes 186 : {"history": "ExplorerRun.0", "point": 1, "testname": "ADC_15comp_1", "cornername": "Nominal"}
[2023-03-14 17:00:37.916 +0530] [INFO] [cadence.virtuoso.ade.spectreMonitor] - Notice from spectre during initial setup.
    1 vsources are shorted because their absolute value is less than or equal to 'vabsshort'.
    APS enabled. : {"history": "ExplorerRun.0", "point": 1, "testname": "ADC_15comp_1", "cornername": "Nominal"}
[2023-03-14 17:00:37.916 +0530] [INFO] [cadence.virtuoso.ade.spectreMonitor] - Peak resident memory used = 80.1 Mbytes. : {"history": "ExplorerRun.0", "point": 1, "testname": "ADC_15comp_1", "cornername": "Nominal"}
[2023-03-14 17:00:37.916 +0530] [INFO] [cadence.virtuoso.ade.spectreMonitor] - Notice from spectre during IC analysis, during transient analysis `tran'.
    GminDC = 1 pS is large enough to noticeably affect the DC solution.
        dV(I0.net8) = 6.44672 mV
        Use the `gmin_check' option to eliminate or expand this report. : {"history": "ExplorerRun.0", "point": 1, "testname": "ADC_15comp_1", "cornername": "Nominal"}
[2023-03-14 17:00:37.916 +0530] [INFO] [cadence.virtuoso.ade.spectreMonitor] - Notice from spectre during transient analysis `tran'.
    Multithreading is disabled due to the size of the design being too small. : {"history": "ExplorerRun.0", "point": 1, "testname": "ADC_15comp_1", "cornername": "Nominal"}
[2023-03-14 17:00:40.421 +0530] [PROCESS] [cadence.virtuoso.ade.spectreMonitor] - Finished simulating for one point : {"hostname": "islcadence1", "processid": 18076, "history": "ExplorerRun.0", "testname": "ADC_15comp_1", "cornername": "Nominal", "point": 1, "logfile": "/root/Documents/GPS/logs_root/logs0/Job13.log", "simid": "3"}
[2023-03-14 17:00:40.421 +0530] [INFO] [cadence.virtuoso.ade.spectreMonitor] - Total time required for tran analysis `tran': CPU = 2.33865 s, elapsed = 2.35979 s. : {"history": "ExplorerRun.0", "point": 1, "testname": "ADC_15comp_1", "cornername": "Nominal"}
[2023-03-14 17:00:40.421 +0530] [INFO] [cadence.virtuoso.ade.spectreMonitor] - Peak resident memory used = 131 Mbytes. : {"history": "ExplorerRun.0", "point": 1, "testname": "ADC_15comp_1", "cornername": "Nominal"}
[2023-03-14 17:00:40.422 +0530] [INFO] [cadence.virtuoso.ade.spectreMonitor] - Time used: CPU = 2.53 s, elapsed = 2.89 s, util. = 87.6%. : {"history": "ExplorerRun.0", "point": 1, "testname": "ADC_15comp_1", "cornername": "Nominal"}
[2023-03-14 17:00:40.422 +0530] [INFO] [cadence.virtuoso.ade.spectreMonitor] - Time spent in licensing: elapsed = 78.2 ms. : {"history": "ExplorerRun.0", "point": 1, "testname": "ADC_15comp_1", "cornername": "Nominal"}
[2023-03-14 17:00:40.422 +0530] [INFO] [cadence.virtuoso.ade.spectreMonitor] - Peak memory used = 132 Mbytes. : {"history": "ExplorerRun.0", "point": 1, "testname": "ADC_15comp_1", "cornername": "Nominal"}
[2023-03-14 17:00:40.422 +0530] [PROCESS] [cadence.virtuoso.ade.spectreMonitor] - Simulation started at: 5:00:37 PM, Tue Mar 14, 2023, ended at: 5:00:40 PM, Tue Mar 14, 2023, with elapsed time (wall clock): 2.89 s. : {"history": "ExplorerRun.0", "point": 1, "testname": "ADC_15comp_1", "cornername": "Nominal"}
[2023-03-14 17:00:40.423 +0530] [PROCESS] [cadence.virtuoso.ade.spectreMonitor] - spectre completes with 0 errors, 1 warning, and 6 notices. : {"history": "ExplorerRun.0", "point": 1, "testname": "ADC_15comp_1", "cornername": "Nominal"}
[2023-03-14 17:00:40.423 +0530] [PROCESS] [cadence.virtuoso.ade.spectreMonitor] - Finished Simulation : {"hostname": "islcadence1", "processid": 18076, "history": "ExplorerRun.0", "testname": "ADC_15comp_1", "cornername": "Nominal", "point": 1, "logfile": "/root/Documents/GPS/logs_root/logs0/Job13.log", "simid": "3"}
[2023-03-14 17:00:41.426 +0530] [PROCESS] [cadence.virtuoso.ade.spectreMonitor] - Point Finished : {"hostname": "islcadence1", "processid": 18076, "history": "ExplorerRun.0", "testname": "ADC_15comp_1", "cornername": "Nominal", "point": 1, "logfile": "/root/Documents/GPS/logs_root/logs0/Job13.log"}
[2023-03-14 17:05:19.715 +0530] [PROCESS] [cadence.virtuoso.ade.spectreMonitor] - HostInfo:
Host name (type):	islcadence1 (x86_64)
Operating system:	Linux 3.10.0-1160.el7.x86_64 #1 SMP Tue Aug 18 14:50:17 EDT 2020 : {"hostname": "islcadence1", "processid": 18076, "history": "ExplorerRun.0", "testname": "ADC_15comp_1", "cornername": "Nominal", "point": 1, "logfile": "/root/Documents/GPS/logs_root/logs0/Job13.log", "nodename": "islcadence1", "domainname": "(none)", "machine": "x86_64", "sysname": "Linux", "release": "3.10.0-1160.el7.x86_64", "version": "#1 SMP Tue Aug 18 14:50:17 EDT 2020"}
[2023-03-14 17:05:19.715 +0530] [PROCESS] [cadence.virtuoso.ade.spectreMonitor] - UsageInfo:
pid=18076
totalPhysicalMemory=15.303967GB,Used=5.898170GB,totalVirtualMemory=22.928963GB,Used=5.898170GB
Cpu: Cores=8, Load average:0.520000,0.340000,0.270000 : {"hostname": "islcadence1", "processid": 18076, "history": "ExplorerRun.0", "testname": "ADC_15comp_1", "cornername": "Nominal", "point": 1, "logfile": "/root/Documents/GPS/logs_root/logs0/Job13.log", "pid": "18076", "totalPhysicalMemory": "15.303967", "physicalMemoryUsed": "5.898170", "totalVirtualMemory": "22.928963", "virtualMemoryUsed": "5.898170", "cpuCores": "8", "processes": "654", "loadAverage1": "0.520000", "loadAverage5": "0.340000", "loadAverage15": "0.270000", "loadAverage1Percent": "0.065000"}
[2023-03-14 17:05:19.718 +0530] [EVENT] [cadence.virtuoso.ade.spectreMonitor] - NewPoint : {"history": "ExplorerRun.0", "point": 1, "testname": "ADC_15comp_1", "cornername": "Nominal", "event": "NewPoint", "EventSource": "Spectre Monitor", "HistoryName": "ExplorerRun.0", "logFile": "/root/Documents/GPS/logs_root/logs0/Job13.log", "logFileSize": "26557"}
[2023-03-14 17:05:19.718 +0530] [EVENT] [cadence.virtuoso.ade.spectreMonitor] - NewPoint : {"history": "ExplorerRun.0", "point": 1, "testname": "ADC_15comp_1", "cornername": "Nominal", "event": "NewPoint", "EventSource": "spectre", "HistoryName": "ExplorerRun.0", "logFile": "/root/simulation/ADC/15comp/maestro/results/maestro/ExplorerRun.0/1/ADC_15comp_1/psf/spectre.out", "logFileSize": "-1"}
[2023-03-14 17:05:19.721 +0530] [PROCESS] [cadence.virtuoso.ade.spectreMonitor] - Launched simulator : {"hostname": "islcadence1", "processid": 18076, "history": "ExplorerRun.0", "testname": "ADC_15comp_1", "cornername": "Nominal", "point": 1, "logfile": "/root/Documents/GPS/logs_root/logs0/Job13.log", "simid": "4"}
[2023-03-14 17:05:19.722 +0530] [PROCESS] [cadence.virtuoso.ade.spectreMonitor] - Launched evaluator : {"hostname": "islcadence1", "processid": 18076, "history": "ExplorerRun.0", "testname": "ADC_15comp_1", "cornername": "Nominal", "point": 1, "logfile": "/root/Documents/GPS/logs_root/logs0/Job13.log"}
[2023-03-14 17:05:20.287 +0530] [INFO] [cadence.virtuoso.ade.spectreMonitor] - Peak resident memory used = 69.3 Mbytes. : {"history": "ExplorerRun.0", "point": 1, "testname": "ADC_15comp_1", "cornername": "Nominal"}
[2023-03-14 17:05:20.287 +0530] [INFO] [cadence.virtuoso.ade.spectreMonitor] - Peak resident memory used = 77.6 Mbytes. : {"history": "ExplorerRun.0", "point": 1, "testname": "ADC_15comp_1", "cornername": "Nominal"}
[2023-03-14 17:05:20.287 +0530] [WARN] [cadence.virtuoso.ade.spectreMonitor] -     WARNING (SPECTRE-17101): The value 'psf' specified for the 'checklimitdest' option will no longer be supported in future releases. Use 'spectre -h' to see other recommended values for the 'checklimitdest' option. : {"history": "ExplorerRun.0", "point": 1, "testname": "ADC_15comp_1", "cornername": "Nominal"}
[2023-03-14 17:05:20.287 +0530] [INFO] [cadence.virtuoso.ade.spectreMonitor] - Peak resident memory used = 79.1 Mbytes. : {"history": "ExplorerRun.0", "point": 1, "testname": "ADC_15comp_1", "cornername": "Nominal"}
[2023-03-14 17:05:20.288 +0530] [INFO] [cadence.virtuoso.ade.spectreMonitor] - Notice from spectre during initial setup.
    Multithreading is disabled due to the size of the design being too small. : {"history": "ExplorerRun.0", "point": 1, "testname": "ADC_15comp_1", "cornername": "Nominal"}
[2023-03-14 17:05:20.288 +0530] [INFO] [cadence.virtuoso.ade.spectreMonitor] -               nodes 186 : {"history": "ExplorerRun.0", "point": 1, "testname": "ADC_15comp_1", "cornername": "Nominal"}
[2023-03-14 17:05:20.288 +0530] [INFO] [cadence.virtuoso.ade.spectreMonitor] - Notice from spectre during initial setup.
    APS enabled. : {"history": "ExplorerRun.0", "point": 1, "testname": "ADC_15comp_1", "cornername": "Nominal"}
[2023-03-14 17:05:20.288 +0530] [INFO] [cadence.virtuoso.ade.spectreMonitor] - Peak resident memory used = 80.6 Mbytes. : {"history": "ExplorerRun.0", "point": 1, "testname": "ADC_15comp_1", "cornername": "Nominal"}
[2023-03-14 17:05:20.289 +0530] [INFO] [cadence.virtuoso.ade.spectreMonitor] - Notice from spectre during IC analysis, during transient analysis `tran'.
    GminDC = 1 pS is large enough to noticeably affect the DC solution.
        dV(I0.net8) = 1.20385 mV
        Use the `gmin_check' option to eliminate or expand this report. : {"history": "ExplorerRun.0", "point": 1, "testname": "ADC_15comp_1", "cornername": "Nominal"}
[2023-03-14 17:05:20.289 +0530] [INFO] [cadence.virtuoso.ade.spectreMonitor] - Notice from spectre during transient analysis `tran'.
    Multithreading is disabled due to the size of the design being too small. : {"history": "ExplorerRun.0", "point": 1, "testname": "ADC_15comp_1", "cornername": "Nominal"}
[2023-03-14 17:05:22.792 +0530] [PROCESS] [cadence.virtuoso.ade.spectreMonitor] - Finished simulating for one point : {"hostname": "islcadence1", "processid": 18076, "history": "ExplorerRun.0", "testname": "ADC_15comp_1", "cornername": "Nominal", "point": 1, "logfile": "/root/Documents/GPS/logs_root/logs0/Job13.log", "simid": "4"}
[2023-03-14 17:05:22.793 +0530] [INFO] [cadence.virtuoso.ade.spectreMonitor] - Total time required for tran analysis `tran': CPU = 2.20025 s, elapsed = 2.22104 s. : {"history": "ExplorerRun.0", "point": 1, "testname": "ADC_15comp_1", "cornername": "Nominal"}
[2023-03-14 17:05:22.793 +0530] [INFO] [cadence.virtuoso.ade.spectreMonitor] - Peak resident memory used = 116 Mbytes. : {"history": "ExplorerRun.0", "point": 1, "testname": "ADC_15comp_1", "cornername": "Nominal"}
[2023-03-14 17:05:22.793 +0530] [INFO] [cadence.virtuoso.ade.spectreMonitor] - Time used: CPU = 2.38 s, elapsed = 2.74 s, util. = 86.9%. : {"history": "ExplorerRun.0", "point": 1, "testname": "ADC_15comp_1", "cornername": "Nominal"}
[2023-03-14 17:05:22.794 +0530] [INFO] [cadence.virtuoso.ade.spectreMonitor] - Time spent in licensing: elapsed = 73.8 ms. : {"history": "ExplorerRun.0", "point": 1, "testname": "ADC_15comp_1", "cornername": "Nominal"}
[2023-03-14 17:05:22.794 +0530] [INFO] [cadence.virtuoso.ade.spectreMonitor] - Peak memory used = 116 Mbytes. : {"history": "ExplorerRun.0", "point": 1, "testname": "ADC_15comp_1", "cornername": "Nominal"}
[2023-03-14 17:05:22.794 +0530] [PROCESS] [cadence.virtuoso.ade.spectreMonitor] - Simulation started at: 5:05:19 PM, Tue Mar 14, 2023, ended at: 5:05:22 PM, Tue Mar 14, 2023, with elapsed time (wall clock): 2.74 s. : {"history": "ExplorerRun.0", "point": 1, "testname": "ADC_15comp_1", "cornername": "Nominal"}
[2023-03-14 17:05:22.794 +0530] [PROCESS] [cadence.virtuoso.ade.spectreMonitor] - spectre completes with 0 errors, 1 warning, and 5 notices. : {"history": "ExplorerRun.0", "point": 1, "testname": "ADC_15comp_1", "cornername": "Nominal"}
[2023-03-14 17:05:22.794 +0530] [PROCESS] [cadence.virtuoso.ade.spectreMonitor] - Finished Simulation : {"hostname": "islcadence1", "processid": 18076, "history": "ExplorerRun.0", "testname": "ADC_15comp_1", "cornername": "Nominal", "point": 1, "logfile": "/root/Documents/GPS/logs_root/logs0/Job13.log", "simid": "4"}
[2023-03-14 17:05:23.798 +0530] [PROCESS] [cadence.virtuoso.ade.spectreMonitor] - Point Finished : {"hostname": "islcadence1", "processid": 18076, "history": "ExplorerRun.0", "testname": "ADC_15comp_1", "cornername": "Nominal", "point": 1, "logfile": "/root/Documents/GPS/logs_root/logs0/Job13.log"}
[2023-03-14 17:07:10.105 +0530] [PROCESS] [cadence.virtuoso.ade.spectreMonitor] - HostInfo:
Host name (type):	islcadence1 (x86_64)
Operating system:	Linux 3.10.0-1160.el7.x86_64 #1 SMP Tue Aug 18 14:50:17 EDT 2020 : {"hostname": "islcadence1", "processid": 18076, "history": "ExplorerRun.0", "testname": "ADC_15comp_1", "cornername": "Nominal", "point": 1, "logfile": "/root/Documents/GPS/logs_root/logs0/Job13.log", "nodename": "islcadence1", "domainname": "(none)", "machine": "x86_64", "sysname": "Linux", "release": "3.10.0-1160.el7.x86_64", "version": "#1 SMP Tue Aug 18 14:50:17 EDT 2020"}
[2023-03-14 17:07:10.105 +0530] [PROCESS] [cadence.virtuoso.ade.spectreMonitor] - UsageInfo:
pid=18076
totalPhysicalMemory=15.303967GB,Used=5.905460GB,totalVirtualMemory=22.928963GB,Used=5.905460GB
Cpu: Cores=8, Load average:0.290000,0.320000,0.270000 : {"hostname": "islcadence1", "processid": 18076, "history": "ExplorerRun.0", "testname": "ADC_15comp_1", "cornername": "Nominal", "point": 1, "logfile": "/root/Documents/GPS/logs_root/logs0/Job13.log", "pid": "18076", "totalPhysicalMemory": "15.303967", "physicalMemoryUsed": "5.905460", "totalVirtualMemory": "22.928963", "virtualMemoryUsed": "5.905460", "cpuCores": "8", "processes": "652", "loadAverage1": "0.290000", "loadAverage5": "0.320000", "loadAverage15": "0.270000", "loadAverage1Percent": "0.036250"}
[2023-03-14 17:07:10.108 +0530] [EVENT] [cadence.virtuoso.ade.spectreMonitor] - NewPoint : {"history": "ExplorerRun.0", "point": 1, "testname": "ADC_15comp_1", "cornername": "Nominal", "event": "NewPoint", "EventSource": "Spectre Monitor", "HistoryName": "ExplorerRun.0", "logFile": "/root/Documents/GPS/logs_root/logs0/Job13.log", "logFileSize": "34642"}
[2023-03-14 17:07:10.108 +0530] [EVENT] [cadence.virtuoso.ade.spectreMonitor] - NewPoint : {"history": "ExplorerRun.0", "point": 1, "testname": "ADC_15comp_1", "cornername": "Nominal", "event": "NewPoint", "EventSource": "spectre", "HistoryName": "ExplorerRun.0", "logFile": "/root/simulation/ADC/15comp/maestro/results/maestro/ExplorerRun.0/1/ADC_15comp_1/psf/spectre.out", "logFileSize": "-1"}
[2023-03-14 17:07:10.111 +0530] [PROCESS] [cadence.virtuoso.ade.spectreMonitor] - Launched simulator : {"hostname": "islcadence1", "processid": 18076, "history": "ExplorerRun.0", "testname": "ADC_15comp_1", "cornername": "Nominal", "point": 1, "logfile": "/root/Documents/GPS/logs_root/logs0/Job13.log", "simid": "5"}
[2023-03-14 17:07:10.112 +0530] [PROCESS] [cadence.virtuoso.ade.spectreMonitor] - Launched evaluator : {"hostname": "islcadence1", "processid": 18076, "history": "ExplorerRun.0", "testname": "ADC_15comp_1", "cornername": "Nominal", "point": 1, "logfile": "/root/Documents/GPS/logs_root/logs0/Job13.log"}
[2023-03-14 17:07:32.759 +0530] [INFO] [cadence.virtuoso.ade.spectreMonitor] - Notice from spectre during license check-out.
    Waiting for available license for Spectre. : {"history": "ExplorerRun.0", "point": 1, "testname": "ADC_15comp_1", "cornername": "Nominal"}
[2023-03-14 17:08:09.901 +0530] [PROCESS] [cadence.virtuoso.ade.spectreMonitor] - Finished simulating for one point : {"hostname": "islcadence1", "processid": 18076, "history": "ExplorerRun.0", "testname": "ADC_15comp_1", "cornername": "Nominal", "point": 1, "logfile": "/root/Documents/GPS/logs_root/logs0/Job13.log", "simid": "5"}
[2023-03-14 17:08:09.976 +0530] [PROCESS] [cadence.virtuoso.ade.spectreMonitor] - Finished Simulation : {"hostname": "islcadence1", "processid": 18076, "history": "ExplorerRun.0", "testname": "ADC_15comp_1", "cornername": "Nominal", "point": 1, "logfile": "/root/Documents/GPS/logs_root/logs0/Job13.log", "simid": "5"}
[2023-03-14 17:08:09.977 +0530] [PROCESS] [cadence.virtuoso.ade.spectreMonitor] - Current memory used: 23.6992 MBytes, peak memory used: 23.6992 MBytes : {"hostname": "islcadence1", "processid": 18076, "history": "ExplorerRun.0", "testname": "ADC_15comp_1", "cornername": "Nominal", "point": 1, "logfile": "/root/Documents/GPS/logs_root/logs0/Job13.log"}
[2023-03-14 17:08:09.977 +0530] [PROCESS] [cadence.virtuoso.ade.spectreMonitor] - Spectre Monitor process exit. : {"hostname": "islcadence1", "processid": 18076, "history": "ExplorerRun.0", "testname": "ADC_15comp_1", "cornername": "Nominal", "point": 1, "logfile": "/root/Documents/GPS/logs_root/logs0/Job13.log"}
