[Spectre Monitor: 19]
[2023-03-21 15:46:14.860 +0530] [PROCESS] [cadence.virtuoso.ade.spectreMonitor] - Spectre Monitor has successfully started up. Trying to set up communication channels to other components ... : {"hostname": "islcadence1", "processid": 10418, "logfile": "/root/Documents/vvgh/GPS/logs_root/logs0/Job19.log"}
[2023-03-21 15:46:14.861 +0530] [PROCESS] [cadence.virtuoso.ade.spectreMonitor] - Started History : {"hostname": "islcadence1", "processid": 10418, "history": "ExplorerRun.0", "logfile": "/root/Documents/vvgh/GPS/logs_root/logs0/Job19.log"}
[2023-03-21 15:46:14.894 +0530] [PROCESS] [cadence.virtuoso.ade.spectreMonitor] - Communication channels have been successfully set up. Start processing events ... : {"hostname": "islcadence1", "processid": 10418, "history": "ExplorerRun.0", "logfile": "/root/Documents/vvgh/GPS/logs_root/logs0/Job19.log"}
[2023-03-21 15:46:14.975 +0530] [PROCESS] [cadence.virtuoso.ade.spectreMonitor] - HostInfo:
Host name (type):	islcadence1 (x86_64)
Operating system:	Linux 3.10.0-1160.el7.x86_64 #1 SMP Tue Aug 18 14:50:17 EDT 2020 : {"hostname": "islcadence1", "processid": 10418, "history": "ExplorerRun.0", "logfile": "/root/Documents/vvgh/GPS/logs_root/logs0/Job19.log", "nodename": "islcadence1", "domainname": "(none)", "machine": "x86_64", "sysname": "Linux", "release": "3.10.0-1160.el7.x86_64", "version": "#1 SMP Tue Aug 18 14:50:17 EDT 2020"}
[2023-03-21 15:46:14.975 +0530] [PROCESS] [cadence.virtuoso.ade.spectreMonitor] - UsageInfo:
pid=10418
totalPhysicalMemory=15.303967GB,Used=7.883179GB,totalVirtualMemory=22.928963GB,Used=7.883179GB
Cpu: Cores=8, Load average:0.220000,0.240000,0.280000 : {"hostname": "islcadence1", "processid": 10418, "history": "ExplorerRun.0", "logfile": "/root/Documents/vvgh/GPS/logs_root/logs0/Job19.log", "pid": "10418", "totalPhysicalMemory": "15.303967", "physicalMemoryUsed": "7.883179", "totalVirtualMemory": "22.928963", "virtualMemoryUsed": "7.883179", "cpuCores": "8", "processes": "1042", "loadAverage1": "0.220000", "loadAverage5": "0.240000", "loadAverage15": "0.280000", "loadAverage1Percent": "0.027500"}
[2023-03-21 15:46:14.978 +0530] [EVENT] [cadence.virtuoso.ade.spectreMonitor] - NewPoint : {"history": "ExplorerRun.0", "point": 1, "testname": "ADC_15comp_1", "cornername": "Nominal", "event": "NewPoint", "EventSource": "Spectre Monitor", "HistoryName": "ExplorerRun.0", "logFile": "/root/Documents/vvgh/GPS/logs_root/logs0/Job19.log", "logFileSize": "2119"}
[2023-03-21 15:46:14.978 +0530] [EVENT] [cadence.virtuoso.ade.spectreMonitor] - NewPoint : {"history": "ExplorerRun.0", "point": 1, "testname": "ADC_15comp_1", "cornername": "Nominal", "event": "NewPoint", "EventSource": "spectre", "HistoryName": "ExplorerRun.0", "logFile": "/root/simulation/ADC/15comp/maestro/results/maestro/ExplorerRun.0/1/ADC_15comp_1/psf/spectre.out", "logFileSize": "-1"}
[2023-03-21 15:46:14.993 +0530] [PROCESS] [cadence.virtuoso.ade.spectreMonitor] - Launched simulator : {"hostname": "islcadence1", "processid": 10418, "history": "ExplorerRun.0", "testname": "ADC_15comp_1", "cornername": "Nominal", "point": 1, "logfile": "/root/Documents/vvgh/GPS/logs_root/logs0/Job19.log", "simid": "1"}
[2023-03-21 15:46:14.994 +0530] [PROCESS] [cadence.virtuoso.ade.spectreMonitor] - Launched evaluator : {"hostname": "islcadence1", "processid": 10418, "history": "ExplorerRun.0", "testname": "ADC_15comp_1", "cornername": "Nominal", "point": 1, "logfile": "/root/Documents/vvgh/GPS/logs_root/logs0/Job19.log"}
[2023-03-21 15:46:16.084 +0530] [INFO] [cadence.virtuoso.ade.spectreMonitor] - Peak resident memory used = 70 Mbytes. : {"history": "ExplorerRun.0", "point": 1, "testname": "ADC_15comp_1", "cornername": "Nominal"}
[2023-03-21 15:46:16.084 +0530] [INFO] [cadence.virtuoso.ade.spectreMonitor] - Peak resident memory used = 78.4 Mbytes. : {"history": "ExplorerRun.0", "point": 1, "testname": "ADC_15comp_1", "cornername": "Nominal"}
[2023-03-21 15:46:16.084 +0530] [WARN] [cadence.virtuoso.ade.spectreMonitor] -     WARNING (SPECTRE-17101): The value 'psf' specified for the 'checklimitdest' option will no longer be supported in future releases. Use 'spectre -h' to see other recommended values for the 'checklimitdest' option. : {"history": "ExplorerRun.0", "point": 1, "testname": "ADC_15comp_1", "cornername": "Nominal"}
[2023-03-21 15:46:16.084 +0530] [INFO] [cadence.virtuoso.ade.spectreMonitor] - Peak resident memory used = 80.1 Mbytes. : {"history": "ExplorerRun.0", "point": 1, "testname": "ADC_15comp_1", "cornername": "Nominal"}
[2023-03-21 15:46:16.085 +0530] [INFO] [cadence.virtuoso.ade.spectreMonitor] - Notice from spectre during topology check.
    Only one connection to the following 4 nodes:
        d0
        d1
        d2
        d3 : {"history": "ExplorerRun.0", "point": 1, "testname": "ADC_15comp_1", "cornername": "Nominal"}
[2023-03-21 15:46:16.085 +0530] [INFO] [cadence.virtuoso.ade.spectreMonitor] - Notice from spectre during initial setup.
    Multithreading is disabled due to the size of the design being too small. : {"history": "ExplorerRun.0", "point": 1, "testname": "ADC_15comp_1", "cornername": "Nominal"}
[2023-03-21 15:46:16.085 +0530] [INFO] [cadence.virtuoso.ade.spectreMonitor] -               nodes 200 : {"history": "ExplorerRun.0", "point": 1, "testname": "ADC_15comp_1", "cornername": "Nominal"}
[2023-03-21 15:46:16.086 +0530] [INFO] [cadence.virtuoso.ade.spectreMonitor] - Notice from spectre during initial setup.
    APS enabled. : {"history": "ExplorerRun.0", "point": 1, "testname": "ADC_15comp_1", "cornername": "Nominal"}
[2023-03-21 15:46:16.086 +0530] [INFO] [cadence.virtuoso.ade.spectreMonitor] - Peak resident memory used = 81.7 Mbytes. : {"history": "ExplorerRun.0", "point": 1, "testname": "ADC_15comp_1", "cornername": "Nominal"}
[2023-03-21 15:46:16.086 +0530] [INFO] [cadence.virtuoso.ade.spectreMonitor] - Notice from spectre during IC analysis, during transient analysis `tran'.
    GminDC = 1 pS is large enough to noticeably affect the DC solution.
        dV(vin) = -13.0377 mV
        Use the `gmin_check' option to eliminate or expand this report. : {"history": "ExplorerRun.0", "point": 1, "testname": "ADC_15comp_1", "cornername": "Nominal"}
[2023-03-21 15:46:16.086 +0530] [INFO] [cadence.virtuoso.ade.spectreMonitor] - Notice from spectre during transient analysis `tran'.
    Multithreading is disabled due to the size of the design being too small. : {"history": "ExplorerRun.0", "point": 1, "testname": "ADC_15comp_1", "cornername": "Nominal"}
[2023-03-21 15:46:16.587 +0530] [INFO] [cadence.virtuoso.ade.spectreMonitor] - Notice from spectre at time = 210.95 ns during transient analysis `tran'.
    Found trapezoidal ringing on node I0.P. : {"history": "ExplorerRun.0", "point": 1, "testname": "ADC_15comp_1", "cornername": "Nominal"}
[2023-03-21 15:46:16.588 +0530] [INFO] [cadence.virtuoso.ade.spectreMonitor] - Notice from spectre at time = 212.5 ns during transient analysis `tran'.
    Found trapezoidal ringing on node I0.P. : {"history": "ExplorerRun.0", "point": 1, "testname": "ADC_15comp_1", "cornername": "Nominal"}
[2023-03-21 15:46:16.588 +0530] [INFO] [cadence.virtuoso.ade.spectreMonitor] - Notice from spectre at time = 260.219 ns during transient analysis `tran'.
    Found trapezoidal ringing on node I0.P. : {"history": "ExplorerRun.0", "point": 1, "testname": "ADC_15comp_1", "cornername": "Nominal"}
[2023-03-21 15:46:16.588 +0530] [INFO] [cadence.virtuoso.ade.spectreMonitor] - Notice from spectre at time = 262.5 ns during transient analysis `tran'.
    Found trapezoidal ringing on node I0.P. : {"history": "ExplorerRun.0", "point": 1, "testname": "ADC_15comp_1", "cornername": "Nominal"}
[2023-03-21 15:46:16.588 +0530] [INFO] [cadence.virtuoso.ade.spectreMonitor] - Notice from spectre at time = 312.5 ns during transient analysis `tran'.
    Found trapezoidal ringing on node I0.Q.
        Further occurrences of this notice will be suppressed. : {"history": "ExplorerRun.0", "point": 1, "testname": "ADC_15comp_1", "cornername": "Nominal"}
[2023-03-21 15:46:25.107 +0530] [INFO] [cadence.virtuoso.ade.spectreMonitor] - Notice from spectre during transient analysis `tran'.
    Trapezoidal ringing is detected during tran analysis.
        Please use method=trap for better results and performance. : {"history": "ExplorerRun.0", "point": 1, "testname": "ADC_15comp_1", "cornername": "Nominal"}
[2023-03-21 15:46:26.109 +0530] [INFO] [cadence.virtuoso.ade.spectreMonitor] - Total time required for tran analysis `tran': CPU = 9.41008 s, elapsed = 9.43687 s. : {"history": "ExplorerRun.0", "point": 1, "testname": "ADC_15comp_1", "cornername": "Nominal"}
[2023-03-21 15:46:26.109 +0530] [INFO] [cadence.virtuoso.ade.spectreMonitor] - Peak resident memory used = 198 Mbytes. : {"history": "ExplorerRun.0", "point": 1, "testname": "ADC_15comp_1", "cornername": "Nominal"}
[2023-03-21 15:46:26.109 +0530] [INFO] [cadence.virtuoso.ade.spectreMonitor] - Notice from spectre.
    206 notices suppressed. : {"history": "ExplorerRun.0", "point": 1, "testname": "ADC_15comp_1", "cornername": "Nominal"}
[2023-03-21 15:46:26.610 +0530] [PROCESS] [cadence.virtuoso.ade.spectreMonitor] - Finished simulating for one point : {"hostname": "islcadence1", "processid": 10418, "history": "ExplorerRun.0", "testname": "ADC_15comp_1", "cornername": "Nominal", "point": 1, "logfile": "/root/Documents/vvgh/GPS/logs_root/logs0/Job19.log", "simid": "1"}
[2023-03-21 15:46:26.610 +0530] [INFO] [cadence.virtuoso.ade.spectreMonitor] - Time used: CPU = 9.75 s, elapsed = 11 s, util. = 88.4%. : {"history": "ExplorerRun.0", "point": 1, "testname": "ADC_15comp_1", "cornername": "Nominal"}
[2023-03-21 15:46:26.611 +0530] [INFO] [cadence.virtuoso.ade.spectreMonitor] - Time spent in licensing: elapsed = 272 ms. : {"history": "ExplorerRun.0", "point": 1, "testname": "ADC_15comp_1", "cornername": "Nominal"}
[2023-03-21 15:46:26.611 +0530] [INFO] [cadence.virtuoso.ade.spectreMonitor] - Peak memory used = 199 Mbytes. : {"history": "ExplorerRun.0", "point": 1, "testname": "ADC_15comp_1", "cornername": "Nominal"}
[2023-03-21 15:46:26.611 +0530] [PROCESS] [cadence.virtuoso.ade.spectreMonitor] - Simulation started at: 3:46:15 PM, Tue Mar 21, 2023, ended at: 3:46:26 PM, Tue Mar 21, 2023, with elapsed time (wall clock): 11 s. : {"history": "ExplorerRun.0", "point": 1, "testname": "ADC_15comp_1", "cornername": "Nominal"}
[2023-03-21 15:46:26.612 +0530] [PROCESS] [cadence.virtuoso.ade.spectreMonitor] - spectre completes with 0 errors, 1 warning, and 13 notices. : {"history": "ExplorerRun.0", "point": 1, "testname": "ADC_15comp_1", "cornername": "Nominal"}
[2023-03-21 15:46:26.612 +0530] [PROCESS] [cadence.virtuoso.ade.spectreMonitor] - Finished Simulation : {"hostname": "islcadence1", "processid": 10418, "history": "ExplorerRun.0", "testname": "ADC_15comp_1", "cornername": "Nominal", "point": 1, "logfile": "/root/Documents/vvgh/GPS/logs_root/logs0/Job19.log", "simid": "1"}
[2023-03-21 15:46:28.116 +0530] [PROCESS] [cadence.virtuoso.ade.spectreMonitor] - Point Finished : {"hostname": "islcadence1", "processid": 10418, "history": "ExplorerRun.0", "testname": "ADC_15comp_1", "cornername": "Nominal", "point": 1, "logfile": "/root/Documents/vvgh/GPS/logs_root/logs0/Job19.log"}
[2023-03-21 16:24:49.187 +0530] [PROCESS] [cadence.virtuoso.ade.spectreMonitor] - get signal Terminated<15> from user:root, which pid:10341:/home/install/IC618/tools/bin/64bit/cdsServIpc : {"hostname": "islcadence1", "processid": 10418, "history": "ExplorerRun.0", "testname": "ADC_15comp_1", "cornername": "Nominal", "point": 1, "logfile": "/root/Documents/vvgh/GPS/logs_root/logs0/Job19.log", "signal": "15", "signalName": "Terminated", "which": "/home/install/IC618/tools/bin/64bit/cdsServIpc", "pid": "10341", "user": "root", "uid": "0"}
[2023-03-21 16:24:49.188 +0530] [PROCESS] [cadence.virtuoso.ade.spectreMonitor] - Current memory used: 23.7422 MBytes, peak memory used: 23.7422 MBytes : {"hostname": "islcadence1", "processid": 10418, "history": "ExplorerRun.0", "testname": "ADC_15comp_1", "cornername": "Nominal", "point": 1, "logfile": "/root/Documents/vvgh/GPS/logs_root/logs0/Job19.log"}
[2023-03-21 16:24:49.188 +0530] [PROCESS] [cadence.virtuoso.ade.spectreMonitor] - Spectre Monitor process exit. : {"hostname": "islcadence1", "processid": 10418, "history": "ExplorerRun.0", "testname": "ADC_15comp_1", "cornername": "Nominal", "point": 1, "logfile": "/root/Documents/vvgh/GPS/logs_root/logs0/Job19.log"}
