[Spectre Monitor: 15]
[2023-03-14 15:28:50.289 +0530] [PROCESS] [cadence.virtuoso.ade.spectreMonitor] - Spectre Monitor has successfully started up. Trying to set up communication channels to other components ... : {"hostname": "islcadence2", "processid": 17307, "logfile": "/root/Documents/vvgh/GPS/logs_root/logs0/Job15.log"}
[2023-03-14 15:28:50.289 +0530] [PROCESS] [cadence.virtuoso.ade.spectreMonitor] - Started History : {"hostname": "islcadence2", "processid": 17307, "history": "ExplorerRun.0", "logfile": "/root/Documents/vvgh/GPS/logs_root/logs0/Job15.log"}
[2023-03-14 15:28:50.321 +0530] [PROCESS] [cadence.virtuoso.ade.spectreMonitor] - Communication channels have been successfully set up. Start processing events ... : {"hostname": "islcadence2", "processid": 17307, "history": "ExplorerRun.0", "logfile": "/root/Documents/vvgh/GPS/logs_root/logs0/Job15.log"}
[2023-03-14 15:28:50.404 +0530] [PROCESS] [cadence.virtuoso.ade.spectreMonitor] - HostInfo:
Host name (type):	islcadence2 (x86_64)
Operating system:	Linux 3.10.0-1160.el7.x86_64 #1 SMP Tue Aug 18 14:50:17 EDT 2020 : {"hostname": "islcadence2", "processid": 17307, "history": "ExplorerRun.0", "logfile": "/root/Documents/vvgh/GPS/logs_root/logs0/Job15.log", "nodename": "islcadence2", "domainname": "(none)", "machine": "x86_64", "sysname": "Linux", "release": "3.10.0-1160.el7.x86_64", "version": "#1 SMP Tue Aug 18 14:50:17 EDT 2020"}
[2023-03-14 15:28:50.405 +0530] [PROCESS] [cadence.virtuoso.ade.spectreMonitor] - UsageInfo:
pid=17307
totalPhysicalMemory=15.394783GB,Used=6.906673GB,totalVirtualMemory=23.144779GB,Used=6.906673GB
Cpu: Cores=8, Load average:0.150000,0.090000,0.140000 : {"hostname": "islcadence2", "processid": 17307, "history": "ExplorerRun.0", "logfile": "/root/Documents/vvgh/GPS/logs_root/logs0/Job15.log", "pid": "17307", "totalPhysicalMemory": "15.394783", "physicalMemoryUsed": "6.906673", "totalVirtualMemory": "23.144779", "virtualMemoryUsed": "6.906673", "cpuCores": "8", "processes": "673", "loadAverage1": "0.150000", "loadAverage5": "0.090000", "loadAverage15": "0.140000", "loadAverage1Percent": "0.018750"}
[2023-03-14 15:28:50.408 +0530] [EVENT] [cadence.virtuoso.ade.spectreMonitor] - NewPoint : {"history": "ExplorerRun.0", "point": 1, "testname": "adc_nmos_char_1", "cornername": "Nominal", "event": "NewPoint", "EventSource": "Spectre Monitor", "HistoryName": "ExplorerRun.0", "logFile": "/root/Documents/vvgh/GPS/logs_root/logs0/Job15.log", "logFileSize": "2118"}
[2023-03-14 15:28:50.408 +0530] [EVENT] [cadence.virtuoso.ade.spectreMonitor] - NewPoint : {"history": "ExplorerRun.0", "point": 1, "testname": "adc_nmos_char_1", "cornername": "Nominal", "event": "NewPoint", "EventSource": "spectre", "HistoryName": "ExplorerRun.0", "logFile": "/root/simulation/ADC/nmos_char/maestro/results/maestro/ExplorerRun.0/1/adc_nmos_char_1/psf/spectre.out", "logFileSize": "-1"}
[2023-03-14 15:28:50.411 +0530] [PROCESS] [cadence.virtuoso.ade.spectreMonitor] - Launched simulator : {"hostname": "islcadence2", "processid": 17307, "history": "ExplorerRun.0", "testname": "adc_nmos_char_1", "cornername": "Nominal", "point": 1, "logfile": "/root/Documents/vvgh/GPS/logs_root/logs0/Job15.log", "simid": "1"}
[2023-03-14 15:28:50.413 +0530] [PROCESS] [cadence.virtuoso.ade.spectreMonitor] - Launched evaluator : {"hostname": "islcadence2", "processid": 17307, "history": "ExplorerRun.0", "testname": "adc_nmos_char_1", "cornername": "Nominal", "point": 1, "logfile": "/root/Documents/vvgh/GPS/logs_root/logs0/Job15.log"}
[2023-03-14 15:28:50.986 +0530] [INFO] [cadence.virtuoso.ade.spectreMonitor] - Peak resident memory used = 70.6 Mbytes. : {"history": "ExplorerRun.0", "point": 1, "testname": "adc_nmos_char_1", "cornername": "Nominal"}
[2023-03-14 15:28:50.986 +0530] [INFO] [cadence.virtuoso.ade.spectreMonitor] - Peak resident memory used = 77.8 Mbytes. : {"history": "ExplorerRun.0", "point": 1, "testname": "adc_nmos_char_1", "cornername": "Nominal"}
[2023-03-14 15:28:50.986 +0530] [WARN] [cadence.virtuoso.ade.spectreMonitor] -     WARNING (SPECTRE-17101): The value 'psf' specified for the 'checklimitdest' option will no longer be supported in future releases. Use 'spectre -h' to see other recommended values for the 'checklimitdest' option. : {"history": "ExplorerRun.0", "point": 1, "testname": "adc_nmos_char_1", "cornername": "Nominal"}
[2023-03-14 15:28:50.987 +0530] [INFO] [cadence.virtuoso.ade.spectreMonitor] - Peak resident memory used = 78.6 Mbytes. : {"history": "ExplorerRun.0", "point": 1, "testname": "adc_nmos_char_1", "cornername": "Nominal"}
[2023-03-14 15:28:50.987 +0530] [INFO] [cadence.virtuoso.ade.spectreMonitor] - Notice from spectre during initial setup.
    Multithreading is disabled due to the size of the design being too small. : {"history": "ExplorerRun.0", "point": 1, "testname": "adc_nmos_char_1", "cornername": "Nominal"}
[2023-03-14 15:28:50.987 +0530] [INFO] [cadence.virtuoso.ade.spectreMonitor] -               nodes 3 : {"history": "ExplorerRun.0", "point": 1, "testname": "adc_nmos_char_1", "cornername": "Nominal"}
[2023-03-14 15:28:50.988 +0530] [INFO] [cadence.virtuoso.ade.spectreMonitor] - Notice from spectre during initial setup.
    APS enabled. : {"history": "ExplorerRun.0", "point": 1, "testname": "adc_nmos_char_1", "cornername": "Nominal"}
[2023-03-14 15:28:50.988 +0530] [INFO] [cadence.virtuoso.ade.spectreMonitor] - Peak resident memory used = 80 Mbytes. : {"history": "ExplorerRun.0", "point": 1, "testname": "adc_nmos_char_1", "cornername": "Nominal"}
[2023-03-14 15:28:50.988 +0530] [INFO] [cadence.virtuoso.ade.spectreMonitor] - Total time required for dc analysis `dcOp': CPU = 2.076 ms, elapsed = 16.789 ms. : {"history": "ExplorerRun.0", "point": 1, "testname": "adc_nmos_char_1", "cornername": "Nominal"}
[2023-03-14 15:28:50.988 +0530] [INFO] [cadence.virtuoso.ade.spectreMonitor] - Peak resident memory used = 81.7 Mbytes. : {"history": "ExplorerRun.0", "point": 1, "testname": "adc_nmos_char_1", "cornername": "Nominal"}
[2023-03-14 15:28:51.488 +0530] [PROCESS] [cadence.virtuoso.ade.spectreMonitor] - Finished simulating for one point : {"hostname": "islcadence2", "processid": 17307, "history": "ExplorerRun.0", "testname": "adc_nmos_char_1", "cornername": "Nominal", "point": 1, "logfile": "/root/Documents/vvgh/GPS/logs_root/logs0/Job15.log", "simid": "1"}
[2023-03-14 15:28:51.488 +0530] [INFO] [cadence.virtuoso.ade.spectreMonitor] - Time used: CPU = 157 ms, elapsed = 422 ms, util. = 37.2%. : {"history": "ExplorerRun.0", "point": 1, "testname": "adc_nmos_char_1", "cornername": "Nominal"}
[2023-03-14 15:28:51.489 +0530] [INFO] [cadence.virtuoso.ade.spectreMonitor] - Time spent in licensing: elapsed = 87.2 ms, percentage of total = 20.7%. : {"history": "ExplorerRun.0", "point": 1, "testname": "adc_nmos_char_1", "cornername": "Nominal"}
[2023-03-14 15:28:51.489 +0530] [INFO] [cadence.virtuoso.ade.spectreMonitor] - Peak memory used = 83.3 Mbytes. : {"history": "ExplorerRun.0", "point": 1, "testname": "adc_nmos_char_1", "cornername": "Nominal"}
[2023-03-14 15:28:51.489 +0530] [PROCESS] [cadence.virtuoso.ade.spectreMonitor] - Simulation started at: 3:28:50 PM, Tue Mar 14, 2023, ended at: 3:28:50 PM, Tue Mar 14, 2023, with elapsed time (wall clock): 422 ms. : {"history": "ExplorerRun.0", "point": 1, "testname": "adc_nmos_char_1", "cornername": "Nominal"}
[2023-03-14 15:28:51.489 +0530] [PROCESS] [cadence.virtuoso.ade.spectreMonitor] - spectre completes with 0 errors, 1 warning, and 3 notices. : {"history": "ExplorerRun.0", "point": 1, "testname": "adc_nmos_char_1", "cornername": "Nominal"}
[2023-03-14 15:28:51.489 +0530] [PROCESS] [cadence.virtuoso.ade.spectreMonitor] - Finished Simulation : {"hostname": "islcadence2", "processid": 17307, "history": "ExplorerRun.0", "testname": "adc_nmos_char_1", "cornername": "Nominal", "point": 1, "logfile": "/root/Documents/vvgh/GPS/logs_root/logs0/Job15.log", "simid": "1"}
[2023-03-14 15:28:53.491 +0530] [PROCESS] [cadence.virtuoso.ade.spectreMonitor] - Point Finished : {"hostname": "islcadence2", "processid": 17307, "history": "ExplorerRun.0", "testname": "adc_nmos_char_1", "cornername": "Nominal", "point": 1, "logfile": "/root/Documents/vvgh/GPS/logs_root/logs0/Job15.log"}
[2023-03-14 15:29:42.810 +0530] [PROCESS] [cadence.virtuoso.ade.spectreMonitor] - HostInfo:
Host name (type):	islcadence2 (x86_64)
Operating system:	Linux 3.10.0-1160.el7.x86_64 #1 SMP Tue Aug 18 14:50:17 EDT 2020 : {"hostname": "islcadence2", "processid": 17307, "history": "ExplorerRun.0", "testname": "adc_nmos_char_1", "cornername": "Nominal", "point": 1, "logfile": "/root/Documents/vvgh/GPS/logs_root/logs0/Job15.log", "nodename": "islcadence2", "domainname": "(none)", "machine": "x86_64", "sysname": "Linux", "release": "3.10.0-1160.el7.x86_64", "version": "#1 SMP Tue Aug 18 14:50:17 EDT 2020"}
[2023-03-14 15:29:42.811 +0530] [PROCESS] [cadence.virtuoso.ade.spectreMonitor] - UsageInfo:
pid=17307
totalPhysicalMemory=15.394783GB,Used=6.923096GB,totalVirtualMemory=23.144779GB,Used=6.923096GB
Cpu: Cores=8, Load average:0.190000,0.110000,0.140000 : {"hostname": "islcadence2", "processid": 17307, "history": "ExplorerRun.0", "testname": "adc_nmos_char_1", "cornername": "Nominal", "point": 1, "logfile": "/root/Documents/vvgh/GPS/logs_root/logs0/Job15.log", "pid": "17307", "totalPhysicalMemory": "15.394783", "physicalMemoryUsed": "6.923096", "totalVirtualMemory": "23.144779", "virtualMemoryUsed": "6.923096", "cpuCores": "8", "processes": "674", "loadAverage1": "0.190000", "loadAverage5": "0.110000", "loadAverage15": "0.140000", "loadAverage1Percent": "0.023750"}
[2023-03-14 15:29:42.814 +0530] [EVENT] [cadence.virtuoso.ade.spectreMonitor] - NewPoint : {"history": "ExplorerRun.0", "point": 1, "testname": "adc_nmos_char_1", "cornername": "Nominal", "event": "NewPoint", "EventSource": "Spectre Monitor", "HistoryName": "ExplorerRun.0", "logFile": "/root/Documents/vvgh/GPS/logs_root/logs0/Job15.log", "logFileSize": "9611"}
[2023-03-14 15:29:42.814 +0530] [EVENT] [cadence.virtuoso.ade.spectreMonitor] - NewPoint : {"history": "ExplorerRun.0", "point": 1, "testname": "adc_nmos_char_1", "cornername": "Nominal", "event": "NewPoint", "EventSource": "spectre", "HistoryName": "ExplorerRun.0", "logFile": "/root/simulation/ADC/nmos_char/maestro/results/maestro/ExplorerRun.0/1/adc_nmos_char_1/psf/spectre.out", "logFileSize": "-1"}
[2023-03-14 15:29:42.818 +0530] [PROCESS] [cadence.virtuoso.ade.spectreMonitor] - Launched simulator : {"hostname": "islcadence2", "processid": 17307, "history": "ExplorerRun.0", "testname": "adc_nmos_char_1", "cornername": "Nominal", "point": 1, "logfile": "/root/Documents/vvgh/GPS/logs_root/logs0/Job15.log", "simid": "2"}
[2023-03-14 15:29:42.820 +0530] [PROCESS] [cadence.virtuoso.ade.spectreMonitor] - Launched evaluator : {"hostname": "islcadence2", "processid": 17307, "history": "ExplorerRun.0", "testname": "adc_nmos_char_1", "cornername": "Nominal", "point": 1, "logfile": "/root/Documents/vvgh/GPS/logs_root/logs0/Job15.log"}
[2023-03-14 15:29:43.390 +0530] [INFO] [cadence.virtuoso.ade.spectreMonitor] - Peak resident memory used = 70.4 Mbytes. : {"history": "ExplorerRun.0", "point": 1, "testname": "adc_nmos_char_1", "cornername": "Nominal"}
[2023-03-14 15:29:43.391 +0530] [INFO] [cadence.virtuoso.ade.spectreMonitor] - Peak resident memory used = 77.5 Mbytes. : {"history": "ExplorerRun.0", "point": 1, "testname": "adc_nmos_char_1", "cornername": "Nominal"}
[2023-03-14 15:29:43.391 +0530] [WARN] [cadence.virtuoso.ade.spectreMonitor] -     WARNING (SPECTRE-17101): The value 'psf' specified for the 'checklimitdest' option will no longer be supported in future releases. Use 'spectre -h' to see other recommended values for the 'checklimitdest' option. : {"history": "ExplorerRun.0", "point": 1, "testname": "adc_nmos_char_1", "cornername": "Nominal"}
[2023-03-14 15:29:43.391 +0530] [INFO] [cadence.virtuoso.ade.spectreMonitor] - Peak resident memory used = 78.3 Mbytes. : {"history": "ExplorerRun.0", "point": 1, "testname": "adc_nmos_char_1", "cornername": "Nominal"}
[2023-03-14 15:29:43.391 +0530] [INFO] [cadence.virtuoso.ade.spectreMonitor] - Notice from spectre during initial setup.
    Multithreading is disabled due to the size of the design being too small. : {"history": "ExplorerRun.0", "point": 1, "testname": "adc_nmos_char_1", "cornername": "Nominal"}
[2023-03-14 15:29:43.391 +0530] [INFO] [cadence.virtuoso.ade.spectreMonitor] -               nodes 3 : {"history": "ExplorerRun.0", "point": 1, "testname": "adc_nmos_char_1", "cornername": "Nominal"}
[2023-03-14 15:29:43.391 +0530] [INFO] [cadence.virtuoso.ade.spectreMonitor] - Notice from spectre during initial setup.
    APS enabled. : {"history": "ExplorerRun.0", "point": 1, "testname": "adc_nmos_char_1", "cornername": "Nominal"}
[2023-03-14 15:29:43.392 +0530] [INFO] [cadence.virtuoso.ade.spectreMonitor] - Peak resident memory used = 79.7 Mbytes. : {"history": "ExplorerRun.0", "point": 1, "testname": "adc_nmos_char_1", "cornername": "Nominal"}
[2023-03-14 15:29:43.392 +0530] [INFO] [cadence.virtuoso.ade.spectreMonitor] - Total time required for dc analysis `dcOp': CPU = 2.026 ms, elapsed = 25.1012 ms. : {"history": "ExplorerRun.0", "point": 1, "testname": "adc_nmos_char_1", "cornername": "Nominal"}
[2023-03-14 15:29:43.392 +0530] [INFO] [cadence.virtuoso.ade.spectreMonitor] - Peak resident memory used = 81.5 Mbytes. : {"history": "ExplorerRun.0", "point": 1, "testname": "adc_nmos_char_1", "cornername": "Nominal"}
[2023-03-14 15:29:43.892 +0530] [PROCESS] [cadence.virtuoso.ade.spectreMonitor] - Finished simulating for one point : {"hostname": "islcadence2", "processid": 17307, "history": "ExplorerRun.0", "testname": "adc_nmos_char_1", "cornername": "Nominal", "point": 1, "logfile": "/root/Documents/vvgh/GPS/logs_root/logs0/Job15.log", "simid": "2"}
[2023-03-14 15:29:43.892 +0530] [INFO] [cadence.virtuoso.ade.spectreMonitor] - Time used: CPU = 161 ms, elapsed = 540 ms, util. = 29.8%. : {"history": "ExplorerRun.0", "point": 1, "testname": "adc_nmos_char_1", "cornername": "Nominal"}
[2023-03-14 15:29:43.892 +0530] [INFO] [cadence.virtuoso.ade.spectreMonitor] - Time spent in licensing: elapsed = 87.7 ms, percentage of total = 16.2%. : {"history": "ExplorerRun.0", "point": 1, "testname": "adc_nmos_char_1", "cornername": "Nominal"}
[2023-03-14 15:29:43.893 +0530] [INFO] [cadence.virtuoso.ade.spectreMonitor] - Peak memory used = 83 Mbytes. : {"history": "ExplorerRun.0", "point": 1, "testname": "adc_nmos_char_1", "cornername": "Nominal"}
[2023-03-14 15:29:43.893 +0530] [PROCESS] [cadence.virtuoso.ade.spectreMonitor] - Simulation started at: 3:29:42 PM, Tue Mar 14, 2023, ended at: 3:29:43 PM, Tue Mar 14, 2023, with elapsed time (wall clock): 540 ms. : {"history": "ExplorerRun.0", "point": 1, "testname": "adc_nmos_char_1", "cornername": "Nominal"}
[2023-03-14 15:29:43.893 +0530] [PROCESS] [cadence.virtuoso.ade.spectreMonitor] - spectre completes with 0 errors, 1 warning, and 3 notices. : {"history": "ExplorerRun.0", "point": 1, "testname": "adc_nmos_char_1", "cornername": "Nominal"}
[2023-03-14 15:29:43.893 +0530] [PROCESS] [cadence.virtuoso.ade.spectreMonitor] - Finished Simulation : {"hostname": "islcadence2", "processid": 17307, "history": "ExplorerRun.0", "testname": "adc_nmos_char_1", "cornername": "Nominal", "point": 1, "logfile": "/root/Documents/vvgh/GPS/logs_root/logs0/Job15.log", "simid": "2"}
[2023-03-14 15:29:45.894 +0530] [PROCESS] [cadence.virtuoso.ade.spectreMonitor] - Point Finished : {"hostname": "islcadence2", "processid": 17307, "history": "ExplorerRun.0", "testname": "adc_nmos_char_1", "cornername": "Nominal", "point": 1, "logfile": "/root/Documents/vvgh/GPS/logs_root/logs0/Job15.log"}
[2023-03-14 15:32:02.322 +0530] [PROCESS] [cadence.virtuoso.ade.spectreMonitor] - HostInfo:
Host name (type):	islcadence2 (x86_64)
Operating system:	Linux 3.10.0-1160.el7.x86_64 #1 SMP Tue Aug 18 14:50:17 EDT 2020 : {"hostname": "islcadence2", "processid": 17307, "history": "ExplorerRun.0", "testname": "adc_nmos_char_1", "cornername": "Nominal", "point": 1, "logfile": "/root/Documents/vvgh/GPS/logs_root/logs0/Job15.log", "nodename": "islcadence2", "domainname": "(none)", "machine": "x86_64", "sysname": "Linux", "release": "3.10.0-1160.el7.x86_64", "version": "#1 SMP Tue Aug 18 14:50:17 EDT 2020"}
[2023-03-14 15:32:02.323 +0530] [PROCESS] [cadence.virtuoso.ade.spectreMonitor] - UsageInfo:
pid=17307
totalPhysicalMemory=15.394783GB,Used=6.922943GB,totalVirtualMemory=23.144779GB,Used=6.922943GB
Cpu: Cores=8, Load average:0.050000,0.090000,0.130000 : {"hostname": "islcadence2", "processid": 17307, "history": "ExplorerRun.0", "testname": "adc_nmos_char_1", "cornername": "Nominal", "point": 1, "logfile": "/root/Documents/vvgh/GPS/logs_root/logs0/Job15.log", "pid": "17307", "totalPhysicalMemory": "15.394783", "physicalMemoryUsed": "6.922943", "totalVirtualMemory": "23.144779", "virtualMemoryUsed": "6.922943", "cpuCores": "8", "processes": "673", "loadAverage1": "0.050000", "loadAverage5": "0.090000", "loadAverage15": "0.130000", "loadAverage1Percent": "0.006250"}
[2023-03-14 15:32:02.326 +0530] [EVENT] [cadence.virtuoso.ade.spectreMonitor] - NewPoint : {"history": "ExplorerRun.0", "point": 1, "testname": "adc_nmos_char_1", "cornername": "Nominal", "event": "NewPoint", "EventSource": "Spectre Monitor", "HistoryName": "ExplorerRun.0", "logFile": "/root/Documents/vvgh/GPS/logs_root/logs0/Job15.log", "logFileSize": "17105"}
[2023-03-14 15:32:02.327 +0530] [EVENT] [cadence.virtuoso.ade.spectreMonitor] - NewPoint : {"history": "ExplorerRun.0", "point": 1, "testname": "adc_nmos_char_1", "cornername": "Nominal", "event": "NewPoint", "EventSource": "spectre", "HistoryName": "ExplorerRun.0", "logFile": "/root/simulation/ADC/nmos_char/maestro/results/maestro/ExplorerRun.0/1/adc_nmos_char_1/psf/spectre.out", "logFileSize": "-1"}
[2023-03-14 15:32:02.330 +0530] [PROCESS] [cadence.virtuoso.ade.spectreMonitor] - Launched simulator : {"hostname": "islcadence2", "processid": 17307, "history": "ExplorerRun.0", "testname": "adc_nmos_char_1", "cornername": "Nominal", "point": 1, "logfile": "/root/Documents/vvgh/GPS/logs_root/logs0/Job15.log", "simid": "3"}
[2023-03-14 15:32:02.331 +0530] [PROCESS] [cadence.virtuoso.ade.spectreMonitor] - Launched evaluator : {"hostname": "islcadence2", "processid": 17307, "history": "ExplorerRun.0", "testname": "adc_nmos_char_1", "cornername": "Nominal", "point": 1, "logfile": "/root/Documents/vvgh/GPS/logs_root/logs0/Job15.log"}
[2023-03-14 15:32:02.903 +0530] [INFO] [cadence.virtuoso.ade.spectreMonitor] - Peak resident memory used = 69.4 Mbytes. : {"history": "ExplorerRun.0", "point": 1, "testname": "adc_nmos_char_1", "cornername": "Nominal"}
[2023-03-14 15:32:02.903 +0530] [INFO] [cadence.virtuoso.ade.spectreMonitor] - Peak resident memory used = 76.6 Mbytes. : {"history": "ExplorerRun.0", "point": 1, "testname": "adc_nmos_char_1", "cornername": "Nominal"}
[2023-03-14 15:32:02.903 +0530] [WARN] [cadence.virtuoso.ade.spectreMonitor] -     WARNING (SPECTRE-17101): The value 'psf' specified for the 'checklimitdest' option will no longer be supported in future releases. Use 'spectre -h' to see other recommended values for the 'checklimitdest' option. : {"history": "ExplorerRun.0", "point": 1, "testname": "adc_nmos_char_1", "cornername": "Nominal"}
[2023-03-14 15:32:02.904 +0530] [INFO] [cadence.virtuoso.ade.spectreMonitor] - Peak resident memory used = 77.4 Mbytes. : {"history": "ExplorerRun.0", "point": 1, "testname": "adc_nmos_char_1", "cornername": "Nominal"}
[2023-03-14 15:32:02.904 +0530] [INFO] [cadence.virtuoso.ade.spectreMonitor] - Notice from spectre during initial setup.
    Multithreading is disabled due to the size of the design being too small. : {"history": "ExplorerRun.0", "point": 1, "testname": "adc_nmos_char_1", "cornername": "Nominal"}
[2023-03-14 15:32:02.904 +0530] [INFO] [cadence.virtuoso.ade.spectreMonitor] -               nodes 3 : {"history": "ExplorerRun.0", "point": 1, "testname": "adc_nmos_char_1", "cornername": "Nominal"}
[2023-03-14 15:32:02.904 +0530] [INFO] [cadence.virtuoso.ade.spectreMonitor] - Notice from spectre during initial setup.
    APS enabled. : {"history": "ExplorerRun.0", "point": 1, "testname": "adc_nmos_char_1", "cornername": "Nominal"}
[2023-03-14 15:32:02.904 +0530] [INFO] [cadence.virtuoso.ade.spectreMonitor] - Peak resident memory used = 78.8 Mbytes. : {"history": "ExplorerRun.0", "point": 1, "testname": "adc_nmos_char_1", "cornername": "Nominal"}
[2023-03-14 15:32:02.904 +0530] [INFO] [cadence.virtuoso.ade.spectreMonitor] - Total time required for dc analysis `dcOp': CPU = 1.957 ms, elapsed = 16.6838 ms. : {"history": "ExplorerRun.0", "point": 1, "testname": "adc_nmos_char_1", "cornername": "Nominal"}
[2023-03-14 15:32:02.905 +0530] [INFO] [cadence.virtuoso.ade.spectreMonitor] - Peak resident memory used = 80.5 Mbytes. : {"history": "ExplorerRun.0", "point": 1, "testname": "adc_nmos_char_1", "cornername": "Nominal"}
[2023-03-14 15:32:03.405 +0530] [PROCESS] [cadence.virtuoso.ade.spectreMonitor] - Finished simulating for one point : {"hostname": "islcadence2", "processid": 17307, "history": "ExplorerRun.0", "testname": "adc_nmos_char_1", "cornername": "Nominal", "point": 1, "logfile": "/root/Documents/vvgh/GPS/logs_root/logs0/Job15.log", "simid": "3"}
[2023-03-14 15:32:03.405 +0530] [INFO] [cadence.virtuoso.ade.spectreMonitor] - Time used: CPU = 161 ms, elapsed = 442 ms, util. = 36.4%. : {"history": "ExplorerRun.0", "point": 1, "testname": "adc_nmos_char_1", "cornername": "Nominal"}
[2023-03-14 15:32:03.405 +0530] [INFO] [cadence.virtuoso.ade.spectreMonitor] - Time spent in licensing: elapsed = 89.2 ms, percentage of total = 20.2%. : {"history": "ExplorerRun.0", "point": 1, "testname": "adc_nmos_char_1", "cornername": "Nominal"}
[2023-03-14 15:32:03.405 +0530] [INFO] [cadence.virtuoso.ade.spectreMonitor] - Peak memory used = 82.1 Mbytes. : {"history": "ExplorerRun.0", "point": 1, "testname": "adc_nmos_char_1", "cornername": "Nominal"}
[2023-03-14 15:32:03.406 +0530] [PROCESS] [cadence.virtuoso.ade.spectreMonitor] - Simulation started at: 3:32:02 PM, Tue Mar 14, 2023, ended at: 3:32:02 PM, Tue Mar 14, 2023, with elapsed time (wall clock): 442 ms. : {"history": "ExplorerRun.0", "point": 1, "testname": "adc_nmos_char_1", "cornername": "Nominal"}
[2023-03-14 15:32:03.406 +0530] [PROCESS] [cadence.virtuoso.ade.spectreMonitor] - spectre completes with 0 errors, 1 warning, and 3 notices. : {"history": "ExplorerRun.0", "point": 1, "testname": "adc_nmos_char_1", "cornername": "Nominal"}
[2023-03-14 15:32:03.406 +0530] [PROCESS] [cadence.virtuoso.ade.spectreMonitor] - Finished Simulation : {"hostname": "islcadence2", "processid": 17307, "history": "ExplorerRun.0", "testname": "adc_nmos_char_1", "cornername": "Nominal", "point": 1, "logfile": "/root/Documents/vvgh/GPS/logs_root/logs0/Job15.log", "simid": "3"}
[2023-03-14 15:32:05.408 +0530] [PROCESS] [cadence.virtuoso.ade.spectreMonitor] - Point Finished : {"hostname": "islcadence2", "processid": 17307, "history": "ExplorerRun.0", "testname": "adc_nmos_char_1", "cornername": "Nominal", "point": 1, "logfile": "/root/Documents/vvgh/GPS/logs_root/logs0/Job15.log"}
[2023-03-14 15:33:05.003 +0530] [PROCESS] [cadence.virtuoso.ade.spectreMonitor] - HostInfo:
Host name (type):	islcadence2 (x86_64)
Operating system:	Linux 3.10.0-1160.el7.x86_64 #1 SMP Tue Aug 18 14:50:17 EDT 2020 : {"hostname": "islcadence2", "processid": 17307, "history": "ExplorerRun.0", "testname": "adc_nmos_char_1", "cornername": "Nominal", "point": 1, "logfile": "/root/Documents/vvgh/GPS/logs_root/logs0/Job15.log", "nodename": "islcadence2", "domainname": "(none)", "machine": "x86_64", "sysname": "Linux", "release": "3.10.0-1160.el7.x86_64", "version": "#1 SMP Tue Aug 18 14:50:17 EDT 2020"}
[2023-03-14 15:33:05.003 +0530] [PROCESS] [cadence.virtuoso.ade.spectreMonitor] - UsageInfo:
pid=17307
totalPhysicalMemory=15.394783GB,Used=6.923458GB,totalVirtualMemory=23.144779GB,Used=6.923458GB
Cpu: Cores=8, Load average:0.190000,0.120000,0.140000 : {"hostname": "islcadence2", "processid": 17307, "history": "ExplorerRun.0", "testname": "adc_nmos_char_1", "cornername": "Nominal", "point": 1, "logfile": "/root/Documents/vvgh/GPS/logs_root/logs0/Job15.log", "pid": "17307", "totalPhysicalMemory": "15.394783", "physicalMemoryUsed": "6.923458", "totalVirtualMemory": "23.144779", "virtualMemoryUsed": "6.923458", "cpuCores": "8", "processes": "674", "loadAverage1": "0.190000", "loadAverage5": "0.120000", "loadAverage15": "0.140000", "loadAverage1Percent": "0.023750"}
[2023-03-14 15:33:05.006 +0530] [EVENT] [cadence.virtuoso.ade.spectreMonitor] - NewPoint : {"history": "ExplorerRun.0", "point": 1, "testname": "adc_nmos_char_1", "cornername": "Nominal", "event": "NewPoint", "EventSource": "Spectre Monitor", "HistoryName": "ExplorerRun.0", "logFile": "/root/Documents/vvgh/GPS/logs_root/logs0/Job15.log", "logFileSize": "24602"}
[2023-03-14 15:33:05.007 +0530] [EVENT] [cadence.virtuoso.ade.spectreMonitor] - NewPoint : {"history": "ExplorerRun.0", "point": 1, "testname": "adc_nmos_char_1", "cornername": "Nominal", "event": "NewPoint", "EventSource": "spectre", "HistoryName": "ExplorerRun.0", "logFile": "/root/simulation/ADC/nmos_char/maestro/results/maestro/ExplorerRun.0/1/adc_nmos_char_1/psf/spectre.out", "logFileSize": "-1"}
[2023-03-14 15:33:05.010 +0530] [PROCESS] [cadence.virtuoso.ade.spectreMonitor] - Launched simulator : {"hostname": "islcadence2", "processid": 17307, "history": "ExplorerRun.0", "testname": "adc_nmos_char_1", "cornername": "Nominal", "point": 1, "logfile": "/root/Documents/vvgh/GPS/logs_root/logs0/Job15.log", "simid": "4"}
[2023-03-14 15:33:05.011 +0530] [PROCESS] [cadence.virtuoso.ade.spectreMonitor] - Launched evaluator : {"hostname": "islcadence2", "processid": 17307, "history": "ExplorerRun.0", "testname": "adc_nmos_char_1", "cornername": "Nominal", "point": 1, "logfile": "/root/Documents/vvgh/GPS/logs_root/logs0/Job15.log"}
[2023-03-14 15:33:06.074 +0530] [PROCESS] [cadence.virtuoso.ade.spectreMonitor] - Finished simulating for one point : {"hostname": "islcadence2", "processid": 17307, "history": "ExplorerRun.0", "testname": "adc_nmos_char_1", "cornername": "Nominal", "point": 1, "logfile": "/root/Documents/vvgh/GPS/logs_root/logs0/Job15.log", "simid": "4"}
[2023-03-14 15:33:06.074 +0530] [INFO] [cadence.virtuoso.ade.spectreMonitor] - Peak resident memory used = 71.3 Mbytes. : {"history": "ExplorerRun.0", "point": 1, "testname": "adc_nmos_char_1", "cornername": "Nominal"}
[2023-03-14 15:33:06.075 +0530] [INFO] [cadence.virtuoso.ade.spectreMonitor] - Peak resident memory used = 78.4 Mbytes. : {"history": "ExplorerRun.0", "point": 1, "testname": "adc_nmos_char_1", "cornername": "Nominal"}
[2023-03-14 15:33:06.075 +0530] [WARN] [cadence.virtuoso.ade.spectreMonitor] -     WARNING (SPECTRE-17101): The value 'psf' specified for the 'checklimitdest' option will no longer be supported in future releases. Use 'spectre -h' to see other recommended values for the 'checklimitdest' option. : {"history": "ExplorerRun.0", "point": 1, "testname": "adc_nmos_char_1", "cornername": "Nominal"}
[2023-03-14 15:33:06.075 +0530] [INFO] [cadence.virtuoso.ade.spectreMonitor] - Peak resident memory used = 79.2 Mbytes. : {"history": "ExplorerRun.0", "point": 1, "testname": "adc_nmos_char_1", "cornername": "Nominal"}
[2023-03-14 15:33:06.075 +0530] [INFO] [cadence.virtuoso.ade.spectreMonitor] - Notice from spectre during initial setup.
    Multithreading is disabled due to the size of the design being too small. : {"history": "ExplorerRun.0", "point": 1, "testname": "adc_nmos_char_1", "cornername": "Nominal"}
[2023-03-14 15:33:06.075 +0530] [INFO] [cadence.virtuoso.ade.spectreMonitor] -               nodes 3 : {"history": "ExplorerRun.0", "point": 1, "testname": "adc_nmos_char_1", "cornername": "Nominal"}
[2023-03-14 15:33:06.075 +0530] [INFO] [cadence.virtuoso.ade.spectreMonitor] - Notice from spectre during initial setup.
    APS enabled. : {"history": "ExplorerRun.0", "point": 1, "testname": "adc_nmos_char_1", "cornername": "Nominal"}
[2023-03-14 15:33:06.076 +0530] [INFO] [cadence.virtuoso.ade.spectreMonitor] - Peak resident memory used = 80.6 Mbytes. : {"history": "ExplorerRun.0", "point": 1, "testname": "adc_nmos_char_1", "cornername": "Nominal"}
[2023-03-14 15:33:06.076 +0530] [INFO] [cadence.virtuoso.ade.spectreMonitor] - Total time required for dc analysis `dcOp': CPU = 2.214 ms, elapsed = 16.8319 ms. : {"history": "ExplorerRun.0", "point": 1, "testname": "adc_nmos_char_1", "cornername": "Nominal"}
[2023-03-14 15:33:06.076 +0530] [INFO] [cadence.virtuoso.ade.spectreMonitor] - Peak resident memory used = 82.3 Mbytes. : {"history": "ExplorerRun.0", "point": 1, "testname": "adc_nmos_char_1", "cornername": "Nominal"}
[2023-03-14 15:33:06.076 +0530] [INFO] [cadence.virtuoso.ade.spectreMonitor] - Time used: CPU = 161 ms, elapsed = 625 ms, util. = 25.8%. : {"history": "ExplorerRun.0", "point": 1, "testname": "adc_nmos_char_1", "cornername": "Nominal"}
[2023-03-14 15:33:06.076 +0530] [INFO] [cadence.virtuoso.ade.spectreMonitor] - Time spent in licensing: elapsed = 290 ms, percentage of total = 46.4%. : {"history": "ExplorerRun.0", "point": 1, "testname": "adc_nmos_char_1", "cornername": "Nominal"}
[2023-03-14 15:33:06.076 +0530] [INFO] [cadence.virtuoso.ade.spectreMonitor] - Peak memory used = 83.9 Mbytes. : {"history": "ExplorerRun.0", "point": 1, "testname": "adc_nmos_char_1", "cornername": "Nominal"}
[2023-03-14 15:33:06.076 +0530] [PROCESS] [cadence.virtuoso.ade.spectreMonitor] - Simulation started at: 3:33:05 PM, Tue Mar 14, 2023, ended at: 3:33:05 PM, Tue Mar 14, 2023, with elapsed time (wall clock): 625 ms. : {"history": "ExplorerRun.0", "point": 1, "testname": "adc_nmos_char_1", "cornername": "Nominal"}
[2023-03-14 15:33:06.076 +0530] [PROCESS] [cadence.virtuoso.ade.spectreMonitor] - spectre completes with 0 errors, 1 warning, and 3 notices. : {"history": "ExplorerRun.0", "point": 1, "testname": "adc_nmos_char_1", "cornername": "Nominal"}
[2023-03-14 15:33:06.076 +0530] [PROCESS] [cadence.virtuoso.ade.spectreMonitor] - Finished Simulation : {"hostname": "islcadence2", "processid": 17307, "history": "ExplorerRun.0", "testname": "adc_nmos_char_1", "cornername": "Nominal", "point": 1, "logfile": "/root/Documents/vvgh/GPS/logs_root/logs0/Job15.log", "simid": "4"}
[2023-03-14 15:33:08.078 +0530] [PROCESS] [cadence.virtuoso.ade.spectreMonitor] - Point Finished : {"hostname": "islcadence2", "processid": 17307, "history": "ExplorerRun.0", "testname": "adc_nmos_char_1", "cornername": "Nominal", "point": 1, "logfile": "/root/Documents/vvgh/GPS/logs_root/logs0/Job15.log"}
[2023-03-14 15:33:33.997 +0530] [PROCESS] [cadence.virtuoso.ade.spectreMonitor] - HostInfo:
Host name (type):	islcadence2 (x86_64)
Operating system:	Linux 3.10.0-1160.el7.x86_64 #1 SMP Tue Aug 18 14:50:17 EDT 2020 : {"hostname": "islcadence2", "processid": 17307, "history": "ExplorerRun.0", "testname": "adc_nmos_char_1", "cornername": "Nominal", "point": 1, "logfile": "/root/Documents/vvgh/GPS/logs_root/logs0/Job15.log", "nodename": "islcadence2", "domainname": "(none)", "machine": "x86_64", "sysname": "Linux", "release": "3.10.0-1160.el7.x86_64", "version": "#1 SMP Tue Aug 18 14:50:17 EDT 2020"}
[2023-03-14 15:33:33.997 +0530] [PROCESS] [cadence.virtuoso.ade.spectreMonitor] - UsageInfo:
pid=17307
totalPhysicalMemory=15.394783GB,Used=6.636913GB,totalVirtualMemory=23.144779GB,Used=6.636913GB
Cpu: Cores=8, Load average:0.500000,0.200000,0.170000 : {"hostname": "islcadence2", "processid": 17307, "history": "ExplorerRun.0", "testname": "adc_nmos_char_1", "cornername": "Nominal", "point": 1, "logfile": "/root/Documents/vvgh/GPS/logs_root/logs0/Job15.log", "pid": "17307", "totalPhysicalMemory": "15.394783", "physicalMemoryUsed": "6.636913", "totalVirtualMemory": "23.144779", "virtualMemoryUsed": "6.636913", "cpuCores": "8", "processes": "659", "loadAverage1": "0.500000", "loadAverage5": "0.200000", "loadAverage15": "0.170000", "loadAverage1Percent": "0.062500"}
[2023-03-14 15:33:34.001 +0530] [EVENT] [cadence.virtuoso.ade.spectreMonitor] - NewPoint : {"history": "ExplorerRun.0", "point": 1, "testname": "adc_nmos_char_1", "cornername": "Nominal", "event": "NewPoint", "EventSource": "Spectre Monitor", "HistoryName": "ExplorerRun.0", "logFile": "/root/Documents/vvgh/GPS/logs_root/logs0/Job15.log", "logFileSize": "32098"}
[2023-03-14 15:33:34.001 +0530] [EVENT] [cadence.virtuoso.ade.spectreMonitor] - NewPoint : {"history": "ExplorerRun.0", "point": 1, "testname": "adc_nmos_char_1", "cornername": "Nominal", "event": "NewPoint", "EventSource": "spectre", "HistoryName": "ExplorerRun.0", "logFile": "/root/simulation/ADC/nmos_char/maestro/results/maestro/ExplorerRun.0/1/adc_nmos_char_1/psf/spectre.out", "logFileSize": "-1"}
[2023-03-14 15:33:34.005 +0530] [PROCESS] [cadence.virtuoso.ade.spectreMonitor] - Launched simulator : {"hostname": "islcadence2", "processid": 17307, "history": "ExplorerRun.0", "testname": "adc_nmos_char_1", "cornername": "Nominal", "point": 1, "logfile": "/root/Documents/vvgh/GPS/logs_root/logs0/Job15.log", "simid": "5"}
[2023-03-14 15:33:34.006 +0530] [PROCESS] [cadence.virtuoso.ade.spectreMonitor] - Launched evaluator : {"hostname": "islcadence2", "processid": 17307, "history": "ExplorerRun.0", "testname": "adc_nmos_char_1", "cornername": "Nominal", "point": 1, "logfile": "/root/Documents/vvgh/GPS/logs_root/logs0/Job15.log"}
[2023-03-14 15:33:35.074 +0530] [INFO] [cadence.virtuoso.ade.spectreMonitor] - Peak resident memory used = 67.3 Mbytes. : {"history": "ExplorerRun.0", "point": 1, "testname": "adc_nmos_char_1", "cornername": "Nominal"}
[2023-03-14 15:33:35.074 +0530] [INFO] [cadence.virtuoso.ade.spectreMonitor] - Peak resident memory used = 74.5 Mbytes. : {"history": "ExplorerRun.0", "point": 1, "testname": "adc_nmos_char_1", "cornername": "Nominal"}
[2023-03-14 15:33:35.074 +0530] [WARN] [cadence.virtuoso.ade.spectreMonitor] -     WARNING (SPECTRE-17101): The value 'psf' specified for the 'checklimitdest' option will no longer be supported in future releases. Use 'spectre -h' to see other recommended values for the 'checklimitdest' option. : {"history": "ExplorerRun.0", "point": 1, "testname": "adc_nmos_char_1", "cornername": "Nominal"}
[2023-03-14 15:33:35.074 +0530] [INFO] [cadence.virtuoso.ade.spectreMonitor] - Peak resident memory used = 75.3 Mbytes. : {"history": "ExplorerRun.0", "point": 1, "testname": "adc_nmos_char_1", "cornername": "Nominal"}
[2023-03-14 15:33:35.075 +0530] [INFO] [cadence.virtuoso.ade.spectreMonitor] - Notice from spectre during initial setup.
    Multithreading is disabled due to the size of the design being too small. : {"history": "ExplorerRun.0", "point": 1, "testname": "adc_nmos_char_1", "cornername": "Nominal"}
[2023-03-14 15:33:35.075 +0530] [INFO] [cadence.virtuoso.ade.spectreMonitor] -               nodes 3 : {"history": "ExplorerRun.0", "point": 1, "testname": "adc_nmos_char_1", "cornername": "Nominal"}
[2023-03-14 15:33:35.075 +0530] [INFO] [cadence.virtuoso.ade.spectreMonitor] - Notice from spectre during initial setup.
    APS enabled. : {"history": "ExplorerRun.0", "point": 1, "testname": "adc_nmos_char_1", "cornername": "Nominal"}
[2023-03-14 15:33:35.075 +0530] [INFO] [cadence.virtuoso.ade.spectreMonitor] - Peak resident memory used = 76.7 Mbytes. : {"history": "ExplorerRun.0", "point": 1, "testname": "adc_nmos_char_1", "cornername": "Nominal"}
[2023-03-14 15:33:35.075 +0530] [INFO] [cadence.virtuoso.ade.spectreMonitor] - Total time required for dc analysis `dcOp': CPU = 1.908 ms, elapsed = 16.767 ms. : {"history": "ExplorerRun.0", "point": 1, "testname": "adc_nmos_char_1", "cornername": "Nominal"}
[2023-03-14 15:33:35.075 +0530] [INFO] [cadence.virtuoso.ade.spectreMonitor] - Peak resident memory used = 78.4 Mbytes. : {"history": "ExplorerRun.0", "point": 1, "testname": "adc_nmos_char_1", "cornername": "Nominal"}
[2023-03-14 15:33:35.075 +0530] [INFO] [cadence.virtuoso.ade.spectreMonitor] - Time used: CPU = 167 ms, elapsed = 897 ms, util. = 18.6%. : {"history": "ExplorerRun.0", "point": 1, "testname": "adc_nmos_char_1", "cornername": "Nominal"}
[2023-03-14 15:33:35.075 +0530] [INFO] [cadence.virtuoso.ade.spectreMonitor] - Time spent in licensing: elapsed = 388 ms, percentage of total = 43.3%. : {"history": "ExplorerRun.0", "point": 1, "testname": "adc_nmos_char_1", "cornername": "Nominal"}
[2023-03-14 15:33:35.076 +0530] [INFO] [cadence.virtuoso.ade.spectreMonitor] - Peak memory used = 80 Mbytes. : {"history": "ExplorerRun.0", "point": 1, "testname": "adc_nmos_char_1", "cornername": "Nominal"}
[2023-03-14 15:33:35.076 +0530] [PROCESS] [cadence.virtuoso.ade.spectreMonitor] - Simulation started at: 3:33:34 PM, Tue Mar 14, 2023, ended at: 3:33:35 PM, Tue Mar 14, 2023, with elapsed time (wall clock): 897 ms. : {"history": "ExplorerRun.0", "point": 1, "testname": "adc_nmos_char_1", "cornername": "Nominal"}
[2023-03-14 15:33:35.076 +0530] [PROCESS] [cadence.virtuoso.ade.spectreMonitor] - spectre completes with 0 errors, 1 warning, and 3 notices. : {"history": "ExplorerRun.0", "point": 1, "testname": "adc_nmos_char_1", "cornername": "Nominal"}
[2023-03-14 15:33:35.576 +0530] [PROCESS] [cadence.virtuoso.ade.spectreMonitor] - Finished simulating for one point : {"hostname": "islcadence2", "processid": 17307, "history": "ExplorerRun.0", "testname": "adc_nmos_char_1", "cornername": "Nominal", "point": 1, "logfile": "/root/Documents/vvgh/GPS/logs_root/logs0/Job15.log", "simid": "5"}
[2023-03-14 15:33:35.576 +0530] [PROCESS] [cadence.virtuoso.ade.spectreMonitor] - Finished Simulation : {"hostname": "islcadence2", "processid": 17307, "history": "ExplorerRun.0", "testname": "adc_nmos_char_1", "cornername": "Nominal", "point": 1, "logfile": "/root/Documents/vvgh/GPS/logs_root/logs0/Job15.log", "simid": "5"}
[2023-03-14 15:33:37.081 +0530] [PROCESS] [cadence.virtuoso.ade.spectreMonitor] - Point Finished : {"hostname": "islcadence2", "processid": 17307, "history": "ExplorerRun.0", "testname": "adc_nmos_char_1", "cornername": "Nominal", "point": 1, "logfile": "/root/Documents/vvgh/GPS/logs_root/logs0/Job15.log"}
[2023-03-14 15:38:37.570 +0530] [PROCESS] [cadence.virtuoso.ade.spectreMonitor] - Current memory used: 23.6445 MBytes, peak memory used: 23.6445 MBytes : {"hostname": "islcadence2", "processid": 17307, "history": "ExplorerRun.0", "testname": "adc_nmos_char_1", "cornername": "Nominal", "point": 1, "logfile": "/root/Documents/vvgh/GPS/logs_root/logs0/Job15.log"}
[2023-03-14 15:38:37.570 +0530] [PROCESS] [cadence.virtuoso.ade.spectreMonitor] - Spectre Monitor process exit. : {"hostname": "islcadence2", "processid": 17307, "history": "ExplorerRun.0", "testname": "adc_nmos_char_1", "cornername": "Nominal", "point": 1, "logfile": "/root/Documents/vvgh/GPS/logs_root/logs0/Job15.log"}
