[Spectre Monitor: 2]
[2023-03-16 16:05:17.853 +0530] [PROCESS] [cadence.virtuoso.ade.spectreMonitor] - Spectre Monitor has successfully started up. Trying to set up communication channels to other components ... : {"hostname": "islcadence1", "processid": 6853, "logfile": "/root/Documents/GPS/logs_root/logs0/Job2.log"}
[2023-03-16 16:05:17.853 +0530] [PROCESS] [cadence.virtuoso.ade.spectreMonitor] - Started History : {"hostname": "islcadence1", "processid": 6853, "history": "ExplorerRun.0", "logfile": "/root/Documents/GPS/logs_root/logs0/Job2.log"}
[2023-03-16 16:05:17.886 +0530] [PROCESS] [cadence.virtuoso.ade.spectreMonitor] - Communication channels have been successfully set up. Start processing events ... : {"hostname": "islcadence1", "processid": 6853, "history": "ExplorerRun.0", "logfile": "/root/Documents/GPS/logs_root/logs0/Job2.log"}
[2023-03-16 16:05:17.967 +0530] [PROCESS] [cadence.virtuoso.ade.spectreMonitor] - HostInfo:
Host name (type):	islcadence1 (x86_64)
Operating system:	Linux 3.10.0-1160.el7.x86_64 #1 SMP Tue Aug 18 14:50:17 EDT 2020 : {"hostname": "islcadence1", "processid": 6853, "history": "ExplorerRun.0", "logfile": "/root/Documents/GPS/logs_root/logs0/Job2.log", "nodename": "islcadence1", "domainname": "(none)", "machine": "x86_64", "sysname": "Linux", "release": "3.10.0-1160.el7.x86_64", "version": "#1 SMP Tue Aug 18 14:50:17 EDT 2020"}
[2023-03-16 16:05:17.967 +0530] [PROCESS] [cadence.virtuoso.ade.spectreMonitor] - UsageInfo:
pid=6853
totalPhysicalMemory=15.303967GB,Used=5.876629GB,totalVirtualMemory=22.928963GB,Used=5.876629GB
Cpu: Cores=8, Load average:0.350000,0.180000,0.150000 : {"hostname": "islcadence1", "processid": 6853, "history": "ExplorerRun.0", "logfile": "/root/Documents/GPS/logs_root/logs0/Job2.log", "pid": "6853", "totalPhysicalMemory": "15.303967", "physicalMemoryUsed": "5.876629", "totalVirtualMemory": "22.928963", "virtualMemoryUsed": "5.876629", "cpuCores": "8", "processes": "850", "loadAverage1": "0.350000", "loadAverage5": "0.180000", "loadAverage15": "0.150000", "loadAverage1Percent": "0.043750"}
[2023-03-16 16:05:17.970 +0530] [EVENT] [cadence.virtuoso.ade.spectreMonitor] - NewPoint : {"history": "ExplorerRun.0", "point": 1, "testname": "ADC_adc_ideal_sim_1", "cornername": "Nominal", "event": "NewPoint", "EventSource": "Spectre Monitor", "HistoryName": "ExplorerRun.0", "logFile": "/root/Documents/GPS/logs_root/logs0/Job2.log", "logFileSize": "2080"}
[2023-03-16 16:05:17.970 +0530] [EVENT] [cadence.virtuoso.ade.spectreMonitor] - NewPoint : {"history": "ExplorerRun.0", "point": 1, "testname": "ADC_adc_ideal_sim_1", "cornername": "Nominal", "event": "NewPoint", "EventSource": "spectre", "HistoryName": "ExplorerRun.0", "logFile": "/root/simulation/ADC/adc_ideal_sim/maestro/results/maestro/ExplorerRun.0/1/ADC_adc_ideal_sim_1/psf/spectre.out", "logFileSize": "-1"}
[2023-03-16 16:05:17.973 +0530] [PROCESS] [cadence.virtuoso.ade.spectreMonitor] - Launched simulator : {"hostname": "islcadence1", "processid": 6853, "history": "ExplorerRun.0", "testname": "ADC_adc_ideal_sim_1", "cornername": "Nominal", "point": 1, "logfile": "/root/Documents/GPS/logs_root/logs0/Job2.log", "simid": "1"}
[2023-03-16 16:05:17.974 +0530] [PROCESS] [cadence.virtuoso.ade.spectreMonitor] - Launched evaluator : {"hostname": "islcadence1", "processid": 6853, "history": "ExplorerRun.0", "testname": "ADC_adc_ideal_sim_1", "cornername": "Nominal", "point": 1, "logfile": "/root/Documents/GPS/logs_root/logs0/Job2.log"}
[2023-03-16 16:05:20.053 +0530] [INFO] [cadence.virtuoso.ade.spectreMonitor] - Peak resident memory used = 73.5 Mbytes. : {"history": "ExplorerRun.0", "point": 1, "testname": "ADC_adc_ideal_sim_1", "cornername": "Nominal"}
[2023-03-16 16:05:21.556 +0530] [INFO] [cadence.virtuoso.ade.spectreMonitor] - Peak resident memory used = 86.3 Mbytes. : {"history": "ExplorerRun.0", "point": 1, "testname": "ADC_adc_ideal_sim_1", "cornername": "Nominal"}
[2023-03-16 16:05:21.556 +0530] [WARN] [cadence.virtuoso.ade.spectreMonitor] -     WARNING (SPECTRE-17101): The value 'psf' specified for the 'checklimitdest' option will no longer be supported in future releases. Use 'spectre -h' to see other recommended values for the 'checklimitdest' option. : {"history": "ExplorerRun.0", "point": 1, "testname": "ADC_adc_ideal_sim_1", "cornername": "Nominal"}
[2023-03-16 16:05:21.557 +0530] [INFO] [cadence.virtuoso.ade.spectreMonitor] - Peak resident memory used = 87 Mbytes. : {"history": "ExplorerRun.0", "point": 1, "testname": "ADC_adc_ideal_sim_1", "cornername": "Nominal"}
[2023-03-16 16:05:21.557 +0530] [INFO] [cadence.virtuoso.ade.spectreMonitor] - Notice from spectre during initial setup.
    Ignorevaref=yes is ignored since all nodes are connected to Verilog-A modules. : {"history": "ExplorerRun.0", "point": 1, "testname": "ADC_adc_ideal_sim_1", "cornername": "Nominal"}
[2023-03-16 16:05:21.557 +0530] [INFO] [cadence.virtuoso.ade.spectreMonitor] - Notice from spectre during topology check.
    Only one connection to the following 4 nodes:
        vo4
        vo3
        vo2
        vo1 : {"history": "ExplorerRun.0", "point": 1, "testname": "ADC_adc_ideal_sim_1", "cornername": "Nominal"}
[2023-03-16 16:05:21.557 +0530] [INFO] [cadence.virtuoso.ade.spectreMonitor] - Notice from spectre during initial setup.
    Multithreading is disabled due to the size of the design being too small. : {"history": "ExplorerRun.0", "point": 1, "testname": "ADC_adc_ideal_sim_1", "cornername": "Nominal"}
[2023-03-16 16:05:21.557 +0530] [INFO] [cadence.virtuoso.ade.spectreMonitor] -               nodes 6 : {"history": "ExplorerRun.0", "point": 1, "testname": "ADC_adc_ideal_sim_1", "cornername": "Nominal"}
[2023-03-16 16:05:21.557 +0530] [INFO] [cadence.virtuoso.ade.spectreMonitor] - Notice from spectre during initial setup.
    APS enabled. : {"history": "ExplorerRun.0", "point": 1, "testname": "ADC_adc_ideal_sim_1", "cornername": "Nominal"}
[2023-03-16 16:05:21.558 +0530] [INFO] [cadence.virtuoso.ade.spectreMonitor] - Peak resident memory used = 88.1 Mbytes. : {"history": "ExplorerRun.0", "point": 1, "testname": "ADC_adc_ideal_sim_1", "cornername": "Nominal"}
[2023-03-16 16:05:22.058 +0530] [PROCESS] [cadence.virtuoso.ade.spectreMonitor] - Finished simulating for one point : {"hostname": "islcadence1", "processid": 6853, "history": "ExplorerRun.0", "testname": "ADC_adc_ideal_sim_1", "cornername": "Nominal", "point": 1, "logfile": "/root/Documents/GPS/logs_root/logs0/Job2.log", "simid": "1"}
[2023-03-16 16:05:22.058 +0530] [INFO] [cadence.virtuoso.ade.spectreMonitor] - Total time required for dc analysis `dcOp': CPU = 1.214 ms, elapsed = 33.3078 ms. : {"history": "ExplorerRun.0", "point": 1, "testname": "ADC_adc_ideal_sim_1", "cornername": "Nominal"}
[2023-03-16 16:05:22.059 +0530] [INFO] [cadence.virtuoso.ade.spectreMonitor] - Peak resident memory used = 89.5 Mbytes. : {"history": "ExplorerRun.0", "point": 1, "testname": "ADC_adc_ideal_sim_1", "cornername": "Nominal"}
[2023-03-16 16:05:22.059 +0530] [INFO] [cadence.virtuoso.ade.spectreMonitor] - Time used: CPU = 166 ms, elapsed = 3.72 s, util. = 4.47%. : {"history": "ExplorerRun.0", "point": 1, "testname": "ADC_adc_ideal_sim_1", "cornername": "Nominal"}
[2023-03-16 16:05:22.059 +0530] [INFO] [cadence.virtuoso.ade.spectreMonitor] - Time spent in licensing: elapsed = 373 ms, percentage of total = 10%. : {"history": "ExplorerRun.0", "point": 1, "testname": "ADC_adc_ideal_sim_1", "cornername": "Nominal"}
[2023-03-16 16:05:22.060 +0530] [INFO] [cadence.virtuoso.ade.spectreMonitor] - Peak memory used = 90.2 Mbytes. : {"history": "ExplorerRun.0", "point": 1, "testname": "ADC_adc_ideal_sim_1", "cornername": "Nominal"}
[2023-03-16 16:05:22.060 +0530] [PROCESS] [cadence.virtuoso.ade.spectreMonitor] - Simulation started at: 4:05:18 PM, Thur Mar 16, 2023, ended at: 4:05:21 PM, Thur Mar 16, 2023, with elapsed time (wall clock): 3.72 s. : {"history": "ExplorerRun.0", "point": 1, "testname": "ADC_adc_ideal_sim_1", "cornername": "Nominal"}
[2023-03-16 16:05:22.060 +0530] [PROCESS] [cadence.virtuoso.ade.spectreMonitor] - spectre completes with 0 errors, 1 warning, and 5 notices. : {"history": "ExplorerRun.0", "point": 1, "testname": "ADC_adc_ideal_sim_1", "cornername": "Nominal"}
[2023-03-16 16:05:22.060 +0530] [PROCESS] [cadence.virtuoso.ade.spectreMonitor] - Finished Simulation : {"hostname": "islcadence1", "processid": 6853, "history": "ExplorerRun.0", "testname": "ADC_adc_ideal_sim_1", "cornername": "Nominal", "point": 1, "logfile": "/root/Documents/GPS/logs_root/logs0/Job2.log", "simid": "1"}
[2023-03-16 16:05:23.064 +0530] [PROCESS] [cadence.virtuoso.ade.spectreMonitor] - Point Finished : {"hostname": "islcadence1", "processid": 6853, "history": "ExplorerRun.0", "testname": "ADC_adc_ideal_sim_1", "cornername": "Nominal", "point": 1, "logfile": "/root/Documents/GPS/logs_root/logs0/Job2.log"}
[2023-03-16 16:06:33.819 +0530] [PROCESS] [cadence.virtuoso.ade.spectreMonitor] - HostInfo:
Host name (type):	islcadence1 (x86_64)
Operating system:	Linux 3.10.0-1160.el7.x86_64 #1 SMP Tue Aug 18 14:50:17 EDT 2020 : {"hostname": "islcadence1", "processid": 6853, "history": "ExplorerRun.0", "testname": "ADC_adc_ideal_sim_1", "cornername": "Nominal", "point": 1, "logfile": "/root/Documents/GPS/logs_root/logs0/Job2.log", "nodename": "islcadence1", "domainname": "(none)", "machine": "x86_64", "sysname": "Linux", "release": "3.10.0-1160.el7.x86_64", "version": "#1 SMP Tue Aug 18 14:50:17 EDT 2020"}
[2023-03-16 16:06:33.819 +0530] [PROCESS] [cadence.virtuoso.ade.spectreMonitor] - UsageInfo:
pid=6853
totalPhysicalMemory=15.303967GB,Used=6.115032GB,totalVirtualMemory=22.928963GB,Used=6.115032GB
Cpu: Cores=8, Load average:0.350000,0.210000,0.160000 : {"hostname": "islcadence1", "processid": 6853, "history": "ExplorerRun.0", "testname": "ADC_adc_ideal_sim_1", "cornername": "Nominal", "point": 1, "logfile": "/root/Documents/GPS/logs_root/logs0/Job2.log", "pid": "6853", "totalPhysicalMemory": "15.303967", "physicalMemoryUsed": "6.115032", "totalVirtualMemory": "22.928963", "virtualMemoryUsed": "6.115032", "cpuCores": "8", "processes": "852", "loadAverage1": "0.350000", "loadAverage5": "0.210000", "loadAverage15": "0.160000", "loadAverage1Percent": "0.043750"}
[2023-03-16 16:06:33.822 +0530] [EVENT] [cadence.virtuoso.ade.spectreMonitor] - NewPoint : {"history": "ExplorerRun.0", "point": 1, "testname": "ADC_adc_ideal_sim_1", "cornername": "Nominal", "event": "NewPoint", "EventSource": "Spectre Monitor", "HistoryName": "ExplorerRun.0", "logFile": "/root/Documents/GPS/logs_root/logs0/Job2.log", "logFileSize": "10250"}
[2023-03-16 16:06:33.823 +0530] [EVENT] [cadence.virtuoso.ade.spectreMonitor] - NewPoint : {"history": "ExplorerRun.0", "point": 1, "testname": "ADC_adc_ideal_sim_1", "cornername": "Nominal", "event": "NewPoint", "EventSource": "spectre", "HistoryName": "ExplorerRun.0", "logFile": "/root/simulation/ADC/adc_ideal_sim/maestro/results/maestro/ExplorerRun.0/1/ADC_adc_ideal_sim_1/psf/spectre.out", "logFileSize": "-1"}
[2023-03-16 16:06:33.826 +0530] [PROCESS] [cadence.virtuoso.ade.spectreMonitor] - Launched simulator : {"hostname": "islcadence1", "processid": 6853, "history": "ExplorerRun.0", "testname": "ADC_adc_ideal_sim_1", "cornername": "Nominal", "point": 1, "logfile": "/root/Documents/GPS/logs_root/logs0/Job2.log", "simid": "2"}
[2023-03-16 16:06:33.827 +0530] [PROCESS] [cadence.virtuoso.ade.spectreMonitor] - Launched evaluator : {"hostname": "islcadence1", "processid": 6853, "history": "ExplorerRun.0", "testname": "ADC_adc_ideal_sim_1", "cornername": "Nominal", "point": 1, "logfile": "/root/Documents/GPS/logs_root/logs0/Job2.log"}
[2023-03-16 16:06:34.383 +0530] [INFO] [cadence.virtuoso.ade.spectreMonitor] - Peak resident memory used = 70.8 Mbytes. : {"history": "ExplorerRun.0", "point": 1, "testname": "ADC_adc_ideal_sim_1", "cornername": "Nominal"}
[2023-03-16 16:06:34.384 +0530] [INFO] [cadence.virtuoso.ade.spectreMonitor] - Peak resident memory used = 77.7 Mbytes. : {"history": "ExplorerRun.0", "point": 1, "testname": "ADC_adc_ideal_sim_1", "cornername": "Nominal"}
[2023-03-16 16:06:34.384 +0530] [WARN] [cadence.virtuoso.ade.spectreMonitor] -     WARNING (SPECTRE-17101): The value 'psf' specified for the 'checklimitdest' option will no longer be supported in future releases. Use 'spectre -h' to see other recommended values for the 'checklimitdest' option. : {"history": "ExplorerRun.0", "point": 1, "testname": "ADC_adc_ideal_sim_1", "cornername": "Nominal"}
[2023-03-16 16:06:34.384 +0530] [INFO] [cadence.virtuoso.ade.spectreMonitor] - Peak resident memory used = 78.4 Mbytes. : {"history": "ExplorerRun.0", "point": 1, "testname": "ADC_adc_ideal_sim_1", "cornername": "Nominal"}
[2023-03-16 16:06:34.384 +0530] [INFO] [cadence.virtuoso.ade.spectreMonitor] - Notice from spectre during initial setup.
    Ignorevaref=yes is ignored since all nodes are connected to Verilog-A modules. : {"history": "ExplorerRun.0", "point": 1, "testname": "ADC_adc_ideal_sim_1", "cornername": "Nominal"}
[2023-03-16 16:06:34.384 +0530] [INFO] [cadence.virtuoso.ade.spectreMonitor] - Notice from spectre during topology check.
    Only one connection to the following 4 nodes:
        vo4
        vo3
        vo2
        vo1 : {"history": "ExplorerRun.0", "point": 1, "testname": "ADC_adc_ideal_sim_1", "cornername": "Nominal"}
[2023-03-16 16:06:34.384 +0530] [INFO] [cadence.virtuoso.ade.spectreMonitor] - Notice from spectre during initial setup.
    Multithreading is disabled due to the size of the design being too small. : {"history": "ExplorerRun.0", "point": 1, "testname": "ADC_adc_ideal_sim_1", "cornername": "Nominal"}
[2023-03-16 16:06:34.385 +0530] [INFO] [cadence.virtuoso.ade.spectreMonitor] -               nodes 6 : {"history": "ExplorerRun.0", "point": 1, "testname": "ADC_adc_ideal_sim_1", "cornername": "Nominal"}
[2023-03-16 16:06:34.385 +0530] [INFO] [cadence.virtuoso.ade.spectreMonitor] - Notice from spectre during initial setup.
    APS enabled. : {"history": "ExplorerRun.0", "point": 1, "testname": "ADC_adc_ideal_sim_1", "cornername": "Nominal"}
[2023-03-16 16:06:34.385 +0530] [INFO] [cadence.virtuoso.ade.spectreMonitor] - Peak resident memory used = 79.7 Mbytes. : {"history": "ExplorerRun.0", "point": 1, "testname": "ADC_adc_ideal_sim_1", "cornername": "Nominal"}
[2023-03-16 16:06:34.385 +0530] [INFO] [cadence.virtuoso.ade.spectreMonitor] - Notice from spectre during transient analysis `tran'.
    Multithreading is disabled due to the size of the design being too small. : {"history": "ExplorerRun.0", "point": 1, "testname": "ADC_adc_ideal_sim_1", "cornername": "Nominal"}
[2023-03-16 16:07:00.985 +0530] [PROCESS] [cadence.virtuoso.ade.spectreMonitor] - Finished simulating for one point : {"hostname": "islcadence1", "processid": 6853, "history": "ExplorerRun.0", "testname": "ADC_adc_ideal_sim_1", "cornername": "Nominal", "point": 1, "logfile": "/root/Documents/GPS/logs_root/logs0/Job2.log", "simid": "2"}
[2023-03-16 16:07:01.045 +0530] [PROCESS] [cadence.virtuoso.ade.spectreMonitor] - Finished Simulation : {"hostname": "islcadence1", "processid": 6853, "history": "ExplorerRun.0", "testname": "ADC_adc_ideal_sim_1", "cornername": "Nominal", "point": 1, "logfile": "/root/Documents/GPS/logs_root/logs0/Job2.log", "simid": "2"}
[2023-03-16 16:07:01.048 +0530] [PROCESS] [cadence.virtuoso.ade.spectreMonitor] - Point Finished : {"hostname": "islcadence1", "processid": 6853, "history": "ExplorerRun.0", "testname": "ADC_adc_ideal_sim_1", "cornername": "Nominal", "point": 1, "logfile": "/root/Documents/GPS/logs_root/logs0/Job2.log"}
[2023-03-16 16:07:11.784 +0530] [PROCESS] [cadence.virtuoso.ade.spectreMonitor] - HostInfo:
Host name (type):	islcadence1 (x86_64)
Operating system:	Linux 3.10.0-1160.el7.x86_64 #1 SMP Tue Aug 18 14:50:17 EDT 2020 : {"hostname": "islcadence1", "processid": 6853, "history": "ExplorerRun.0", "testname": "ADC_adc_ideal_sim_1", "cornername": "Nominal", "point": 1, "logfile": "/root/Documents/GPS/logs_root/logs0/Job2.log", "nodename": "islcadence1", "domainname": "(none)", "machine": "x86_64", "sysname": "Linux", "release": "3.10.0-1160.el7.x86_64", "version": "#1 SMP Tue Aug 18 14:50:17 EDT 2020"}
[2023-03-16 16:07:11.784 +0530] [PROCESS] [cadence.virtuoso.ade.spectreMonitor] - UsageInfo:
pid=6853
totalPhysicalMemory=15.303967GB,Used=6.133804GB,totalVirtualMemory=22.928963GB,Used=6.133804GB
Cpu: Cores=8, Load average:0.570000,0.290000,0.190000 : {"hostname": "islcadence1", "processid": 6853, "history": "ExplorerRun.0", "testname": "ADC_adc_ideal_sim_1", "cornername": "Nominal", "point": 1, "logfile": "/root/Documents/GPS/logs_root/logs0/Job2.log", "pid": "6853", "totalPhysicalMemory": "15.303967", "physicalMemoryUsed": "6.133804", "totalVirtualMemory": "22.928963", "virtualMemoryUsed": "6.133804", "cpuCores": "8", "processes": "853", "loadAverage1": "0.570000", "loadAverage5": "0.290000", "loadAverage15": "0.190000", "loadAverage1Percent": "0.071250"}
[2023-03-16 16:07:11.787 +0530] [EVENT] [cadence.virtuoso.ade.spectreMonitor] - NewPoint : {"history": "ExplorerRun.0", "point": 1, "testname": "ADC_adc_ideal_sim_1", "cornername": "Nominal", "event": "NewPoint", "EventSource": "Spectre Monitor", "HistoryName": "ExplorerRun.0", "logFile": "/root/Documents/GPS/logs_root/logs0/Job2.log", "logFileSize": "16980"}
[2023-03-16 16:07:11.787 +0530] [EVENT] [cadence.virtuoso.ade.spectreMonitor] - NewPoint : {"history": "ExplorerRun.0", "point": 1, "testname": "ADC_adc_ideal_sim_1", "cornername": "Nominal", "event": "NewPoint", "EventSource": "spectre", "HistoryName": "ExplorerRun.0", "logFile": "/root/simulation/ADC/adc_ideal_sim/maestro/results/maestro/ExplorerRun.0/1/ADC_adc_ideal_sim_1/psf/spectre.out", "logFileSize": "-1"}
[2023-03-16 16:07:11.790 +0530] [PROCESS] [cadence.virtuoso.ade.spectreMonitor] - Launched simulator : {"hostname": "islcadence1", "processid": 6853, "history": "ExplorerRun.0", "testname": "ADC_adc_ideal_sim_1", "cornername": "Nominal", "point": 1, "logfile": "/root/Documents/GPS/logs_root/logs0/Job2.log", "simid": "3"}
[2023-03-16 16:07:11.791 +0530] [PROCESS] [cadence.virtuoso.ade.spectreMonitor] - Launched evaluator : {"hostname": "islcadence1", "processid": 6853, "history": "ExplorerRun.0", "testname": "ADC_adc_ideal_sim_1", "cornername": "Nominal", "point": 1, "logfile": "/root/Documents/GPS/logs_root/logs0/Job2.log"}
[2023-03-16 16:07:12.339 +0530] [INFO] [cadence.virtuoso.ade.spectreMonitor] - Peak resident memory used = 70.7 Mbytes. : {"history": "ExplorerRun.0", "point": 1, "testname": "ADC_adc_ideal_sim_1", "cornername": "Nominal"}
[2023-03-16 16:07:12.339 +0530] [INFO] [cadence.virtuoso.ade.spectreMonitor] - Peak resident memory used = 77.5 Mbytes. : {"history": "ExplorerRun.0", "point": 1, "testname": "ADC_adc_ideal_sim_1", "cornername": "Nominal"}
[2023-03-16 16:07:12.339 +0530] [WARN] [cadence.virtuoso.ade.spectreMonitor] -     WARNING (SPECTRE-17101): The value 'psf' specified for the 'checklimitdest' option will no longer be supported in future releases. Use 'spectre -h' to see other recommended values for the 'checklimitdest' option. : {"history": "ExplorerRun.0", "point": 1, "testname": "ADC_adc_ideal_sim_1", "cornername": "Nominal"}
[2023-03-16 16:07:12.340 +0530] [INFO] [cadence.virtuoso.ade.spectreMonitor] - Peak resident memory used = 78.3 Mbytes. : {"history": "ExplorerRun.0", "point": 1, "testname": "ADC_adc_ideal_sim_1", "cornername": "Nominal"}
[2023-03-16 16:07:12.340 +0530] [INFO] [cadence.virtuoso.ade.spectreMonitor] - Notice from spectre during initial setup.
    Ignorevaref=yes is ignored since all nodes are connected to Verilog-A modules. : {"history": "ExplorerRun.0", "point": 1, "testname": "ADC_adc_ideal_sim_1", "cornername": "Nominal"}
[2023-03-16 16:07:12.340 +0530] [INFO] [cadence.virtuoso.ade.spectreMonitor] - Notice from spectre during topology check.
    Only one connection to the following 4 nodes:
        vo4
        vo3
        vo2
        vo1 : {"history": "ExplorerRun.0", "point": 1, "testname": "ADC_adc_ideal_sim_1", "cornername": "Nominal"}
[2023-03-16 16:07:12.340 +0530] [INFO] [cadence.virtuoso.ade.spectreMonitor] - Notice from spectre during initial setup.
    Multithreading is disabled due to the size of the design being too small. : {"history": "ExplorerRun.0", "point": 1, "testname": "ADC_adc_ideal_sim_1", "cornername": "Nominal"}
[2023-03-16 16:07:12.340 +0530] [INFO] [cadence.virtuoso.ade.spectreMonitor] -               nodes 6 : {"history": "ExplorerRun.0", "point": 1, "testname": "ADC_adc_ideal_sim_1", "cornername": "Nominal"}
[2023-03-16 16:07:12.341 +0530] [INFO] [cadence.virtuoso.ade.spectreMonitor] - Notice from spectre during initial setup.
    APS enabled. : {"history": "ExplorerRun.0", "point": 1, "testname": "ADC_adc_ideal_sim_1", "cornername": "Nominal"}
[2023-03-16 16:07:12.341 +0530] [INFO] [cadence.virtuoso.ade.spectreMonitor] - Peak resident memory used = 79.6 Mbytes. : {"history": "ExplorerRun.0", "point": 1, "testname": "ADC_adc_ideal_sim_1", "cornername": "Nominal"}
[2023-03-16 16:07:12.341 +0530] [INFO] [cadence.virtuoso.ade.spectreMonitor] - Notice from spectre during transient analysis `tran'.
    Multithreading is disabled due to the size of the design being too small. : {"history": "ExplorerRun.0", "point": 1, "testname": "ADC_adc_ideal_sim_1", "cornername": "Nominal"}
[2023-03-16 16:07:44.004 +0530] [PROCESS] [cadence.virtuoso.ade.spectreMonitor] - Finished simulating for one point : {"hostname": "islcadence1", "processid": 6853, "history": "ExplorerRun.0", "testname": "ADC_adc_ideal_sim_1", "cornername": "Nominal", "point": 1, "logfile": "/root/Documents/GPS/logs_root/logs0/Job2.log", "simid": "3"}
[2023-03-16 16:07:44.013 +0530] [PROCESS] [cadence.virtuoso.ade.spectreMonitor] - Finished Simulation : {"hostname": "islcadence1", "processid": 6853, "history": "ExplorerRun.0", "testname": "ADC_adc_ideal_sim_1", "cornername": "Nominal", "point": 1, "logfile": "/root/Documents/GPS/logs_root/logs0/Job2.log", "simid": "3"}
[2023-03-16 16:07:44.016 +0530] [PROCESS] [cadence.virtuoso.ade.spectreMonitor] - Point Finished : {"hostname": "islcadence1", "processid": 6853, "history": "ExplorerRun.0", "testname": "ADC_adc_ideal_sim_1", "cornername": "Nominal", "point": 1, "logfile": "/root/Documents/GPS/logs_root/logs0/Job2.log"}
[2023-03-16 16:07:55.148 +0530] [PROCESS] [cadence.virtuoso.ade.spectreMonitor] - HostInfo:
Host name (type):	islcadence1 (x86_64)
Operating system:	Linux 3.10.0-1160.el7.x86_64 #1 SMP Tue Aug 18 14:50:17 EDT 2020 : {"hostname": "islcadence1", "processid": 6853, "history": "ExplorerRun.0", "testname": "ADC_adc_ideal_sim_1", "cornername": "Nominal", "point": 1, "logfile": "/root/Documents/GPS/logs_root/logs0/Job2.log", "nodename": "islcadence1", "domainname": "(none)", "machine": "x86_64", "sysname": "Linux", "release": "3.10.0-1160.el7.x86_64", "version": "#1 SMP Tue Aug 18 14:50:17 EDT 2020"}
[2023-03-16 16:07:55.148 +0530] [PROCESS] [cadence.virtuoso.ade.spectreMonitor] - UsageInfo:
pid=6853
totalPhysicalMemory=15.303967GB,Used=6.140667GB,totalVirtualMemory=22.928963GB,Used=6.140667GB
Cpu: Cores=8, Load average:0.690000,0.360000,0.220000 : {"hostname": "islcadence1", "processid": 6853, "history": "ExplorerRun.0", "testname": "ADC_adc_ideal_sim_1", "cornername": "Nominal", "point": 1, "logfile": "/root/Documents/GPS/logs_root/logs0/Job2.log", "pid": "6853", "totalPhysicalMemory": "15.303967", "physicalMemoryUsed": "6.140667", "totalVirtualMemory": "22.928963", "virtualMemoryUsed": "6.140667", "cpuCores": "8", "processes": "854", "loadAverage1": "0.690000", "loadAverage5": "0.360000", "loadAverage15": "0.220000", "loadAverage1Percent": "0.086250"}
[2023-03-16 16:07:55.151 +0530] [EVENT] [cadence.virtuoso.ade.spectreMonitor] - NewPoint : {"history": "ExplorerRun.0", "point": 1, "testname": "ADC_adc_ideal_sim_1", "cornername": "Nominal", "event": "NewPoint", "EventSource": "Spectre Monitor", "HistoryName": "ExplorerRun.0", "logFile": "/root/Documents/GPS/logs_root/logs0/Job2.log", "logFileSize": "23710"}
[2023-03-16 16:07:55.151 +0530] [EVENT] [cadence.virtuoso.ade.spectreMonitor] - NewPoint : {"history": "ExplorerRun.0", "point": 1, "testname": "ADC_adc_ideal_sim_1", "cornername": "Nominal", "event": "NewPoint", "EventSource": "spectre", "HistoryName": "ExplorerRun.0", "logFile": "/root/simulation/ADC/adc_ideal_sim/maestro/results/maestro/ExplorerRun.0/1/ADC_adc_ideal_sim_1/psf/spectre.out", "logFileSize": "-1"}
[2023-03-16 16:07:55.154 +0530] [PROCESS] [cadence.virtuoso.ade.spectreMonitor] - Launched simulator : {"hostname": "islcadence1", "processid": 6853, "history": "ExplorerRun.0", "testname": "ADC_adc_ideal_sim_1", "cornername": "Nominal", "point": 1, "logfile": "/root/Documents/GPS/logs_root/logs0/Job2.log", "simid": "4"}
[2023-03-16 16:07:55.155 +0530] [PROCESS] [cadence.virtuoso.ade.spectreMonitor] - Launched evaluator : {"hostname": "islcadence1", "processid": 6853, "history": "ExplorerRun.0", "testname": "ADC_adc_ideal_sim_1", "cornername": "Nominal", "point": 1, "logfile": "/root/Documents/GPS/logs_root/logs0/Job2.log"}
[2023-03-16 16:07:55.711 +0530] [INFO] [cadence.virtuoso.ade.spectreMonitor] - Peak resident memory used = 70.6 Mbytes. : {"history": "ExplorerRun.0", "point": 1, "testname": "ADC_adc_ideal_sim_1", "cornername": "Nominal"}
[2023-03-16 16:07:55.711 +0530] [INFO] [cadence.virtuoso.ade.spectreMonitor] - Peak resident memory used = 77.5 Mbytes. : {"history": "ExplorerRun.0", "point": 1, "testname": "ADC_adc_ideal_sim_1", "cornername": "Nominal"}
[2023-03-16 16:07:55.711 +0530] [WARN] [cadence.virtuoso.ade.spectreMonitor] -     WARNING (SPECTRE-17101): The value 'psf' specified for the 'checklimitdest' option will no longer be supported in future releases. Use 'spectre -h' to see other recommended values for the 'checklimitdest' option. : {"history": "ExplorerRun.0", "point": 1, "testname": "ADC_adc_ideal_sim_1", "cornername": "Nominal"}
[2023-03-16 16:07:55.712 +0530] [INFO] [cadence.virtuoso.ade.spectreMonitor] - Peak resident memory used = 78.2 Mbytes. : {"history": "ExplorerRun.0", "point": 1, "testname": "ADC_adc_ideal_sim_1", "cornername": "Nominal"}
[2023-03-16 16:07:55.712 +0530] [INFO] [cadence.virtuoso.ade.spectreMonitor] - Notice from spectre during initial setup.
    Ignorevaref=yes is ignored since all nodes are connected to Verilog-A modules. : {"history": "ExplorerRun.0", "point": 1, "testname": "ADC_adc_ideal_sim_1", "cornername": "Nominal"}
[2023-03-16 16:07:55.712 +0530] [INFO] [cadence.virtuoso.ade.spectreMonitor] - Notice from spectre during topology check.
    Only one connection to the following 4 nodes:
        vo4
        vo3
        vo2
        vo1 : {"history": "ExplorerRun.0", "point": 1, "testname": "ADC_adc_ideal_sim_1", "cornername": "Nominal"}
[2023-03-16 16:07:55.712 +0530] [INFO] [cadence.virtuoso.ade.spectreMonitor] - Notice from spectre during initial setup.
    Multithreading is disabled due to the size of the design being too small. : {"history": "ExplorerRun.0", "point": 1, "testname": "ADC_adc_ideal_sim_1", "cornername": "Nominal"}
[2023-03-16 16:07:55.712 +0530] [INFO] [cadence.virtuoso.ade.spectreMonitor] -               nodes 6 : {"history": "ExplorerRun.0", "point": 1, "testname": "ADC_adc_ideal_sim_1", "cornername": "Nominal"}
[2023-03-16 16:07:55.712 +0530] [INFO] [cadence.virtuoso.ade.spectreMonitor] - Notice from spectre during initial setup.
    APS enabled. : {"history": "ExplorerRun.0", "point": 1, "testname": "ADC_adc_ideal_sim_1", "cornername": "Nominal"}
[2023-03-16 16:07:55.712 +0530] [INFO] [cadence.virtuoso.ade.spectreMonitor] - Peak resident memory used = 79.5 Mbytes. : {"history": "ExplorerRun.0", "point": 1, "testname": "ADC_adc_ideal_sim_1", "cornername": "Nominal"}
[2023-03-16 16:07:55.713 +0530] [INFO] [cadence.virtuoso.ade.spectreMonitor] - Notice from spectre during transient analysis `tran'.
    Multithreading is disabled due to the size of the design being too small. : {"history": "ExplorerRun.0", "point": 1, "testname": "ADC_adc_ideal_sim_1", "cornername": "Nominal"}
[2023-03-16 16:07:56.213 +0530] [PROCESS] [cadence.virtuoso.ade.spectreMonitor] - Finished simulating for one point : {"hostname": "islcadence1", "processid": 6853, "history": "ExplorerRun.0", "testname": "ADC_adc_ideal_sim_1", "cornername": "Nominal", "point": 1, "logfile": "/root/Documents/GPS/logs_root/logs0/Job2.log", "simid": "4"}
[2023-03-16 16:07:56.213 +0530] [INFO] [cadence.virtuoso.ade.spectreMonitor] - Total time required for tran analysis `tran': CPU = 6.569 ms, elapsed = 20.983 ms. : {"history": "ExplorerRun.0", "point": 1, "testname": "ADC_adc_ideal_sim_1", "cornername": "Nominal"}
[2023-03-16 16:07:56.214 +0530] [INFO] [cadence.virtuoso.ade.spectreMonitor] - Peak resident memory used = 82.4 Mbytes. : {"history": "ExplorerRun.0", "point": 1, "testname": "ADC_adc_ideal_sim_1", "cornername": "Nominal"}
[2023-03-16 16:07:56.214 +0530] [INFO] [cadence.virtuoso.ade.spectreMonitor] - Time used: CPU = 142 ms, elapsed = 530 ms, util. = 26.8%. : {"history": "ExplorerRun.0", "point": 1, "testname": "ADC_adc_ideal_sim_1", "cornername": "Nominal"}
[2023-03-16 16:07:56.214 +0530] [INFO] [cadence.virtuoso.ade.spectreMonitor] - Time spent in licensing: elapsed = 173 ms, percentage of total = 32.6%. : {"history": "ExplorerRun.0", "point": 1, "testname": "ADC_adc_ideal_sim_1", "cornername": "Nominal"}
[2023-03-16 16:07:56.214 +0530] [INFO] [cadence.virtuoso.ade.spectreMonitor] - Peak memory used = 83.2 Mbytes. : {"history": "ExplorerRun.0", "point": 1, "testname": "ADC_adc_ideal_sim_1", "cornername": "Nominal"}
[2023-03-16 16:07:56.214 +0530] [PROCESS] [cadence.virtuoso.ade.spectreMonitor] - Simulation started at: 4:07:55 PM, Thur Mar 16, 2023, ended at: 4:07:55 PM, Thur Mar 16, 2023, with elapsed time (wall clock): 530 ms. : {"history": "ExplorerRun.0", "point": 1, "testname": "ADC_adc_ideal_sim_1", "cornername": "Nominal"}
[2023-03-16 16:07:56.214 +0530] [PROCESS] [cadence.virtuoso.ade.spectreMonitor] - spectre completes with 0 errors, 1 warning, and 6 notices. : {"history": "ExplorerRun.0", "point": 1, "testname": "ADC_adc_ideal_sim_1", "cornername": "Nominal"}
[2023-03-16 16:07:56.215 +0530] [PROCESS] [cadence.virtuoso.ade.spectreMonitor] - Finished Simulation : {"hostname": "islcadence1", "processid": 6853, "history": "ExplorerRun.0", "testname": "ADC_adc_ideal_sim_1", "cornername": "Nominal", "point": 1, "logfile": "/root/Documents/GPS/logs_root/logs0/Job2.log", "simid": "4"}
[2023-03-16 16:07:58.216 +0530] [PROCESS] [cadence.virtuoso.ade.spectreMonitor] - Point Finished : {"hostname": "islcadence1", "processid": 6853, "history": "ExplorerRun.0", "testname": "ADC_adc_ideal_sim_1", "cornername": "Nominal", "point": 1, "logfile": "/root/Documents/GPS/logs_root/logs0/Job2.log"}
[2023-03-16 16:12:58.674 +0530] [PROCESS] [cadence.virtuoso.ade.spectreMonitor] - Current memory used: 23.6328 MBytes, peak memory used: 23.6328 MBytes : {"hostname": "islcadence1", "processid": 6853, "history": "ExplorerRun.0", "testname": "ADC_adc_ideal_sim_1", "cornername": "Nominal", "point": 1, "logfile": "/root/Documents/GPS/logs_root/logs0/Job2.log"}
[2023-03-16 16:12:58.674 +0530] [PROCESS] [cadence.virtuoso.ade.spectreMonitor] - Spectre Monitor process exit. : {"hostname": "islcadence1", "processid": 6853, "history": "ExplorerRun.0", "testname": "ADC_adc_ideal_sim_1", "cornername": "Nominal", "point": 1, "logfile": "/root/Documents/GPS/logs_root/logs0/Job2.log"}
