[Spectre Monitor: 25]
[2023-03-14 16:31:24.062 +0530] [PROCESS] [cadence.virtuoso.ade.spectreMonitor] - Spectre Monitor has successfully started up. Trying to set up communication channels to other components ... : {"hostname": "islcadence2", "processid": 30390, "logfile": "/root/Documents/vvgh/GPS/logs_root/logs0/Job25.log"}
[2023-03-14 16:31:24.062 +0530] [PROCESS] [cadence.virtuoso.ade.spectreMonitor] - Started History : {"hostname": "islcadence2", "processid": 30390, "history": "ExplorerRun.0", "logfile": "/root/Documents/vvgh/GPS/logs_root/logs0/Job25.log"}
[2023-03-14 16:31:24.093 +0530] [PROCESS] [cadence.virtuoso.ade.spectreMonitor] - Communication channels have been successfully set up. Start processing events ... : {"hostname": "islcadence2", "processid": 30390, "history": "ExplorerRun.0", "logfile": "/root/Documents/vvgh/GPS/logs_root/logs0/Job25.log"}
[2023-03-14 16:31:24.175 +0530] [PROCESS] [cadence.virtuoso.ade.spectreMonitor] - HostInfo:
Host name (type):	islcadence2 (x86_64)
Operating system:	Linux 3.10.0-1160.el7.x86_64 #1 SMP Tue Aug 18 14:50:17 EDT 2020 : {"hostname": "islcadence2", "processid": 30390, "history": "ExplorerRun.0", "logfile": "/root/Documents/vvgh/GPS/logs_root/logs0/Job25.log", "nodename": "islcadence2", "domainname": "(none)", "machine": "x86_64", "sysname": "Linux", "release": "3.10.0-1160.el7.x86_64", "version": "#1 SMP Tue Aug 18 14:50:17 EDT 2020"}
[2023-03-14 16:31:24.175 +0530] [PROCESS] [cadence.virtuoso.ade.spectreMonitor] - UsageInfo:
pid=30390
totalPhysicalMemory=15.394783GB,Used=6.818439GB,totalVirtualMemory=23.144779GB,Used=6.818439GB
Cpu: Cores=8, Load average:0.160000,0.180000,0.210000 : {"hostname": "islcadence2", "processid": 30390, "history": "ExplorerRun.0", "logfile": "/root/Documents/vvgh/GPS/logs_root/logs0/Job25.log", "pid": "30390", "totalPhysicalMemory": "15.394783", "physicalMemoryUsed": "6.818439", "totalVirtualMemory": "23.144779", "virtualMemoryUsed": "6.818439", "cpuCores": "8", "processes": "649", "loadAverage1": "0.160000", "loadAverage5": "0.180000", "loadAverage15": "0.210000", "loadAverage1Percent": "0.020000"}
[2023-03-14 16:31:24.179 +0530] [EVENT] [cadence.virtuoso.ade.spectreMonitor] - NewPoint : {"history": "ExplorerRun.0", "point": 1, "testname": "ADC_nmos_1", "cornername": "Nominal", "event": "NewPoint", "EventSource": "Spectre Monitor", "HistoryName": "ExplorerRun.0", "logFile": "/root/Documents/vvgh/GPS/logs_root/logs0/Job25.log", "logFileSize": "2118"}
[2023-03-14 16:31:24.179 +0530] [EVENT] [cadence.virtuoso.ade.spectreMonitor] - NewPoint : {"history": "ExplorerRun.0", "point": 1, "testname": "ADC_nmos_1", "cornername": "Nominal", "event": "NewPoint", "EventSource": "spectre", "HistoryName": "ExplorerRun.0", "logFile": "/root/simulation/ADC/nmos/maestro/results/maestro/ExplorerRun.0/1/ADC_nmos_1/psf/spectre.out", "logFileSize": "-1"}
[2023-03-14 16:31:24.182 +0530] [PROCESS] [cadence.virtuoso.ade.spectreMonitor] - Launched simulator : {"hostname": "islcadence2", "processid": 30390, "history": "ExplorerRun.0", "testname": "ADC_nmos_1", "cornername": "Nominal", "point": 1, "logfile": "/root/Documents/vvgh/GPS/logs_root/logs0/Job25.log", "simid": "1"}
[2023-03-14 16:31:24.184 +0530] [PROCESS] [cadence.virtuoso.ade.spectreMonitor] - Launched evaluator : {"hostname": "islcadence2", "processid": 30390, "history": "ExplorerRun.0", "testname": "ADC_nmos_1", "cornername": "Nominal", "point": 1, "logfile": "/root/Documents/vvgh/GPS/logs_root/logs0/Job25.log"}
[2023-03-14 16:31:24.756 +0530] [INFO] [cadence.virtuoso.ade.spectreMonitor] - Peak resident memory used = 70.7 Mbytes. : {"history": "ExplorerRun.0", "point": 1, "testname": "ADC_nmos_1", "cornername": "Nominal"}
[2023-03-14 16:31:24.756 +0530] [INFO] [cadence.virtuoso.ade.spectreMonitor] - Peak resident memory used = 77.9 Mbytes. : {"history": "ExplorerRun.0", "point": 1, "testname": "ADC_nmos_1", "cornername": "Nominal"}
[2023-03-14 16:31:24.756 +0530] [WARN] [cadence.virtuoso.ade.spectreMonitor] -     WARNING (SPECTRE-17101): The value 'psf' specified for the 'checklimitdest' option will no longer be supported in future releases. Use 'spectre -h' to see other recommended values for the 'checklimitdest' option. : {"history": "ExplorerRun.0", "point": 1, "testname": "ADC_nmos_1", "cornername": "Nominal"}
[2023-03-14 16:31:24.757 +0530] [INFO] [cadence.virtuoso.ade.spectreMonitor] - Peak resident memory used = 78.7 Mbytes. : {"history": "ExplorerRun.0", "point": 1, "testname": "ADC_nmos_1", "cornername": "Nominal"}
[2023-03-14 16:31:24.757 +0530] [INFO] [cadence.virtuoso.ade.spectreMonitor] - Notice from spectre during initial setup.
    Multithreading is disabled due to the size of the design being too small. : {"history": "ExplorerRun.0", "point": 1, "testname": "ADC_nmos_1", "cornername": "Nominal"}
[2023-03-14 16:31:24.757 +0530] [INFO] [cadence.virtuoso.ade.spectreMonitor] -               nodes 4 : {"history": "ExplorerRun.0", "point": 1, "testname": "ADC_nmos_1", "cornername": "Nominal"}
[2023-03-14 16:31:24.757 +0530] [INFO] [cadence.virtuoso.ade.spectreMonitor] - Notice from spectre during initial setup.
    APS enabled. : {"history": "ExplorerRun.0", "point": 1, "testname": "ADC_nmos_1", "cornername": "Nominal"}
[2023-03-14 16:31:25.258 +0530] [PROCESS] [cadence.virtuoso.ade.spectreMonitor] - Finished simulating for one point : {"hostname": "islcadence2", "processid": 30390, "history": "ExplorerRun.0", "testname": "ADC_nmos_1", "cornername": "Nominal", "point": 1, "logfile": "/root/Documents/vvgh/GPS/logs_root/logs0/Job25.log", "simid": "1"}
[2023-03-14 16:31:25.258 +0530] [INFO] [cadence.virtuoso.ade.spectreMonitor] - Peak resident memory used = 80.1 Mbytes. : {"history": "ExplorerRun.0", "point": 1, "testname": "ADC_nmos_1", "cornername": "Nominal"}
[2023-03-14 16:31:25.258 +0530] [INFO] [cadence.virtuoso.ade.spectreMonitor] - Total time required for dc analysis `dcOp': CPU = 2.107 ms, elapsed = 25.1 ms. : {"history": "ExplorerRun.0", "point": 1, "testname": "ADC_nmos_1", "cornername": "Nominal"}
[2023-03-14 16:31:25.258 +0530] [INFO] [cadence.virtuoso.ade.spectreMonitor] - Peak resident memory used = 81.9 Mbytes. : {"history": "ExplorerRun.0", "point": 1, "testname": "ADC_nmos_1", "cornername": "Nominal"}
[2023-03-14 16:31:25.259 +0530] [INFO] [cadence.virtuoso.ade.spectreMonitor] - Time used: CPU = 160 ms, elapsed = 618 ms, util. = 25.9%. : {"history": "ExplorerRun.0", "point": 1, "testname": "ADC_nmos_1", "cornername": "Nominal"}
[2023-03-14 16:31:25.259 +0530] [INFO] [cadence.virtuoso.ade.spectreMonitor] - Time spent in licensing: elapsed = 189 ms, percentage of total = 30.5%. : {"history": "ExplorerRun.0", "point": 1, "testname": "ADC_nmos_1", "cornername": "Nominal"}
[2023-03-14 16:31:25.259 +0530] [INFO] [cadence.virtuoso.ade.spectreMonitor] - Peak memory used = 83.4 Mbytes. : {"history": "ExplorerRun.0", "point": 1, "testname": "ADC_nmos_1", "cornername": "Nominal"}
[2023-03-14 16:31:25.259 +0530] [PROCESS] [cadence.virtuoso.ade.spectreMonitor] - Simulation started at: 4:31:24 PM, Tue Mar 14, 2023, ended at: 4:31:24 PM, Tue Mar 14, 2023, with elapsed time (wall clock): 618 ms. : {"history": "ExplorerRun.0", "point": 1, "testname": "ADC_nmos_1", "cornername": "Nominal"}
[2023-03-14 16:31:25.259 +0530] [PROCESS] [cadence.virtuoso.ade.spectreMonitor] - spectre completes with 0 errors, 1 warning, and 3 notices. : {"history": "ExplorerRun.0", "point": 1, "testname": "ADC_nmos_1", "cornername": "Nominal"}
[2023-03-14 16:31:25.260 +0530] [PROCESS] [cadence.virtuoso.ade.spectreMonitor] - Finished Simulation : {"hostname": "islcadence2", "processid": 30390, "history": "ExplorerRun.0", "testname": "ADC_nmos_1", "cornername": "Nominal", "point": 1, "logfile": "/root/Documents/vvgh/GPS/logs_root/logs0/Job25.log", "simid": "1"}
[2023-03-14 16:31:27.262 +0530] [PROCESS] [cadence.virtuoso.ade.spectreMonitor] - Point Finished : {"hostname": "islcadence2", "processid": 30390, "history": "ExplorerRun.0", "testname": "ADC_nmos_1", "cornername": "Nominal", "point": 1, "logfile": "/root/Documents/vvgh/GPS/logs_root/logs0/Job25.log"}
[2023-03-14 16:36:27.823 +0530] [PROCESS] [cadence.virtuoso.ade.spectreMonitor] - Current memory used: 23.5312 MBytes, peak memory used: 23.5312 MBytes : {"hostname": "islcadence2", "processid": 30390, "history": "ExplorerRun.0", "testname": "ADC_nmos_1", "cornername": "Nominal", "point": 1, "logfile": "/root/Documents/vvgh/GPS/logs_root/logs0/Job25.log"}
[2023-03-14 16:36:27.823 +0530] [PROCESS] [cadence.virtuoso.ade.spectreMonitor] - Spectre Monitor process exit. : {"hostname": "islcadence2", "processid": 30390, "history": "ExplorerRun.0", "testname": "ADC_nmos_1", "cornername": "Nominal", "point": 1, "logfile": "/root/Documents/vvgh/GPS/logs_root/logs0/Job25.log"}
