*Info*    Exporting services from client ... 

*Info*    Client has finished starting ... 



*Info*    Configuring the session ...

	Library      = ADC
	Cell         = compfirstpass
	View         = schematic
	Simulator    = spectre
	State Path   = $AXL_SETUPDB_DIR/test_states
	State Name   = ExplorerRun.0
	Results DB   = /root/Documents/vvgh/GPS/ADC/compfirstpass/maestro/results/maestro/ExplorerRun.0.rdb
	Results Dir  = /root/simulation/ADC/compfirstpass/maestro/results/maestro/ExplorerRun.0/1/ADC:compfirstpass:1
	Results Loc  = /root/simulation/ADC/compfirstpass/maestro/results/maestro
	Project Dir  = /root/simulation
	Setup DB loc = /root/Documents/vvgh/GPS/ADC/compfirstpass/maestro
	File Encoding = 0


*Info*    The simulation mode in Spectre has been changed from
          'interactive' to 'batch' mode because ICLP.


*Info*    The auto suspension is disabled.






*Info*    Run start for Point ID (5 1) on testbench [
          ADC:compfirstpass:1 ].

Resetting statistical vars

*Info*    Setting parameter values ...

Setting temp(T) = 27

*Info*    Netlist Directory =
          /root/simulation/ADC/compfirstpass/maestro/results/maestro/ExplorerRun.0/1/ADC:compfirstpass:1/netlist


*Info*    Data Directory    =
          /root/simulation/ADC/compfirstpass/maestro/results/maestro/ExplorerRun.0/1/ADC:compfirstpass:1


*Info*    Creating Netlist for Point ID (5 1)

generate netlist...
Begin Incremental Netlisting Feb 20 17:23:49 2023
End netlisting Feb 20 17:23:49 2023

Netlisting Statistics:
	Number of components:   15

	Elapsed time:          0.0s
Errors: 0	Warnings: 0
      ...successful.
compose simulator input file...
      ...successful.

*Info*    Running simulation on testbench [ ADC:compfirstpass:1 ] for
          Point ID (5 1).

Delete psf data in /root/simulation/ADC/compfirstpass/maestro/results/maestro/ExplorerRun.0/1/ADC:compfirstpass:1/psf.
compose simulator input file...
      ...successful.
start simulator if needed...
      ...successful.
simulate...
To view the simulator output, right-click on the test name, result 
name, or any value in the "Results" tab of the Outputs section and 
choose "Output Log" menu option.
INFO (ADE-3071): Simulation completed successfully.
reading simulation data...
      ...successful.
*Info*    Client has finished evaluating ... 


*Info*    Run complete for Point ID (5 1) on testbench [
          ADC:compfirstpass:1 ].





