[Spectre Monitor: 5]
[2023-03-15 14:51:59.761 +0530] [PROCESS] [cadence.virtuoso.ade.spectreMonitor] - Spectre Monitor has successfully started up. Trying to set up communication channels to other components ... : {"hostname": "islcadence1", "processid": 23281, "logfile": "/root/Documents/GPS/logs_root/logs0/Job5.log"}
[2023-03-15 14:51:59.761 +0530] [PROCESS] [cadence.virtuoso.ade.spectreMonitor] - Started History : {"hostname": "islcadence1", "processid": 23281, "history": "ExplorerRun.0", "logfile": "/root/Documents/GPS/logs_root/logs0/Job5.log"}
[2023-03-15 14:51:59.794 +0530] [PROCESS] [cadence.virtuoso.ade.spectreMonitor] - Communication channels have been successfully set up. Start processing events ... : {"hostname": "islcadence1", "processid": 23281, "history": "ExplorerRun.0", "logfile": "/root/Documents/GPS/logs_root/logs0/Job5.log"}
[2023-03-15 14:51:59.875 +0530] [PROCESS] [cadence.virtuoso.ade.spectreMonitor] - HostInfo:
Host name (type):	islcadence1 (x86_64)
Operating system:	Linux 3.10.0-1160.el7.x86_64 #1 SMP Tue Aug 18 14:50:17 EDT 2020 : {"hostname": "islcadence1", "processid": 23281, "history": "ExplorerRun.0", "logfile": "/root/Documents/GPS/logs_root/logs0/Job5.log", "nodename": "islcadence1", "domainname": "(none)", "machine": "x86_64", "sysname": "Linux", "release": "3.10.0-1160.el7.x86_64", "version": "#1 SMP Tue Aug 18 14:50:17 EDT 2020"}
[2023-03-15 14:51:59.875 +0530] [PROCESS] [cadence.virtuoso.ade.spectreMonitor] - UsageInfo:
pid=23281
totalPhysicalMemory=15.303967GB,Used=6.372002GB,totalVirtualMemory=22.928963GB,Used=6.372002GB
Cpu: Cores=8, Load average:0.290000,0.140000,0.140000 : {"hostname": "islcadence1", "processid": 23281, "history": "ExplorerRun.0", "logfile": "/root/Documents/GPS/logs_root/logs0/Job5.log", "pid": "23281", "totalPhysicalMemory": "15.303967", "physicalMemoryUsed": "6.372002", "totalVirtualMemory": "22.928963", "virtualMemoryUsed": "6.372002", "cpuCores": "8", "processes": "1011", "loadAverage1": "0.290000", "loadAverage5": "0.140000", "loadAverage15": "0.140000", "loadAverage1Percent": "0.036250"}
[2023-03-15 14:51:59.877 +0530] [EVENT] [cadence.virtuoso.ade.spectreMonitor] - NewPoint : {"history": "ExplorerRun.0", "point": 1, "testname": "ADC_15comp_1", "cornername": "Nominal", "event": "NewPoint", "EventSource": "Spectre Monitor", "HistoryName": "ExplorerRun.0", "logFile": "/root/Documents/GPS/logs_root/logs0/Job5.log", "logFileSize": "2088"}
[2023-03-15 14:51:59.878 +0530] [EVENT] [cadence.virtuoso.ade.spectreMonitor] - NewPoint : {"history": "ExplorerRun.0", "point": 1, "testname": "ADC_15comp_1", "cornername": "Nominal", "event": "NewPoint", "EventSource": "spectre", "HistoryName": "ExplorerRun.0", "logFile": "/root/simulation/ADC/15comp/maestro/results/maestro/ExplorerRun.0/1/ADC_15comp_1/psf/spectre.out", "logFileSize": "-1"}
[2023-03-15 14:51:59.881 +0530] [PROCESS] [cadence.virtuoso.ade.spectreMonitor] - Launched simulator : {"hostname": "islcadence1", "processid": 23281, "history": "ExplorerRun.0", "testname": "ADC_15comp_1", "cornername": "Nominal", "point": 1, "logfile": "/root/Documents/GPS/logs_root/logs0/Job5.log", "simid": "1"}
[2023-03-15 14:51:59.882 +0530] [PROCESS] [cadence.virtuoso.ade.spectreMonitor] - Launched evaluator : {"hostname": "islcadence1", "processid": 23281, "history": "ExplorerRun.0", "testname": "ADC_15comp_1", "cornername": "Nominal", "point": 1, "logfile": "/root/Documents/GPS/logs_root/logs0/Job5.log"}
[2023-03-15 14:52:00.472 +0530] [INFO] [cadence.virtuoso.ade.spectreMonitor] - Peak resident memory used = 71.4 Mbytes. : {"history": "ExplorerRun.0", "point": 1, "testname": "ADC_15comp_1", "cornername": "Nominal"}
[2023-03-15 14:52:00.472 +0530] [INFO] [cadence.virtuoso.ade.spectreMonitor] - Peak resident memory used = 79.7 Mbytes. : {"history": "ExplorerRun.0", "point": 1, "testname": "ADC_15comp_1", "cornername": "Nominal"}
[2023-03-15 14:52:00.472 +0530] [WARN] [cadence.virtuoso.ade.spectreMonitor] -     WARNING (SPECTRE-17101): The value 'psf' specified for the 'checklimitdest' option will no longer be supported in future releases. Use 'spectre -h' to see other recommended values for the 'checklimitdest' option. : {"history": "ExplorerRun.0", "point": 1, "testname": "ADC_15comp_1", "cornername": "Nominal"}
[2023-03-15 14:52:00.472 +0530] [INFO] [cadence.virtuoso.ade.spectreMonitor] - Peak resident memory used = 81.3 Mbytes. : {"history": "ExplorerRun.0", "point": 1, "testname": "ADC_15comp_1", "cornername": "Nominal"}
[2023-03-15 14:52:00.473 +0530] [INFO] [cadence.virtuoso.ade.spectreMonitor] - Notice from spectre during initial setup.
    Multithreading is disabled due to the size of the design being too small. : {"history": "ExplorerRun.0", "point": 1, "testname": "ADC_15comp_1", "cornername": "Nominal"}
[2023-03-15 14:52:00.473 +0530] [INFO] [cadence.virtuoso.ade.spectreMonitor] -               nodes 193 : {"history": "ExplorerRun.0", "point": 1, "testname": "ADC_15comp_1", "cornername": "Nominal"}
[2023-03-15 14:52:00.473 +0530] [INFO] [cadence.virtuoso.ade.spectreMonitor] - Notice from spectre during initial setup.
    APS enabled. : {"history": "ExplorerRun.0", "point": 1, "testname": "ADC_15comp_1", "cornername": "Nominal"}
[2023-03-15 14:52:00.474 +0530] [INFO] [cadence.virtuoso.ade.spectreMonitor] - Peak resident memory used = 82.8 Mbytes. : {"history": "ExplorerRun.0", "point": 1, "testname": "ADC_15comp_1", "cornername": "Nominal"}
[2023-03-15 14:52:00.474 +0530] [INFO] [cadence.virtuoso.ade.spectreMonitor] - Notice from spectre during IC analysis, during transient analysis `tran'.
    GminDC = 1 pS is large enough to noticeably affect the DC solution.
        dV(I0.net8) = 2.14406 mV
        Use the `gmin_check' option to eliminate or expand this report. : {"history": "ExplorerRun.0", "point": 1, "testname": "ADC_15comp_1", "cornername": "Nominal"}
[2023-03-15 14:52:00.474 +0530] [INFO] [cadence.virtuoso.ade.spectreMonitor] - Notice from spectre during transient analysis `tran'.
    Multithreading is disabled due to the size of the design being too small. : {"history": "ExplorerRun.0", "point": 1, "testname": "ADC_15comp_1", "cornername": "Nominal"}
[2023-03-15 14:52:00.474 +0530] [INFO] [cadence.virtuoso.ade.spectreMonitor] - Notice from spectre at time = 10 ns during transient analysis `tran'.
    Found trapezoidal ringing on node I0.P. : {"history": "ExplorerRun.0", "point": 1, "testname": "ADC_15comp_1", "cornername": "Nominal"}
[2023-03-15 14:52:00.975 +0530] [INFO] [cadence.virtuoso.ade.spectreMonitor] - Notice from spectre at time = 50 ns during transient analysis `tran'.
    Found trapezoidal ringing on node I0.P. : {"history": "ExplorerRun.0", "point": 1, "testname": "ADC_15comp_1", "cornername": "Nominal"}
[2023-03-15 14:52:00.975 +0530] [INFO] [cadence.virtuoso.ade.spectreMonitor] - Notice from spectre at time = 70 ns during transient analysis `tran'.
    Found trapezoidal ringing on node I0.net8. : {"history": "ExplorerRun.0", "point": 1, "testname": "ADC_15comp_1", "cornername": "Nominal"}
[2023-03-15 14:52:00.976 +0530] [INFO] [cadence.virtuoso.ade.spectreMonitor] - Notice from spectre at time = 90 ns during transient analysis `tran'.
    Found trapezoidal ringing on node I0.P. : {"history": "ExplorerRun.0", "point": 1, "testname": "ADC_15comp_1", "cornername": "Nominal"}
[2023-03-15 14:52:00.976 +0530] [INFO] [cadence.virtuoso.ade.spectreMonitor] - Notice from spectre at time = 110 ns during transient analysis `tran'.
    Found trapezoidal ringing on node I0.net8.
        Further occurrences of this notice will be suppressed. : {"history": "ExplorerRun.0", "point": 1, "testname": "ADC_15comp_1", "cornername": "Nominal"}
[2023-03-15 14:52:05.985 +0530] [PROCESS] [cadence.virtuoso.ade.spectreMonitor] - Finished simulating for one point : {"hostname": "islcadence1", "processid": 23281, "history": "ExplorerRun.0", "testname": "ADC_15comp_1", "cornername": "Nominal", "point": 1, "logfile": "/root/Documents/GPS/logs_root/logs0/Job5.log", "simid": "1"}
[2023-03-15 14:52:05.985 +0530] [INFO] [cadence.virtuoso.ade.spectreMonitor] - Notice from spectre during transient analysis `tran'.
    Trapezoidal ringing is detected during tran analysis.
        Please use method=trap for better results and performance. : {"history": "ExplorerRun.0", "point": 1, "testname": "ADC_15comp_1", "cornername": "Nominal"}
[2023-03-15 14:52:05.986 +0530] [INFO] [cadence.virtuoso.ade.spectreMonitor] - Total time required for tran analysis `tran': CPU = 5.10569 s, elapsed = 5.12493 s. : {"history": "ExplorerRun.0", "point": 1, "testname": "ADC_15comp_1", "cornername": "Nominal"}
[2023-03-15 14:52:05.986 +0530] [INFO] [cadence.virtuoso.ade.spectreMonitor] - Peak resident memory used = 144 Mbytes. : {"history": "ExplorerRun.0", "point": 1, "testname": "ADC_15comp_1", "cornername": "Nominal"}
[2023-03-15 14:52:05.986 +0530] [INFO] [cadence.virtuoso.ade.spectreMonitor] - Notice from spectre.
    64 notices suppressed. : {"history": "ExplorerRun.0", "point": 1, "testname": "ADC_15comp_1", "cornername": "Nominal"}
[2023-03-15 14:52:05.986 +0530] [INFO] [cadence.virtuoso.ade.spectreMonitor] - Time used: CPU = 5.33 s, elapsed = 5.62 s, util. = 94.8%. : {"history": "ExplorerRun.0", "point": 1, "testname": "ADC_15comp_1", "cornername": "Nominal"}
[2023-03-15 14:52:05.986 +0530] [INFO] [cadence.virtuoso.ade.spectreMonitor] - Time spent in licensing: elapsed = 73.2 ms. : {"history": "ExplorerRun.0", "point": 1, "testname": "ADC_15comp_1", "cornername": "Nominal"}
[2023-03-15 14:52:05.986 +0530] [INFO] [cadence.virtuoso.ade.spectreMonitor] - Peak memory used = 144 Mbytes. : {"history": "ExplorerRun.0", "point": 1, "testname": "ADC_15comp_1", "cornername": "Nominal"}
[2023-03-15 14:52:05.987 +0530] [PROCESS] [cadence.virtuoso.ade.spectreMonitor] - Simulation started at: 2:51:59 PM, Wed Mar 15, 2023, ended at: 2:52:05 PM, Wed Mar 15, 2023, with elapsed time (wall clock): 5.62 s. : {"history": "ExplorerRun.0", "point": 1, "testname": "ADC_15comp_1", "cornername": "Nominal"}
[2023-03-15 14:52:05.987 +0530] [PROCESS] [cadence.virtuoso.ade.spectreMonitor] - spectre completes with 0 errors, 1 warning, and 12 notices. : {"history": "ExplorerRun.0", "point": 1, "testname": "ADC_15comp_1", "cornername": "Nominal"}
[2023-03-15 14:52:05.987 +0530] [PROCESS] [cadence.virtuoso.ade.spectreMonitor] - Finished Simulation : {"hostname": "islcadence1", "processid": 23281, "history": "ExplorerRun.0", "testname": "ADC_15comp_1", "cornername": "Nominal", "point": 1, "logfile": "/root/Documents/GPS/logs_root/logs0/Job5.log", "simid": "1"}
[2023-03-15 14:52:06.990 +0530] [PROCESS] [cadence.virtuoso.ade.spectreMonitor] - Point Finished : {"hostname": "islcadence1", "processid": 23281, "history": "ExplorerRun.0", "testname": "ADC_15comp_1", "cornername": "Nominal", "point": 1, "logfile": "/root/Documents/GPS/logs_root/logs0/Job5.log"}
[2023-03-15 14:53:37.295 +0530] [PROCESS] [cadence.virtuoso.ade.spectreMonitor] - HostInfo:
Host name (type):	islcadence1 (x86_64)
Operating system:	Linux 3.10.0-1160.el7.x86_64 #1 SMP Tue Aug 18 14:50:17 EDT 2020 : {"hostname": "islcadence1", "processid": 23281, "history": "ExplorerRun.0", "testname": "ADC_15comp_1", "cornername": "Nominal", "point": 1, "logfile": "/root/Documents/GPS/logs_root/logs0/Job5.log", "nodename": "islcadence1", "domainname": "(none)", "machine": "x86_64", "sysname": "Linux", "release": "3.10.0-1160.el7.x86_64", "version": "#1 SMP Tue Aug 18 14:50:17 EDT 2020"}
[2023-03-15 14:53:37.295 +0530] [PROCESS] [cadence.virtuoso.ade.spectreMonitor] - UsageInfo:
pid=23281
totalPhysicalMemory=15.303967GB,Used=6.400723GB,totalVirtualMemory=22.928963GB,Used=6.400723GB
Cpu: Cores=8, Load average:0.190000,0.160000,0.150000 : {"hostname": "islcadence1", "processid": 23281, "history": "ExplorerRun.0", "testname": "ADC_15comp_1", "cornername": "Nominal", "point": 1, "logfile": "/root/Documents/GPS/logs_root/logs0/Job5.log", "pid": "23281", "totalPhysicalMemory": "15.303967", "physicalMemoryUsed": "6.400723", "totalVirtualMemory": "22.928963", "virtualMemoryUsed": "6.400723", "cpuCores": "8", "processes": "1015", "loadAverage1": "0.190000", "loadAverage5": "0.160000", "loadAverage15": "0.150000", "loadAverage1Percent": "0.023750"}
[2023-03-15 14:53:37.298 +0530] [EVENT] [cadence.virtuoso.ade.spectreMonitor] - NewPoint : {"history": "ExplorerRun.0", "point": 1, "testname": "ADC_15comp_1", "cornername": "Nominal", "event": "NewPoint", "EventSource": "Spectre Monitor", "HistoryName": "ExplorerRun.0", "logFile": "/root/Documents/GPS/logs_root/logs0/Job5.log", "logFileSize": "12258"}
[2023-03-15 14:53:37.298 +0530] [EVENT] [cadence.virtuoso.ade.spectreMonitor] - NewPoint : {"history": "ExplorerRun.0", "point": 1, "testname": "ADC_15comp_1", "cornername": "Nominal", "event": "NewPoint", "EventSource": "spectre", "HistoryName": "ExplorerRun.0", "logFile": "/root/simulation/ADC/15comp/maestro/results/maestro/ExplorerRun.0/1/ADC_15comp_1/psf/spectre.out", "logFileSize": "-1"}
[2023-03-15 14:53:37.300 +0530] [PROCESS] [cadence.virtuoso.ade.spectreMonitor] - Launched simulator : {"hostname": "islcadence1", "processid": 23281, "history": "ExplorerRun.0", "testname": "ADC_15comp_1", "cornername": "Nominal", "point": 1, "logfile": "/root/Documents/GPS/logs_root/logs0/Job5.log", "simid": "2"}
[2023-03-15 14:53:37.302 +0530] [PROCESS] [cadence.virtuoso.ade.spectreMonitor] - Launched evaluator : {"hostname": "islcadence1", "processid": 23281, "history": "ExplorerRun.0", "testname": "ADC_15comp_1", "cornername": "Nominal", "point": 1, "logfile": "/root/Documents/GPS/logs_root/logs0/Job5.log"}
[2023-03-15 14:53:37.864 +0530] [INFO] [cadence.virtuoso.ade.spectreMonitor] - Peak resident memory used = 69.5 Mbytes. : {"history": "ExplorerRun.0", "point": 1, "testname": "ADC_15comp_1", "cornername": "Nominal"}
[2023-03-15 14:53:37.864 +0530] [INFO] [cadence.virtuoso.ade.spectreMonitor] - Peak resident memory used = 77.8 Mbytes. : {"history": "ExplorerRun.0", "point": 1, "testname": "ADC_15comp_1", "cornername": "Nominal"}
[2023-03-15 14:53:37.865 +0530] [WARN] [cadence.virtuoso.ade.spectreMonitor] -     WARNING (SPECTRE-17101): The value 'psf' specified for the 'checklimitdest' option will no longer be supported in future releases. Use 'spectre -h' to see other recommended values for the 'checklimitdest' option. : {"history": "ExplorerRun.0", "point": 1, "testname": "ADC_15comp_1", "cornername": "Nominal"}
[2023-03-15 14:53:37.865 +0530] [INFO] [cadence.virtuoso.ade.spectreMonitor] - Peak resident memory used = 79.4 Mbytes. : {"history": "ExplorerRun.0", "point": 1, "testname": "ADC_15comp_1", "cornername": "Nominal"}
[2023-03-15 14:53:37.865 +0530] [INFO] [cadence.virtuoso.ade.spectreMonitor] - Notice from spectre during initial setup.
    Multithreading is disabled due to the size of the design being too small. : {"history": "ExplorerRun.0", "point": 1, "testname": "ADC_15comp_1", "cornername": "Nominal"}
[2023-03-15 14:53:37.865 +0530] [INFO] [cadence.virtuoso.ade.spectreMonitor] -               nodes 193 : {"history": "ExplorerRun.0", "point": 1, "testname": "ADC_15comp_1", "cornername": "Nominal"}
[2023-03-15 14:53:37.865 +0530] [INFO] [cadence.virtuoso.ade.spectreMonitor] - Notice from spectre during initial setup.
    1 resistors are shorted because their absolute value is less than or equal to 'rabsshort'.
    APS enabled. : {"history": "ExplorerRun.0", "point": 1, "testname": "ADC_15comp_1", "cornername": "Nominal"}
[2023-03-15 14:53:37.866 +0530] [INFO] [cadence.virtuoso.ade.spectreMonitor] - Peak resident memory used = 81 Mbytes. : {"history": "ExplorerRun.0", "point": 1, "testname": "ADC_15comp_1", "cornername": "Nominal"}
[2023-03-15 14:53:37.866 +0530] [INFO] [cadence.virtuoso.ade.spectreMonitor] - Notice from spectre during IC analysis, during transient analysis `tran'.
    GminDC = 1 pS is large enough to noticeably affect the DC solution.
        dV(I0.net8) = 2.33673 mV
        Use the `gmin_check' option to eliminate or expand this report. : {"history": "ExplorerRun.0", "point": 1, "testname": "ADC_15comp_1", "cornername": "Nominal"}
[2023-03-15 14:53:37.866 +0530] [INFO] [cadence.virtuoso.ade.spectreMonitor] - Notice from spectre during transient analysis `tran'.
    Multithreading is disabled due to the size of the design being too small. : {"history": "ExplorerRun.0", "point": 1, "testname": "ADC_15comp_1", "cornername": "Nominal"}
[2023-03-15 14:53:37.866 +0530] [INFO] [cadence.virtuoso.ade.spectreMonitor] - Notice from spectre at time = 10 ns during transient analysis `tran'.
    Found trapezoidal ringing on node I0.P. : {"history": "ExplorerRun.0", "point": 1, "testname": "ADC_15comp_1", "cornername": "Nominal"}
[2023-03-15 14:53:38.367 +0530] [INFO] [cadence.virtuoso.ade.spectreMonitor] - Notice from spectre at time = 70 ns during transient analysis `tran'.
    Found trapezoidal ringing on node I0.P. : {"history": "ExplorerRun.0", "point": 1, "testname": "ADC_15comp_1", "cornername": "Nominal"}
[2023-03-15 14:53:38.367 +0530] [INFO] [cadence.virtuoso.ade.spectreMonitor] - Notice from spectre at time = 90 ns during transient analysis `tran'.
    Found trapezoidal ringing on node I0.net8. : {"history": "ExplorerRun.0", "point": 1, "testname": "ADC_15comp_1", "cornername": "Nominal"}
[2023-03-15 14:53:38.367 +0530] [INFO] [cadence.virtuoso.ade.spectreMonitor] - Notice from spectre at time = 110 ns during transient analysis `tran'.
    Found trapezoidal ringing on node I0.P. : {"history": "ExplorerRun.0", "point": 1, "testname": "ADC_15comp_1", "cornername": "Nominal"}
[2023-03-15 14:53:38.368 +0530] [INFO] [cadence.virtuoso.ade.spectreMonitor] - Notice from spectre at time = 150 ns during transient analysis `tran'.
    Found trapezoidal ringing on node I0.P.
        Further occurrences of this notice will be suppressed. : {"history": "ExplorerRun.0", "point": 1, "testname": "ADC_15comp_1", "cornername": "Nominal"}
[2023-03-15 14:53:42.375 +0530] [INFO] [cadence.virtuoso.ade.spectreMonitor] - Notice from spectre during transient analysis `tran'.
    Trapezoidal ringing is detected during tran analysis.
        Please use method=trap for better results and performance. : {"history": "ExplorerRun.0", "point": 1, "testname": "ADC_15comp_1", "cornername": "Nominal"}
[2023-03-15 14:53:42.876 +0530] [INFO] [cadence.virtuoso.ade.spectreMonitor] - Total time required for tran analysis `tran': CPU = 4.38275 s, elapsed = 4.40329 s. : {"history": "ExplorerRun.0", "point": 1, "testname": "ADC_15comp_1", "cornername": "Nominal"}
[2023-03-15 14:53:42.876 +0530] [INFO] [cadence.virtuoso.ade.spectreMonitor] - Peak resident memory used = 141 Mbytes. : {"history": "ExplorerRun.0", "point": 1, "testname": "ADC_15comp_1", "cornername": "Nominal"}
[2023-03-15 14:53:42.877 +0530] [INFO] [cadence.virtuoso.ade.spectreMonitor] - Notice from spectre.
    85 notices suppressed. : {"history": "ExplorerRun.0", "point": 1, "testname": "ADC_15comp_1", "cornername": "Nominal"}
[2023-03-15 14:53:43.377 +0530] [PROCESS] [cadence.virtuoso.ade.spectreMonitor] - Finished simulating for one point : {"hostname": "islcadence1", "processid": 23281, "history": "ExplorerRun.0", "testname": "ADC_15comp_1", "cornername": "Nominal", "point": 1, "logfile": "/root/Documents/GPS/logs_root/logs0/Job5.log", "simid": "2"}
[2023-03-15 14:53:43.377 +0530] [INFO] [cadence.virtuoso.ade.spectreMonitor] - Time used: CPU = 4.61 s, elapsed = 5.35 s, util. = 86.1%. : {"history": "ExplorerRun.0", "point": 1, "testname": "ADC_15comp_1", "cornername": "Nominal"}
[2023-03-15 14:53:43.377 +0530] [INFO] [cadence.virtuoso.ade.spectreMonitor] - Time spent in licensing: elapsed = 74 ms. : {"history": "ExplorerRun.0", "point": 1, "testname": "ADC_15comp_1", "cornername": "Nominal"}
[2023-03-15 14:53:43.378 +0530] [INFO] [cadence.virtuoso.ade.spectreMonitor] - Peak memory used = 142 Mbytes. : {"history": "ExplorerRun.0", "point": 1, "testname": "ADC_15comp_1", "cornername": "Nominal"}
[2023-03-15 14:53:43.378 +0530] [PROCESS] [cadence.virtuoso.ade.spectreMonitor] - Simulation started at: 2:53:37 PM, Wed Mar 15, 2023, ended at: 2:53:42 PM, Wed Mar 15, 2023, with elapsed time (wall clock): 5.35 s. : {"history": "ExplorerRun.0", "point": 1, "testname": "ADC_15comp_1", "cornername": "Nominal"}
[2023-03-15 14:53:43.378 +0530] [PROCESS] [cadence.virtuoso.ade.spectreMonitor] - spectre completes with 0 errors, 1 warning, and 13 notices. : {"history": "ExplorerRun.0", "point": 1, "testname": "ADC_15comp_1", "cornername": "Nominal"}
[2023-03-15 14:53:43.378 +0530] [PROCESS] [cadence.virtuoso.ade.spectreMonitor] - Finished Simulation : {"hostname": "islcadence1", "processid": 23281, "history": "ExplorerRun.0", "testname": "ADC_15comp_1", "cornername": "Nominal", "point": 1, "logfile": "/root/Documents/GPS/logs_root/logs0/Job5.log", "simid": "2"}
[2023-03-15 14:53:44.382 +0530] [PROCESS] [cadence.virtuoso.ade.spectreMonitor] - Point Finished : {"hostname": "islcadence1", "processid": 23281, "history": "ExplorerRun.0", "testname": "ADC_15comp_1", "cornername": "Nominal", "point": 1, "logfile": "/root/Documents/GPS/logs_root/logs0/Job5.log"}
[2023-03-15 14:58:44.873 +0530] [PROCESS] [cadence.virtuoso.ade.spectreMonitor] - Current memory used: 23.6406 MBytes, peak memory used: 25.2109 MBytes : {"hostname": "islcadence1", "processid": 23281, "history": "ExplorerRun.0", "testname": "ADC_15comp_1", "cornername": "Nominal", "point": 1, "logfile": "/root/Documents/GPS/logs_root/logs0/Job5.log"}
[2023-03-15 14:58:44.873 +0530] [PROCESS] [cadence.virtuoso.ade.spectreMonitor] - Spectre Monitor process exit. : {"hostname": "islcadence1", "processid": 23281, "history": "ExplorerRun.0", "testname": "ADC_15comp_1", "cornername": "Nominal", "point": 1, "logfile": "/root/Documents/GPS/logs_root/logs0/Job5.log"}
