\o Program:		@(#)$CDS: libManager version 6.1.8 - CAT37 03/31/2021 15:41 (sjfdcl1031) $
\o Sub version:		sub-version  s184 
\o Arguments:		-unmapped -mpssession virtuoso4286 -mpshost islcadence2 
\o Working Directory:	islcadence2:/root/Documents/vvgh/GPS
\o 64-bit offsets
\o Qt version: 		5.9.1
\o changeWorkingDir("/root/Documents/vvgh/GPS") unnecessary.
\o ddSetForcedLib("") unnecessary.
\o Log file is "/root/Documents/vvgh/GPS/libManager.log".
\o Opening libManager window.
\a nrSetWindowVisibility(cdsLibManager "show")
\o MPS service: map window
\o Library Manager customization server connected.
\a nrSetCurrentWindow(cdsLibManager)
\a nrResizeWindow(cdsLibManager list(206 76 1440 723))
\a cdsLibManager->libListBox->value = "basic"
\a cdsLibManager->libLineEdit->value = "basic"
\a lmgrLogShowPopup("mainListPopup0" 320 108 2 "basic")
\a cdsLibManager->libListBox->value = "ADC"
\a cdsLibManager->libLineEdit->value = "ADC"
\a cdsLibManager->libListBox->value = "LNA"
\a cdsLibManager->libLineEdit->value = "LNA"
\a cdsLibManager->cellListBox->value = "s2d"
\a cdsLibManager->cellLineEdit->value = "s2d"
\a cdsLibManager->libListBox->value = "ahdlLib"
\a cdsLibManager->libLineEdit->value = "ahdlLib"
\a cdsLibManager->cellLineEdit->value = ""
\a cdsLibManager->cellListBox->value = nil
\a cdsLibManager->libListBox->value = "US_8ths"
\a cdsLibManager->libLineEdit->value = "US_8ths"
\a cdsLibManager->libListBox->value = "ADC"
\a cdsLibManager->libLineEdit->value = "ADC"
\a nrSetWindowVisibility(cdsLibManager "hide")
\a _lmgrCloseIconify("cdsLibManager" 1)
\a cdsLibManager->libListBox->value = nil
\a cdsLibManager->libLineEdit->value = ""
\a cdsLibManager->libListBox->value = "ADC"
\a cdsLibManager->libLineEdit->value = "ADC"
\a cdsLibManager->libListBox->value = nil
\a cdsLibManager->libLineEdit->value = ""
\a cdsLibManager->libListBox->value = "ADC"
\a cdsLibManager->libLineEdit->value = "ADC"
\a cdsLibManager->libListBox->value = nil
\a cdsLibManager->libLineEdit->value = ""
\a cdsLibManager->libListBox->value = "ADC"
\a cdsLibManager->libLineEdit->value = "ADC"
\a cdsLibManager->libListBox->value = nil
\a cdsLibManager->libLineEdit->value = ""
\a cdsLibManager->libListBox->value = "ADC"
\a cdsLibManager->libLineEdit->value = "ADC"
\a cdsLibManager->libListBox->value = nil
\a cdsLibManager->libLineEdit->value = ""
\a cdsLibManager->libListBox->value = "ADC"
\a cdsLibManager->libLineEdit->value = "ADC"
\a cdsLibManager->libListBox->value = nil
\a cdsLibManager->libLineEdit->value = ""
\a cdsLibManager->libListBox->value = "ADC"
\a cdsLibManager->libLineEdit->value = "ADC"
