\# Program start time:     UTC 2023.02.16 10:05:45.296
\# Local time: IST (UTC+05:30) 2023.02.16 15:35:45.296
\o Program:		@(#)$CDS: virtuoso version 6.1.7-64b 04/17/2018 20:01 (sjfhw312) $
\o Hierarchy:		/home/install/IC617/tools.lnx86/dfII/
\o Sub version:		sub-version  IC6.1.7-64b.500.19  (64-bit addresses)
\# Command line:	/home/install/IC617/tools.lnx86/dfII/bin/64bit/virtuoso -noautostart -mpssession virtuoso4003 -mpshost pgcadence-09 -davinciService DaVinciService_4003_1676541941 -log /home/pguser/P2/logs_pguser/logs0/Job0.log -licenseLockFileName /home/pguser/P2/.tmp_pguser/.pgcadence-09_4003 -nograph -nostdin -axlChildIdFlag 0
\# Host name (type):	pgcadence-09 (x86_64)
\# Operating system:	Linux 3.10.0-1062.el7.x86_64 #1 SMP Thu Jul 18 20:25:13 UTC 2019
\# Linux /etc/issue:	\S
\# Linux /etc/issue:	Kernel \r on an \m
\# X display name (WxH):	pgcadence-09:80 (1024x868)
\# Available geometry:			TL(0:0) BR(1023:867)
\# X server:			RealVNC Ltd (VNC nograph server, PID 6702)
\# Depth of Visual (Root):	16 (16)
\# Number of Planes Used:	16
\# X version:		11.0 (vendor release 3370)
\# X resource pool:	base 0x800000, mask 0x3fffff (4194303), shift 0
\# 			current id 0x0, current max 0x3ffffa (4194298)
\# Max data seg size:	     unlimited
\# Max process size:	     unlimited
\# Initial sbrk value:	        460 MB
\# Available memory:	     14,358 MB
\# System memory:	     15,644 MB
\# Maximum memory size:	     15,259 MB
\# Max mem available:	     14,433 MB
\# Initial memory used:	         74 MB
\#        process size:	      1,022 MB
\# Thread usage limits (effective/default):	maxthreads 4096/4096 maxload 4.00/4.00
\# Qt version:		4.8.5
\# Window Manager:	other
\# User Name:		pguser
\o Working Directory:	pgcadence-09:/home/pguser/P2
\# Process Id:		6712
\o 
\o COPYRIGHT (C) 1992-2018  CADENCE DESIGN SYSTEMS INC.  ALL RIGHTS RESERVED.
\o           (C) 1992-2018  UNIX SYSTEMS Laboratories INC.,
\o                          Reproduced with permission.
\o 
\o This Cadence Design Systems program and online documentation are
\o proprietary/confidential information and may be disclosed/used only
\o as authorized in a license agreement controlling such use and disclosure.
\o 
\o           RESTRICTED RIGHTS NOTICE (SHORT FORM)
\o Use/reproduction/disclosure is subject to restriction
\o set forth at FAR 1252.227-19 or its equivalent.
\o Loading geView.cxt 
\o Loading menuBuilder.cxt 
\o Loading schView.cxt 
\o Loading selectSv.cxt 
\o Loading pvsui.cxt.
\o Loading wireEdit.cxt 
\o Loading pte2.cxt 
\o Loading xlUI.cxt 
\o Loading auCore.cxt 
\o Loading vhdl.cxt 
\o Loading seismic.cxt 
\o Loading ci.cxt 
\o Loading ams.cxt 
\o Loading oasis.cxt 
\o Loading analog.cxt 
\o Loading asimenv.cxt 
\o Loading socket.cxt 
\o Loading dal.cxt 
\o Loading awv.cxt 
\o Loading par.cxt 
\o Loading alvs.cxt 
\o Loading caa.cxt 
\o Loading adexlCore.cxt 
\o Loading adexl.cxt 
\# Memory report: using         184 MB, process size 1,254 MB at UTC 2023.02.16 10:05:47.053
\o *Info*    Exporting services from client ... 
\o 
\o *INFO* (icLic-303) virtuoso: PID=6712, Child Mode is true, ICPR Mode is true, Registration Timeout is 180 seconds, Communication Timeout is 180 seconds.
\w *WARNING* The directory: '/home/install/FOUNDRY/analog/45nm/gpdk045' does not exist
\w 	but was defined in libFile '/home/install/FOUNDRY/cds.lib' for Lib 'gpdk045'.
\o *Info*    Client has finished starting ... 
\o 
\p > 
\o Loading pe.cxt 
\a _treeSetOpcGUI(t)
\r t
\# Available memory:         14,172 MB at UTC 2023.02.16 10:05:55.527
\# Memory report: Maximum memory size now 14,374 MB at UTC 2023.02.16 10:05:55.527
\# Thread usage report: 5 active threads, active load 1.00 at UTC 2023.02.16 10:05:55.527
\# Memory report: Maximum memory size now 14,050 MB at UTC 2023.02.16 10:10:05.533
\o Job 0 timed out after no activity in 300 seconds.
\o Loading simui.cxt 
\o 
\o *Info*    Received signal SIGTERM.
\o 
\o 
