[Spectre Monitor: 5]
[2023-03-17 10:59:23.951 +0530] [PROCESS] [cadence.virtuoso.ade.spectreMonitor] - Spectre Monitor has successfully started up. Trying to set up communication channels to other components ... : {"hostname": "islcadence2", "processid": 17106, "logfile": "/root/Documents/vvgh/GPS/logs_root/logs1/Job5.log"}
[2023-03-17 10:59:23.952 +0530] [PROCESS] [cadence.virtuoso.ade.spectreMonitor] - Started History : {"hostname": "islcadence2", "processid": 17106, "history": "ExplorerRun.0", "logfile": "/root/Documents/vvgh/GPS/logs_root/logs1/Job5.log"}
[2023-03-17 10:59:23.980 +0530] [PROCESS] [cadence.virtuoso.ade.spectreMonitor] - Communication channels have been successfully set up. Start processing events ... : {"hostname": "islcadence2", "processid": 17106, "history": "ExplorerRun.0", "logfile": "/root/Documents/vvgh/GPS/logs_root/logs1/Job5.log"}
[2023-03-17 10:59:24.062 +0530] [PROCESS] [cadence.virtuoso.ade.spectreMonitor] - HostInfo:
Host name (type):	islcadence2 (x86_64)
Operating system:	Linux 3.10.0-1160.el7.x86_64 #1 SMP Tue Aug 18 14:50:17 EDT 2020 : {"hostname": "islcadence2", "processid": 17106, "history": "ExplorerRun.0", "logfile": "/root/Documents/vvgh/GPS/logs_root/logs1/Job5.log", "nodename": "islcadence2", "domainname": "(none)", "machine": "x86_64", "sysname": "Linux", "release": "3.10.0-1160.el7.x86_64", "version": "#1 SMP Tue Aug 18 14:50:17 EDT 2020"}
[2023-03-17 10:59:24.062 +0530] [PROCESS] [cadence.virtuoso.ade.spectreMonitor] - UsageInfo:
pid=17106
totalPhysicalMemory=15.394783GB,Used=5.397808GB,totalVirtualMemory=23.144779GB,Used=5.397808GB
Cpu: Cores=8, Load average:0.210000,0.290000,0.360000 : {"hostname": "islcadence2", "processid": 17106, "history": "ExplorerRun.0", "logfile": "/root/Documents/vvgh/GPS/logs_root/logs1/Job5.log", "pid": "17106", "totalPhysicalMemory": "15.394783", "physicalMemoryUsed": "5.397808", "totalVirtualMemory": "23.144779", "virtualMemoryUsed": "5.397808", "cpuCores": "8", "processes": "912", "loadAverage1": "0.210000", "loadAverage5": "0.290000", "loadAverage15": "0.360000", "loadAverage1Percent": "0.026250"}
[2023-03-17 10:59:24.065 +0530] [EVENT] [cadence.virtuoso.ade.spectreMonitor] - NewPoint : {"history": "ExplorerRun.0", "point": 1, "testname": "ADC_15comp_1", "cornername": "Nominal", "event": "NewPoint", "EventSource": "Spectre Monitor", "HistoryName": "ExplorerRun.0", "logFile": "/root/Documents/vvgh/GPS/logs_root/logs1/Job5.log", "logFileSize": "2112"}
[2023-03-17 10:59:24.066 +0530] [EVENT] [cadence.virtuoso.ade.spectreMonitor] - NewPoint : {"history": "ExplorerRun.0", "point": 1, "testname": "ADC_15comp_1", "cornername": "Nominal", "event": "NewPoint", "EventSource": "spectre", "HistoryName": "ExplorerRun.0", "logFile": "/root/simulation/ADC/15comp/maestro/results/maestro/ExplorerRun.0/1/ADC_15comp_1/psf/spectre.out", "logFileSize": "-1"}
[2023-03-17 10:59:24.069 +0530] [PROCESS] [cadence.virtuoso.ade.spectreMonitor] - Launched simulator : {"hostname": "islcadence2", "processid": 17106, "history": "ExplorerRun.0", "testname": "ADC_15comp_1", "cornername": "Nominal", "point": 1, "logfile": "/root/Documents/vvgh/GPS/logs_root/logs1/Job5.log", "simid": "1"}
[2023-03-17 10:59:24.071 +0530] [PROCESS] [cadence.virtuoso.ade.spectreMonitor] - Launched evaluator : {"hostname": "islcadence2", "processid": 17106, "history": "ExplorerRun.0", "testname": "ADC_15comp_1", "cornername": "Nominal", "point": 1, "logfile": "/root/Documents/vvgh/GPS/logs_root/logs1/Job5.log"}
[2023-03-17 10:59:25.165 +0530] [INFO] [cadence.virtuoso.ade.spectreMonitor] - Peak resident memory used = 72.3 Mbytes. : {"history": "ExplorerRun.0", "point": 1, "testname": "ADC_15comp_1", "cornername": "Nominal"}
[2023-03-17 10:59:25.165 +0530] [INFO] [cadence.virtuoso.ade.spectreMonitor] - Peak resident memory used = 80.7 Mbytes. : {"history": "ExplorerRun.0", "point": 1, "testname": "ADC_15comp_1", "cornername": "Nominal"}
[2023-03-17 10:59:25.165 +0530] [WARN] [cadence.virtuoso.ade.spectreMonitor] -     WARNING (SPECTRE-17101): The value 'psf' specified for the 'checklimitdest' option will no longer be supported in future releases. Use 'spectre -h' to see other recommended values for the 'checklimitdest' option. : {"history": "ExplorerRun.0", "point": 1, "testname": "ADC_15comp_1", "cornername": "Nominal"}
[2023-03-17 10:59:25.165 +0530] [INFO] [cadence.virtuoso.ade.spectreMonitor] - Peak resident memory used = 82.5 Mbytes. : {"history": "ExplorerRun.0", "point": 1, "testname": "ADC_15comp_1", "cornername": "Nominal"}
[2023-03-17 10:59:25.165 +0530] [INFO] [cadence.virtuoso.ade.spectreMonitor] - Notice from spectre during topology check.
    Only one connection to the following 4 nodes:
        d0
        d1
        d2
        d3 : {"history": "ExplorerRun.0", "point": 1, "testname": "ADC_15comp_1", "cornername": "Nominal"}
[2023-03-17 10:59:25.166 +0530] [INFO] [cadence.virtuoso.ade.spectreMonitor] - Notice from spectre during initial setup.
    Multithreading is disabled due to the size of the design being too small. : {"history": "ExplorerRun.0", "point": 1, "testname": "ADC_15comp_1", "cornername": "Nominal"}
[2023-03-17 10:59:25.166 +0530] [INFO] [cadence.virtuoso.ade.spectreMonitor] -               nodes 200 : {"history": "ExplorerRun.0", "point": 1, "testname": "ADC_15comp_1", "cornername": "Nominal"}
[2023-03-17 10:59:25.166 +0530] [INFO] [cadence.virtuoso.ade.spectreMonitor] - Notice from spectre during initial setup.
    APS enabled. : {"history": "ExplorerRun.0", "point": 1, "testname": "ADC_15comp_1", "cornername": "Nominal"}
[2023-03-17 10:59:25.166 +0530] [INFO] [cadence.virtuoso.ade.spectreMonitor] - Peak resident memory used = 84.1 Mbytes. : {"history": "ExplorerRun.0", "point": 1, "testname": "ADC_15comp_1", "cornername": "Nominal"}
[2023-03-17 10:59:25.166 +0530] [INFO] [cadence.virtuoso.ade.spectreMonitor] - Notice from spectre during IC analysis, during transient analysis `tran'.
    GminDC = 1 pS is large enough to noticeably affect the DC solution.
        dV(vin) = -13.0389 mV
        Use the `gmin_check' option to eliminate or expand this report. : {"history": "ExplorerRun.0", "point": 1, "testname": "ADC_15comp_1", "cornername": "Nominal"}
[2023-03-17 10:59:25.167 +0530] [INFO] [cadence.virtuoso.ade.spectreMonitor] - Notice from spectre during transient analysis `tran'.
    Multithreading is disabled due to the size of the design being too small. : {"history": "ExplorerRun.0", "point": 1, "testname": "ADC_15comp_1", "cornername": "Nominal"}
[2023-03-17 10:59:25.167 +0530] [INFO] [cadence.virtuoso.ade.spectreMonitor] - Notice from spectre at time = 6.88674 ns during transient analysis `tran'.
    Found trapezoidal ringing on node I0.P. : {"history": "ExplorerRun.0", "point": 1, "testname": "ADC_15comp_1", "cornername": "Nominal"}
[2023-03-17 10:59:25.167 +0530] [INFO] [cadence.virtuoso.ade.spectreMonitor] - Notice from spectre at time = 9.69337 ns during transient analysis `tran'.
    Found trapezoidal ringing on node I0.P. : {"history": "ExplorerRun.0", "point": 1, "testname": "ADC_15comp_1", "cornername": "Nominal"}
[2023-03-17 10:59:25.167 +0530] [INFO] [cadence.virtuoso.ade.spectreMonitor] - Notice from spectre at time = 12.5 ns during transient analysis `tran'.
    Found trapezoidal ringing on node I0.P. : {"history": "ExplorerRun.0", "point": 1, "testname": "ADC_15comp_1", "cornername": "Nominal"}
[2023-03-17 10:59:25.167 +0530] [INFO] [cadence.virtuoso.ade.spectreMonitor] - Notice from spectre at time = 34.6829 ns during transient analysis `tran'.
    Found trapezoidal ringing on node I0.Q. : {"history": "ExplorerRun.0", "point": 1, "testname": "ADC_15comp_1", "cornername": "Nominal"}
[2023-03-17 10:59:25.167 +0530] [INFO] [cadence.virtuoso.ade.spectreMonitor] - Notice from spectre at time = 37.5 ns during transient analysis `tran'.
    Found trapezoidal ringing on node I0.Q.
        Further occurrences of this notice will be suppressed. : {"history": "ExplorerRun.0", "point": 1, "testname": "ADC_15comp_1", "cornername": "Nominal"}
[2023-03-17 10:59:27.171 +0530] [INFO] [cadence.virtuoso.ade.spectreMonitor] - Notice from spectre during transient analysis `tran'.
    Trapezoidal ringing is detected during tran analysis.
        Please use method=trap for better results and performance. : {"history": "ExplorerRun.0", "point": 1, "testname": "ADC_15comp_1", "cornername": "Nominal"}
[2023-03-17 10:59:27.171 +0530] [INFO] [cadence.virtuoso.ade.spectreMonitor] - Total time required for tran analysis `tran': CPU = 2.19407 s, elapsed = 2.21844 s. : {"history": "ExplorerRun.0", "point": 1, "testname": "ADC_15comp_1", "cornername": "Nominal"}
[2023-03-17 10:59:27.171 +0530] [INFO] [cadence.virtuoso.ade.spectreMonitor] - Peak resident memory used = 89.9 Mbytes. : {"history": "ExplorerRun.0", "point": 1, "testname": "ADC_15comp_1", "cornername": "Nominal"}
[2023-03-17 10:59:27.171 +0530] [INFO] [cadence.virtuoso.ade.spectreMonitor] - Notice from spectre.
    76 notices suppressed. : {"history": "ExplorerRun.0", "point": 1, "testname": "ADC_15comp_1", "cornername": "Nominal"}
[2023-03-17 10:59:27.672 +0530] [PROCESS] [cadence.virtuoso.ade.spectreMonitor] - Finished simulating for one point : {"hostname": "islcadence2", "processid": 17106, "history": "ExplorerRun.0", "testname": "ADC_15comp_1", "cornername": "Nominal", "point": 1, "logfile": "/root/Documents/vvgh/GPS/logs_root/logs1/Job5.log", "simid": "1"}
[2023-03-17 10:59:27.672 +0530] [INFO] [cadence.virtuoso.ade.spectreMonitor] - Time used: CPU = 2.42 s, elapsed = 3 s, util. = 80.6%. : {"history": "ExplorerRun.0", "point": 1, "testname": "ADC_15comp_1", "cornername": "Nominal"}
[2023-03-17 10:59:27.672 +0530] [INFO] [cadence.virtuoso.ade.spectreMonitor] - Time spent in licensing: elapsed = 291 ms, percentage of total = 9.7%. : {"history": "ExplorerRun.0", "point": 1, "testname": "ADC_15comp_1", "cornername": "Nominal"}
[2023-03-17 10:59:27.672 +0530] [INFO] [cadence.virtuoso.ade.spectreMonitor] - Peak memory used = 90.9 Mbytes. : {"history": "ExplorerRun.0", "point": 1, "testname": "ADC_15comp_1", "cornername": "Nominal"}
[2023-03-17 10:59:27.673 +0530] [PROCESS] [cadence.virtuoso.ade.spectreMonitor] - Simulation started at: 10:59:24 AM, Fri Mar 17, 2023, ended at: 10:59:27 AM, Fri Mar 17, 2023, with elapsed time (wall clock): 3 s. : {"history": "ExplorerRun.0", "point": 1, "testname": "ADC_15comp_1", "cornername": "Nominal"}
[2023-03-17 10:59:27.673 +0530] [PROCESS] [cadence.virtuoso.ade.spectreMonitor] - spectre completes with 0 errors, 1 warning, and 13 notices. : {"history": "ExplorerRun.0", "point": 1, "testname": "ADC_15comp_1", "cornername": "Nominal"}
[2023-03-17 10:59:27.673 +0530] [PROCESS] [cadence.virtuoso.ade.spectreMonitor] - Finished Simulation : {"hostname": "islcadence2", "processid": 17106, "history": "ExplorerRun.0", "testname": "ADC_15comp_1", "cornername": "Nominal", "point": 1, "logfile": "/root/Documents/vvgh/GPS/logs_root/logs1/Job5.log", "simid": "1"}
[2023-03-17 10:59:29.177 +0530] [PROCESS] [cadence.virtuoso.ade.spectreMonitor] - Point Finished : {"hostname": "islcadence2", "processid": 17106, "history": "ExplorerRun.0", "testname": "ADC_15comp_1", "cornername": "Nominal", "point": 1, "logfile": "/root/Documents/vvgh/GPS/logs_root/logs1/Job5.log"}
[2023-03-17 11:00:21.344 +0530] [PROCESS] [cadence.virtuoso.ade.spectreMonitor] - HostInfo:
Host name (type):	islcadence2 (x86_64)
Operating system:	Linux 3.10.0-1160.el7.x86_64 #1 SMP Tue Aug 18 14:50:17 EDT 2020 : {"hostname": "islcadence2", "processid": 17106, "history": "ExplorerRun.0", "testname": "ADC_15comp_1", "cornername": "Nominal", "point": 1, "logfile": "/root/Documents/vvgh/GPS/logs_root/logs1/Job5.log", "nodename": "islcadence2", "domainname": "(none)", "machine": "x86_64", "sysname": "Linux", "release": "3.10.0-1160.el7.x86_64", "version": "#1 SMP Tue Aug 18 14:50:17 EDT 2020"}
[2023-03-17 11:00:21.344 +0530] [PROCESS] [cadence.virtuoso.ade.spectreMonitor] - UsageInfo:
pid=17106
totalPhysicalMemory=15.394783GB,Used=5.230022GB,totalVirtualMemory=23.144779GB,Used=5.230022GB
Cpu: Cores=8, Load average:0.420000,0.350000,0.380000 : {"hostname": "islcadence2", "processid": 17106, "history": "ExplorerRun.0", "testname": "ADC_15comp_1", "cornername": "Nominal", "point": 1, "logfile": "/root/Documents/vvgh/GPS/logs_root/logs1/Job5.log", "pid": "17106", "totalPhysicalMemory": "15.394783", "physicalMemoryUsed": "5.230022", "totalVirtualMemory": "23.144779", "virtualMemoryUsed": "5.230022", "cpuCores": "8", "processes": "918", "loadAverage1": "0.420000", "loadAverage5": "0.350000", "loadAverage15": "0.380000", "loadAverage1Percent": "0.052500"}
[2023-03-17 11:00:21.348 +0530] [EVENT] [cadence.virtuoso.ade.spectreMonitor] - NewPoint : {"history": "ExplorerRun.0", "point": 1, "testname": "ADC_15comp_1", "cornername": "Nominal", "event": "NewPoint", "EventSource": "Spectre Monitor", "HistoryName": "ExplorerRun.0", "logFile": "/root/Documents/vvgh/GPS/logs_root/logs1/Job5.log", "logFileSize": "12667"}
[2023-03-17 11:00:21.348 +0530] [EVENT] [cadence.virtuoso.ade.spectreMonitor] - NewPoint : {"history": "ExplorerRun.0", "point": 1, "testname": "ADC_15comp_1", "cornername": "Nominal", "event": "NewPoint", "EventSource": "spectre", "HistoryName": "ExplorerRun.0", "logFile": "/root/simulation/ADC/15comp/maestro/results/maestro/ExplorerRun.0/1/ADC_15comp_1/psf/spectre.out", "logFileSize": "-1"}
[2023-03-17 11:00:21.352 +0530] [PROCESS] [cadence.virtuoso.ade.spectreMonitor] - Launched simulator : {"hostname": "islcadence2", "processid": 17106, "history": "ExplorerRun.0", "testname": "ADC_15comp_1", "cornername": "Nominal", "point": 1, "logfile": "/root/Documents/vvgh/GPS/logs_root/logs1/Job5.log", "simid": "2"}
[2023-03-17 11:00:21.353 +0530] [PROCESS] [cadence.virtuoso.ade.spectreMonitor] - Launched evaluator : {"hostname": "islcadence2", "processid": 17106, "history": "ExplorerRun.0", "testname": "ADC_15comp_1", "cornername": "Nominal", "point": 1, "logfile": "/root/Documents/vvgh/GPS/logs_root/logs1/Job5.log"}
[2023-03-17 11:00:21.940 +0530] [INFO] [cadence.virtuoso.ade.spectreMonitor] - Peak resident memory used = 71.3 Mbytes. : {"history": "ExplorerRun.0", "point": 1, "testname": "ADC_15comp_1", "cornername": "Nominal"}
[2023-03-17 11:00:21.940 +0530] [INFO] [cadence.virtuoso.ade.spectreMonitor] - Peak resident memory used = 79.8 Mbytes. : {"history": "ExplorerRun.0", "point": 1, "testname": "ADC_15comp_1", "cornername": "Nominal"}
[2023-03-17 11:00:21.940 +0530] [WARN] [cadence.virtuoso.ade.spectreMonitor] -     WARNING (SPECTRE-17101): The value 'psf' specified for the 'checklimitdest' option will no longer be supported in future releases. Use 'spectre -h' to see other recommended values for the 'checklimitdest' option. : {"history": "ExplorerRun.0", "point": 1, "testname": "ADC_15comp_1", "cornername": "Nominal"}
[2023-03-17 11:00:21.941 +0530] [INFO] [cadence.virtuoso.ade.spectreMonitor] - Peak resident memory used = 81.5 Mbytes. : {"history": "ExplorerRun.0", "point": 1, "testname": "ADC_15comp_1", "cornername": "Nominal"}
[2023-03-17 11:00:21.941 +0530] [INFO] [cadence.virtuoso.ade.spectreMonitor] - Notice from spectre during topology check.
    Only one connection to the following 4 nodes:
        d0
        d1
        d2
        d3 : {"history": "ExplorerRun.0", "point": 1, "testname": "ADC_15comp_1", "cornername": "Nominal"}
[2023-03-17 11:00:21.941 +0530] [INFO] [cadence.virtuoso.ade.spectreMonitor] - Notice from spectre during initial setup.
    Multithreading is disabled due to the size of the design being too small. : {"history": "ExplorerRun.0", "point": 1, "testname": "ADC_15comp_1", "cornername": "Nominal"}
[2023-03-17 11:00:21.941 +0530] [INFO] [cadence.virtuoso.ade.spectreMonitor] -               nodes 200 : {"history": "ExplorerRun.0", "point": 1, "testname": "ADC_15comp_1", "cornername": "Nominal"}
[2023-03-17 11:00:21.941 +0530] [INFO] [cadence.virtuoso.ade.spectreMonitor] - Notice from spectre during initial setup.
    APS enabled. : {"history": "ExplorerRun.0", "point": 1, "testname": "ADC_15comp_1", "cornername": "Nominal"}
[2023-03-17 11:00:21.941 +0530] [INFO] [cadence.virtuoso.ade.spectreMonitor] - Peak resident memory used = 83.1 Mbytes. : {"history": "ExplorerRun.0", "point": 1, "testname": "ADC_15comp_1", "cornername": "Nominal"}
[2023-03-17 11:00:21.942 +0530] [INFO] [cadence.virtuoso.ade.spectreMonitor] - Notice from spectre during IC analysis, during transient analysis `tran'.
    GminDC = 1 pS is large enough to noticeably affect the DC solution.
        dV(vin) = -13.0389 mV
        Use the `gmin_check' option to eliminate or expand this report. : {"history": "ExplorerRun.0", "point": 1, "testname": "ADC_15comp_1", "cornername": "Nominal"}
[2023-03-17 11:00:21.942 +0530] [INFO] [cadence.virtuoso.ade.spectreMonitor] - Notice from spectre during transient analysis `tran'.
    Multithreading is disabled due to the size of the design being too small. : {"history": "ExplorerRun.0", "point": 1, "testname": "ADC_15comp_1", "cornername": "Nominal"}
[2023-03-17 11:00:22.442 +0530] [PROCESS] [cadence.virtuoso.ade.spectreMonitor] - Finished simulating for one point : {"hostname": "islcadence2", "processid": 17106, "history": "ExplorerRun.0", "testname": "ADC_15comp_1", "cornername": "Nominal", "point": 1, "logfile": "/root/Documents/vvgh/GPS/logs_root/logs1/Job5.log", "simid": "2"}
[2023-03-17 11:00:22.442 +0530] [INFO] [cadence.virtuoso.ade.spectreMonitor] - Notice from spectre at time = 5 ns during transient analysis `tran'.
    Found trapezoidal ringing on node I0.P. : {"history": "ExplorerRun.0", "point": 1, "testname": "ADC_15comp_1", "cornername": "Nominal"}
[2023-03-17 11:00:22.442 +0530] [INFO] [cadence.virtuoso.ade.spectreMonitor] - Notice from spectre at time = 5.7 ns during transient analysis `tran'.
    Found trapezoidal ringing on node I0.P. : {"history": "ExplorerRun.0", "point": 1, "testname": "ADC_15comp_1", "cornername": "Nominal"}
[2023-03-17 11:00:22.443 +0530] [INFO] [cadence.virtuoso.ade.spectreMonitor] - Notice from spectre at time = 6.4 ns during transient analysis `tran'.
    Found trapezoidal ringing on node I0.P. : {"history": "ExplorerRun.0", "point": 1, "testname": "ADC_15comp_1", "cornername": "Nominal"}
[2023-03-17 11:00:22.443 +0530] [INFO] [cadence.virtuoso.ade.spectreMonitor] - Notice from spectre at time = 7.1 ns during transient analysis `tran'.
    Found trapezoidal ringing on node I0.P. : {"history": "ExplorerRun.0", "point": 1, "testname": "ADC_15comp_1", "cornername": "Nominal"}
[2023-03-17 11:00:22.443 +0530] [INFO] [cadence.virtuoso.ade.spectreMonitor] - Notice from spectre at time = 7.8 ns during transient analysis `tran'.
    Found trapezoidal ringing on node I0.P.
        Further occurrences of this notice will be suppressed. : {"history": "ExplorerRun.0", "point": 1, "testname": "ADC_15comp_1", "cornername": "Nominal"}
[2023-03-17 11:00:22.443 +0530] [INFO] [cadence.virtuoso.ade.spectreMonitor] - Notice from spectre during transient analysis `tran'.
    Trapezoidal ringing is detected during tran analysis.
        Please use method=trap for better results and performance. : {"history": "ExplorerRun.0", "point": 1, "testname": "ADC_15comp_1", "cornername": "Nominal"}
[2023-03-17 11:00:22.443 +0530] [INFO] [cadence.virtuoso.ade.spectreMonitor] - Total time required for tran analysis `tran': CPU = 130.806 ms, elapsed = 147.738 ms. : {"history": "ExplorerRun.0", "point": 1, "testname": "ADC_15comp_1", "cornername": "Nominal"}
[2023-03-17 11:00:22.443 +0530] [INFO] [cadence.virtuoso.ade.spectreMonitor] - Peak resident memory used = 88.9 Mbytes. : {"history": "ExplorerRun.0", "point": 1, "testname": "ADC_15comp_1", "cornername": "Nominal"}
[2023-03-17 11:00:22.443 +0530] [INFO] [cadence.virtuoso.ade.spectreMonitor] - Notice from spectre.
    22 notices suppressed. : {"history": "ExplorerRun.0", "point": 1, "testname": "ADC_15comp_1", "cornername": "Nominal"}
[2023-03-17 11:00:22.444 +0530] [INFO] [cadence.virtuoso.ade.spectreMonitor] - Time used: CPU = 330 ms, elapsed = 615 ms, util. = 53.7%. : {"history": "ExplorerRun.0", "point": 1, "testname": "ADC_15comp_1", "cornername": "Nominal"}
[2023-03-17 11:00:22.444 +0530] [INFO] [cadence.virtuoso.ade.spectreMonitor] - Time spent in licensing: elapsed = 87.9 ms, percentage of total = 14.3%. : {"history": "ExplorerRun.0", "point": 1, "testname": "ADC_15comp_1", "cornername": "Nominal"}
[2023-03-17 11:00:22.444 +0530] [INFO] [cadence.virtuoso.ade.spectreMonitor] - Peak memory used = 89.9 Mbytes. : {"history": "ExplorerRun.0", "point": 1, "testname": "ADC_15comp_1", "cornername": "Nominal"}
[2023-03-17 11:00:22.444 +0530] [PROCESS] [cadence.virtuoso.ade.spectreMonitor] - Simulation started at: 11:00:21 AM, Fri Mar 17, 2023, ended at: 11:00:22 AM, Fri Mar 17, 2023, with elapsed time (wall clock): 615 ms. : {"history": "ExplorerRun.0", "point": 1, "testname": "ADC_15comp_1", "cornername": "Nominal"}
[2023-03-17 11:00:22.444 +0530] [PROCESS] [cadence.virtuoso.ade.spectreMonitor] - spectre completes with 0 errors, 1 warning, and 13 notices. : {"history": "ExplorerRun.0", "point": 1, "testname": "ADC_15comp_1", "cornername": "Nominal"}
[2023-03-17 11:00:22.444 +0530] [PROCESS] [cadence.virtuoso.ade.spectreMonitor] - Finished Simulation : {"hostname": "islcadence2", "processid": 17106, "history": "ExplorerRun.0", "testname": "ADC_15comp_1", "cornername": "Nominal", "point": 1, "logfile": "/root/Documents/vvgh/GPS/logs_root/logs1/Job5.log", "simid": "2"}
[2023-03-17 11:00:24.446 +0530] [PROCESS] [cadence.virtuoso.ade.spectreMonitor] - Point Finished : {"hostname": "islcadence2", "processid": 17106, "history": "ExplorerRun.0", "testname": "ADC_15comp_1", "cornername": "Nominal", "point": 1, "logfile": "/root/Documents/vvgh/GPS/logs_root/logs1/Job5.log"}
[2023-03-17 11:01:46.871 +0530] [PROCESS] [cadence.virtuoso.ade.spectreMonitor] - HostInfo:
Host name (type):	islcadence2 (x86_64)
Operating system:	Linux 3.10.0-1160.el7.x86_64 #1 SMP Tue Aug 18 14:50:17 EDT 2020 : {"hostname": "islcadence2", "processid": 17106, "history": "ExplorerRun.0", "testname": "ADC_15comp_1", "cornername": "Nominal", "point": 1, "logfile": "/root/Documents/vvgh/GPS/logs_root/logs1/Job5.log", "nodename": "islcadence2", "domainname": "(none)", "machine": "x86_64", "sysname": "Linux", "release": "3.10.0-1160.el7.x86_64", "version": "#1 SMP Tue Aug 18 14:50:17 EDT 2020"}
[2023-03-17 11:01:46.871 +0530] [PROCESS] [cadence.virtuoso.ade.spectreMonitor] - UsageInfo:
pid=17106
totalPhysicalMemory=15.394783GB,Used=5.235729GB,totalVirtualMemory=23.144779GB,Used=5.235729GB
Cpu: Cores=8, Load average:0.500000,0.410000,0.400000 : {"hostname": "islcadence2", "processid": 17106, "history": "ExplorerRun.0", "testname": "ADC_15comp_1", "cornername": "Nominal", "point": 1, "logfile": "/root/Documents/vvgh/GPS/logs_root/logs1/Job5.log", "pid": "17106", "totalPhysicalMemory": "15.394783", "physicalMemoryUsed": "5.235729", "totalVirtualMemory": "23.144779", "virtualMemoryUsed": "5.235729", "cpuCores": "8", "processes": "919", "loadAverage1": "0.500000", "loadAverage5": "0.410000", "loadAverage15": "0.400000", "loadAverage1Percent": "0.062500"}
[2023-03-17 11:01:46.875 +0530] [EVENT] [cadence.virtuoso.ade.spectreMonitor] - NewPoint : {"history": "ExplorerRun.0", "point": 1, "testname": "ADC_15comp_1", "cornername": "Nominal", "event": "NewPoint", "EventSource": "Spectre Monitor", "HistoryName": "ExplorerRun.0", "logFile": "/root/Documents/vvgh/GPS/logs_root/logs1/Job5.log", "logFileSize": "23217"}
[2023-03-17 11:01:46.875 +0530] [EVENT] [cadence.virtuoso.ade.spectreMonitor] - NewPoint : {"history": "ExplorerRun.0", "point": 1, "testname": "ADC_15comp_1", "cornername": "Nominal", "event": "NewPoint", "EventSource": "spectre", "HistoryName": "ExplorerRun.0", "logFile": "/root/simulation/ADC/15comp/maestro/results/maestro/ExplorerRun.0/1/ADC_15comp_1/psf/spectre.out", "logFileSize": "-1"}
[2023-03-17 11:01:46.879 +0530] [PROCESS] [cadence.virtuoso.ade.spectreMonitor] - Launched simulator : {"hostname": "islcadence2", "processid": 17106, "history": "ExplorerRun.0", "testname": "ADC_15comp_1", "cornername": "Nominal", "point": 1, "logfile": "/root/Documents/vvgh/GPS/logs_root/logs1/Job5.log", "simid": "3"}
[2023-03-17 11:01:46.880 +0530] [PROCESS] [cadence.virtuoso.ade.spectreMonitor] - Launched evaluator : {"hostname": "islcadence2", "processid": 17106, "history": "ExplorerRun.0", "testname": "ADC_15comp_1", "cornername": "Nominal", "point": 1, "logfile": "/root/Documents/vvgh/GPS/logs_root/logs1/Job5.log"}
[2023-03-17 11:01:47.960 +0530] [INFO] [cadence.virtuoso.ade.spectreMonitor] - Peak resident memory used = 70.8 Mbytes. : {"history": "ExplorerRun.0", "point": 1, "testname": "ADC_15comp_1", "cornername": "Nominal"}
[2023-03-17 11:01:47.960 +0530] [INFO] [cadence.virtuoso.ade.spectreMonitor] - Peak resident memory used = 79.3 Mbytes. : {"history": "ExplorerRun.0", "point": 1, "testname": "ADC_15comp_1", "cornername": "Nominal"}
[2023-03-17 11:01:47.961 +0530] [WARN] [cadence.virtuoso.ade.spectreMonitor] -     WARNING (SPECTRE-17101): The value 'psf' specified for the 'checklimitdest' option will no longer be supported in future releases. Use 'spectre -h' to see other recommended values for the 'checklimitdest' option. : {"history": "ExplorerRun.0", "point": 1, "testname": "ADC_15comp_1", "cornername": "Nominal"}
[2023-03-17 11:01:47.961 +0530] [INFO] [cadence.virtuoso.ade.spectreMonitor] - Peak resident memory used = 81 Mbytes. : {"history": "ExplorerRun.0", "point": 1, "testname": "ADC_15comp_1", "cornername": "Nominal"}
[2023-03-17 11:01:47.961 +0530] [INFO] [cadence.virtuoso.ade.spectreMonitor] - Notice from spectre during topology check.
    Only one connection to the following 4 nodes:
        d0
        d1
        d2
        d3 : {"history": "ExplorerRun.0", "point": 1, "testname": "ADC_15comp_1", "cornername": "Nominal"}
[2023-03-17 11:01:47.961 +0530] [INFO] [cadence.virtuoso.ade.spectreMonitor] - Notice from spectre during initial setup.
    Multithreading is disabled due to the size of the design being too small. : {"history": "ExplorerRun.0", "point": 1, "testname": "ADC_15comp_1", "cornername": "Nominal"}
[2023-03-17 11:01:47.961 +0530] [INFO] [cadence.virtuoso.ade.spectreMonitor] -               nodes 200 : {"history": "ExplorerRun.0", "point": 1, "testname": "ADC_15comp_1", "cornername": "Nominal"}
[2023-03-17 11:01:47.961 +0530] [INFO] [cadence.virtuoso.ade.spectreMonitor] - Notice from spectre during initial setup.
    APS enabled. : {"history": "ExplorerRun.0", "point": 1, "testname": "ADC_15comp_1", "cornername": "Nominal"}
[2023-03-17 11:01:47.961 +0530] [INFO] [cadence.virtuoso.ade.spectreMonitor] - Peak resident memory used = 82.6 Mbytes. : {"history": "ExplorerRun.0", "point": 1, "testname": "ADC_15comp_1", "cornername": "Nominal"}
[2023-03-17 11:01:47.962 +0530] [INFO] [cadence.virtuoso.ade.spectreMonitor] - Notice from spectre during IC analysis, during transient analysis `tran'.
    GminDC = 1 pS is large enough to noticeably affect the DC solution.
        dV(vin) = -13.0389 mV
        Use the `gmin_check' option to eliminate or expand this report. : {"history": "ExplorerRun.0", "point": 1, "testname": "ADC_15comp_1", "cornername": "Nominal"}
[2023-03-17 11:01:47.962 +0530] [INFO] [cadence.virtuoso.ade.spectreMonitor] - Notice from spectre during transient analysis `tran'.
    Multithreading is disabled due to the size of the design being too small. : {"history": "ExplorerRun.0", "point": 1, "testname": "ADC_15comp_1", "cornername": "Nominal"}
[2023-03-17 11:01:47.962 +0530] [INFO] [cadence.virtuoso.ade.spectreMonitor] - Notice from spectre at time = 5.18142 ns during transient analysis `tran'.
    Found trapezoidal ringing on node I0.P. : {"history": "ExplorerRun.0", "point": 1, "testname": "ADC_15comp_1", "cornername": "Nominal"}
[2023-03-17 11:01:47.962 +0530] [INFO] [cadence.virtuoso.ade.spectreMonitor] - Notice from spectre at time = 5.88142 ns during transient analysis `tran'.
    Found trapezoidal ringing on node I0.P. : {"history": "ExplorerRun.0", "point": 1, "testname": "ADC_15comp_1", "cornername": "Nominal"}
[2023-03-17 11:01:47.962 +0530] [INFO] [cadence.virtuoso.ade.spectreMonitor] - Notice from spectre at time = 6.58142 ns during transient analysis `tran'.
    Found trapezoidal ringing on node I0.P. : {"history": "ExplorerRun.0", "point": 1, "testname": "ADC_15comp_1", "cornername": "Nominal"}
[2023-03-17 11:01:47.962 +0530] [INFO] [cadence.virtuoso.ade.spectreMonitor] - Notice from spectre at time = 7.28142 ns during transient analysis `tran'.
    Found trapezoidal ringing on node I0.P. : {"history": "ExplorerRun.0", "point": 1, "testname": "ADC_15comp_1", "cornername": "Nominal"}
[2023-03-17 11:01:47.962 +0530] [INFO] [cadence.virtuoso.ade.spectreMonitor] - Notice from spectre at time = 7.98142 ns during transient analysis `tran'.
    Found trapezoidal ringing on node I0.P.
        Further occurrences of this notice will be suppressed. : {"history": "ExplorerRun.0", "point": 1, "testname": "ADC_15comp_1", "cornername": "Nominal"}
[2023-03-17 11:01:47.962 +0530] [INFO] [cadence.virtuoso.ade.spectreMonitor] - Notice from spectre during transient analysis `tran'.
    Trapezoidal ringing is detected during tran analysis.
        Please use method=trap for better results and performance. : {"history": "ExplorerRun.0", "point": 1, "testname": "ADC_15comp_1", "cornername": "Nominal"}
[2023-03-17 11:01:47.963 +0530] [INFO] [cadence.virtuoso.ade.spectreMonitor] - Total time required for tran analysis `tran': CPU = 141.888 ms, elapsed = 156.244 ms. : {"history": "ExplorerRun.0", "point": 1, "testname": "ADC_15comp_1", "cornername": "Nominal"}
[2023-03-17 11:01:47.963 +0530] [INFO] [cadence.virtuoso.ade.spectreMonitor] - Peak resident memory used = 90 Mbytes. : {"history": "ExplorerRun.0", "point": 1, "testname": "ADC_15comp_1", "cornername": "Nominal"}
[2023-03-17 11:01:47.963 +0530] [INFO] [cadence.virtuoso.ade.spectreMonitor] - Notice from spectre.
    21 notices suppressed. : {"history": "ExplorerRun.0", "point": 1, "testname": "ADC_15comp_1", "cornername": "Nominal"}
[2023-03-17 11:01:48.463 +0530] [PROCESS] [cadence.virtuoso.ade.spectreMonitor] - Finished simulating for one point : {"hostname": "islcadence2", "processid": 17106, "history": "ExplorerRun.0", "testname": "ADC_15comp_1", "cornername": "Nominal", "point": 1, "logfile": "/root/Documents/vvgh/GPS/logs_root/logs1/Job5.log", "simid": "3"}
[2023-03-17 11:01:48.463 +0530] [INFO] [cadence.virtuoso.ade.spectreMonitor] - Time used: CPU = 371 ms, elapsed = 1.02 s, util. = 36.4%. : {"history": "ExplorerRun.0", "point": 1, "testname": "ADC_15comp_1", "cornername": "Nominal"}
[2023-03-17 11:01:48.463 +0530] [INFO] [cadence.virtuoso.ade.spectreMonitor] - Time spent in licensing: elapsed = 491 ms, percentage of total = 48.2%. : {"history": "ExplorerRun.0", "point": 1, "testname": "ADC_15comp_1", "cornername": "Nominal"}
[2023-03-17 11:01:48.464 +0530] [INFO] [cadence.virtuoso.ade.spectreMonitor] - Peak memory used = 91 Mbytes. : {"history": "ExplorerRun.0", "point": 1, "testname": "ADC_15comp_1", "cornername": "Nominal"}
[2023-03-17 11:01:48.464 +0530] [PROCESS] [cadence.virtuoso.ade.spectreMonitor] - Simulation started at: 11:01:47 AM, Fri Mar 17, 2023, ended at: 11:01:48 AM, Fri Mar 17, 2023, with elapsed time (wall clock): 1.02 s. : {"history": "ExplorerRun.0", "point": 1, "testname": "ADC_15comp_1", "cornername": "Nominal"}
[2023-03-17 11:01:48.464 +0530] [PROCESS] [cadence.virtuoso.ade.spectreMonitor] - spectre completes with 0 errors, 1 warning, and 13 notices. : {"history": "ExplorerRun.0", "point": 1, "testname": "ADC_15comp_1", "cornername": "Nominal"}
[2023-03-17 11:01:48.464 +0530] [PROCESS] [cadence.virtuoso.ade.spectreMonitor] - Finished Simulation : {"hostname": "islcadence2", "processid": 17106, "history": "ExplorerRun.0", "testname": "ADC_15comp_1", "cornername": "Nominal", "point": 1, "logfile": "/root/Documents/vvgh/GPS/logs_root/logs1/Job5.log", "simid": "3"}
[2023-03-17 11:01:49.969 +0530] [PROCESS] [cadence.virtuoso.ade.spectreMonitor] - Point Finished : {"hostname": "islcadence2", "processid": 17106, "history": "ExplorerRun.0", "testname": "ADC_15comp_1", "cornername": "Nominal", "point": 1, "logfile": "/root/Documents/vvgh/GPS/logs_root/logs1/Job5.log"}
[2023-03-17 11:03:03.554 +0530] [PROCESS] [cadence.virtuoso.ade.spectreMonitor] - HostInfo:
Host name (type):	islcadence2 (x86_64)
Operating system:	Linux 3.10.0-1160.el7.x86_64 #1 SMP Tue Aug 18 14:50:17 EDT 2020 : {"hostname": "islcadence2", "processid": 17106, "history": "ExplorerRun.0", "testname": "ADC_15comp_1", "cornername": "Nominal", "point": 1, "logfile": "/root/Documents/vvgh/GPS/logs_root/logs1/Job5.log", "nodename": "islcadence2", "domainname": "(none)", "machine": "x86_64", "sysname": "Linux", "release": "3.10.0-1160.el7.x86_64", "version": "#1 SMP Tue Aug 18 14:50:17 EDT 2020"}
[2023-03-17 11:03:03.554 +0530] [PROCESS] [cadence.virtuoso.ade.spectreMonitor] - UsageInfo:
pid=17106
totalPhysicalMemory=15.394783GB,Used=5.318268GB,totalVirtualMemory=23.144779GB,Used=5.318268GB
Cpu: Cores=8, Load average:0.440000,0.410000,0.410000 : {"hostname": "islcadence2", "processid": 17106, "history": "ExplorerRun.0", "testname": "ADC_15comp_1", "cornername": "Nominal", "point": 1, "logfile": "/root/Documents/vvgh/GPS/logs_root/logs1/Job5.log", "pid": "17106", "totalPhysicalMemory": "15.394783", "physicalMemoryUsed": "5.318268", "totalVirtualMemory": "23.144779", "virtualMemoryUsed": "5.318268", "cpuCores": "8", "processes": "910", "loadAverage1": "0.440000", "loadAverage5": "0.410000", "loadAverage15": "0.410000", "loadAverage1Percent": "0.055000"}
[2023-03-17 11:03:03.558 +0530] [EVENT] [cadence.virtuoso.ade.spectreMonitor] - NewPoint : {"history": "ExplorerRun.0", "point": 1, "testname": "ADC_15comp_1", "cornername": "Nominal", "event": "NewPoint", "EventSource": "Spectre Monitor", "HistoryName": "ExplorerRun.0", "logFile": "/root/Documents/vvgh/GPS/logs_root/logs1/Job5.log", "logFileSize": "33782"}
[2023-03-17 11:03:03.558 +0530] [EVENT] [cadence.virtuoso.ade.spectreMonitor] - NewPoint : {"history": "ExplorerRun.0", "point": 1, "testname": "ADC_15comp_1", "cornername": "Nominal", "event": "NewPoint", "EventSource": "spectre", "HistoryName": "ExplorerRun.0", "logFile": "/root/simulation/ADC/15comp/maestro/results/maestro/ExplorerRun.0/1/ADC_15comp_1/psf/spectre.out", "logFileSize": "-1"}
[2023-03-17 11:03:03.562 +0530] [PROCESS] [cadence.virtuoso.ade.spectreMonitor] - Launched simulator : {"hostname": "islcadence2", "processid": 17106, "history": "ExplorerRun.0", "testname": "ADC_15comp_1", "cornername": "Nominal", "point": 1, "logfile": "/root/Documents/vvgh/GPS/logs_root/logs1/Job5.log", "simid": "4"}
[2023-03-17 11:03:03.563 +0530] [PROCESS] [cadence.virtuoso.ade.spectreMonitor] - Launched evaluator : {"hostname": "islcadence2", "processid": 17106, "history": "ExplorerRun.0", "testname": "ADC_15comp_1", "cornername": "Nominal", "point": 1, "logfile": "/root/Documents/vvgh/GPS/logs_root/logs1/Job5.log"}
[2023-03-17 11:03:04.140 +0530] [INFO] [cadence.virtuoso.ade.spectreMonitor] - Peak resident memory used = 72 Mbytes. : {"history": "ExplorerRun.0", "point": 1, "testname": "ADC_15comp_1", "cornername": "Nominal"}
[2023-03-17 11:03:04.141 +0530] [INFO] [cadence.virtuoso.ade.spectreMonitor] - Peak resident memory used = 80.5 Mbytes. : {"history": "ExplorerRun.0", "point": 1, "testname": "ADC_15comp_1", "cornername": "Nominal"}
[2023-03-17 11:03:04.141 +0530] [WARN] [cadence.virtuoso.ade.spectreMonitor] -     WARNING (SPECTRE-17101): The value 'psf' specified for the 'checklimitdest' option will no longer be supported in future releases. Use 'spectre -h' to see other recommended values for the 'checklimitdest' option. : {"history": "ExplorerRun.0", "point": 1, "testname": "ADC_15comp_1", "cornername": "Nominal"}
[2023-03-17 11:03:04.141 +0530] [INFO] [cadence.virtuoso.ade.spectreMonitor] - Peak resident memory used = 82.2 Mbytes. : {"history": "ExplorerRun.0", "point": 1, "testname": "ADC_15comp_1", "cornername": "Nominal"}
[2023-03-17 11:03:04.141 +0530] [INFO] [cadence.virtuoso.ade.spectreMonitor] - Notice from spectre during topology check.
    Only one connection to the following 4 nodes:
        d0
        d1
        d2
        d3 : {"history": "ExplorerRun.0", "point": 1, "testname": "ADC_15comp_1", "cornername": "Nominal"}
[2023-03-17 11:03:04.141 +0530] [INFO] [cadence.virtuoso.ade.spectreMonitor] - Notice from spectre during initial setup.
    Multithreading is disabled due to the size of the design being too small. : {"history": "ExplorerRun.0", "point": 1, "testname": "ADC_15comp_1", "cornername": "Nominal"}
[2023-03-17 11:03:04.142 +0530] [INFO] [cadence.virtuoso.ade.spectreMonitor] -               nodes 200 : {"history": "ExplorerRun.0", "point": 1, "testname": "ADC_15comp_1", "cornername": "Nominal"}
[2023-03-17 11:03:04.142 +0530] [INFO] [cadence.virtuoso.ade.spectreMonitor] - Notice from spectre during initial setup.
    APS enabled. : {"history": "ExplorerRun.0", "point": 1, "testname": "ADC_15comp_1", "cornername": "Nominal"}
[2023-03-17 11:03:04.643 +0530] [INFO] [cadence.virtuoso.ade.spectreMonitor] - Peak resident memory used = 83.8 Mbytes. : {"history": "ExplorerRun.0", "point": 1, "testname": "ADC_15comp_1", "cornername": "Nominal"}
[2023-03-17 11:03:04.643 +0530] [INFO] [cadence.virtuoso.ade.spectreMonitor] - Notice from spectre during IC analysis, during transient analysis `tran'.
    GminDC = 1 pS is large enough to noticeably affect the DC solution.
        dV(vin) = -13.0389 mV
        Use the `gmin_check' option to eliminate or expand this report. : {"history": "ExplorerRun.0", "point": 1, "testname": "ADC_15comp_1", "cornername": "Nominal"}
[2023-03-17 11:03:04.643 +0530] [INFO] [cadence.virtuoso.ade.spectreMonitor] - Notice from spectre during transient analysis `tran'.
    Multithreading is disabled due to the size of the design being too small. : {"history": "ExplorerRun.0", "point": 1, "testname": "ADC_15comp_1", "cornername": "Nominal"}
[2023-03-17 11:03:04.643 +0530] [INFO] [cadence.virtuoso.ade.spectreMonitor] - Notice from spectre at time = 12.5 ns during transient analysis `tran'.
    Found trapezoidal ringing on node I0.P. : {"history": "ExplorerRun.0", "point": 1, "testname": "ADC_15comp_1", "cornername": "Nominal"}
[2023-03-17 11:03:04.643 +0530] [INFO] [cadence.virtuoso.ade.spectreMonitor] - Notice from spectre at time = 59.6691 ns during transient analysis `tran'.
    Found trapezoidal ringing on node I7.net8. : {"history": "ExplorerRun.0", "point": 1, "testname": "ADC_15comp_1", "cornername": "Nominal"}
[2023-03-17 11:03:04.643 +0530] [INFO] [cadence.virtuoso.ade.spectreMonitor] - Notice from spectre at time = 62.5 ns during transient analysis `tran'.
    Found trapezoidal ringing on node I7.net8. : {"history": "ExplorerRun.0", "point": 1, "testname": "ADC_15comp_1", "cornername": "Nominal"}
[2023-03-17 11:03:04.643 +0530] [INFO] [cadence.virtuoso.ade.spectreMonitor] - Notice from spectre at time = 87.5 ns during transient analysis `tran'.
    Found trapezoidal ringing on node I9.P. : {"history": "ExplorerRun.0", "point": 1, "testname": "ADC_15comp_1", "cornername": "Nominal"}
[2023-03-17 11:03:04.643 +0530] [INFO] [cadence.virtuoso.ade.spectreMonitor] - Notice from spectre at time = 109.032 ns during transient analysis `tran'.
    Found trapezoidal ringing on node I0.P.
        Further occurrences of this notice will be suppressed. : {"history": "ExplorerRun.0", "point": 1, "testname": "ADC_15comp_1", "cornername": "Nominal"}
[2023-03-17 11:03:05.644 +0530] [PROCESS] [cadence.virtuoso.ade.spectreMonitor] - Finished simulating for one point : {"hostname": "islcadence2", "processid": 17106, "history": "ExplorerRun.0", "testname": "ADC_15comp_1", "cornername": "Nominal", "point": 1, "logfile": "/root/Documents/vvgh/GPS/logs_root/logs1/Job5.log", "simid": "4"}
[2023-03-17 11:03:05.645 +0530] [INFO] [cadence.virtuoso.ade.spectreMonitor] - Notice from spectre during transient analysis `tran'.
    Trapezoidal ringing is detected during tran analysis.
        Please use method=trap for better results and performance. : {"history": "ExplorerRun.0", "point": 1, "testname": "ADC_15comp_1", "cornername": "Nominal"}
[2023-03-17 11:03:05.645 +0530] [INFO] [cadence.virtuoso.ade.spectreMonitor] - Total time required for tran analysis `tran': CPU = 1.14853 s, elapsed = 1.16497 s. : {"history": "ExplorerRun.0", "point": 1, "testname": "ADC_15comp_1", "cornername": "Nominal"}
[2023-03-17 11:03:05.645 +0530] [INFO] [cadence.virtuoso.ade.spectreMonitor] - Peak resident memory used = 106 Mbytes. : {"history": "ExplorerRun.0", "point": 1, "testname": "ADC_15comp_1", "cornername": "Nominal"}
[2023-03-17 11:03:05.645 +0530] [INFO] [cadence.virtuoso.ade.spectreMonitor] - Notice from spectre.
    22 notices suppressed. : {"history": "ExplorerRun.0", "point": 1, "testname": "ADC_15comp_1", "cornername": "Nominal"}
[2023-03-17 11:03:05.645 +0530] [INFO] [cadence.virtuoso.ade.spectreMonitor] - Time used: CPU = 1.42 s, elapsed = 1.75 s, util. = 81.2%. : {"history": "ExplorerRun.0", "point": 1, "testname": "ADC_15comp_1", "cornername": "Nominal"}
[2023-03-17 11:03:05.645 +0530] [INFO] [cadence.virtuoso.ade.spectreMonitor] - Time spent in licensing: elapsed = 99.7 ms, percentage of total = 5.69%. : {"history": "ExplorerRun.0", "point": 1, "testname": "ADC_15comp_1", "cornername": "Nominal"}
[2023-03-17 11:03:05.646 +0530] [INFO] [cadence.virtuoso.ade.spectreMonitor] - Peak memory used = 107 Mbytes. : {"history": "ExplorerRun.0", "point": 1, "testname": "ADC_15comp_1", "cornername": "Nominal"}
[2023-03-17 11:03:05.646 +0530] [PROCESS] [cadence.virtuoso.ade.spectreMonitor] - Simulation started at: 11:03:03 AM, Fri Mar 17, 2023, ended at: 11:03:05 AM, Fri Mar 17, 2023, with elapsed time (wall clock): 1.75 s. : {"history": "ExplorerRun.0", "point": 1, "testname": "ADC_15comp_1", "cornername": "Nominal"}
[2023-03-17 11:03:05.646 +0530] [PROCESS] [cadence.virtuoso.ade.spectreMonitor] - spectre completes with 0 errors, 1 warning, and 13 notices. : {"history": "ExplorerRun.0", "point": 1, "testname": "ADC_15comp_1", "cornername": "Nominal"}
[2023-03-17 11:03:05.646 +0530] [PROCESS] [cadence.virtuoso.ade.spectreMonitor] - Finished Simulation : {"hostname": "islcadence2", "processid": 17106, "history": "ExplorerRun.0", "testname": "ADC_15comp_1", "cornername": "Nominal", "point": 1, "logfile": "/root/Documents/vvgh/GPS/logs_root/logs1/Job5.log", "simid": "4"}
[2023-03-17 11:03:06.650 +0530] [PROCESS] [cadence.virtuoso.ade.spectreMonitor] - Point Finished : {"hostname": "islcadence2", "processid": 17106, "history": "ExplorerRun.0", "testname": "ADC_15comp_1", "cornername": "Nominal", "point": 1, "logfile": "/root/Documents/vvgh/GPS/logs_root/logs1/Job5.log"}
[2023-03-17 11:06:17.485 +0530] [PROCESS] [cadence.virtuoso.ade.spectreMonitor] - HostInfo:
Host name (type):	islcadence2 (x86_64)
Operating system:	Linux 3.10.0-1160.el7.x86_64 #1 SMP Tue Aug 18 14:50:17 EDT 2020 : {"hostname": "islcadence2", "processid": 17106, "history": "ExplorerRun.0", "testname": "ADC_15comp_1", "cornername": "Nominal", "point": 1, "logfile": "/root/Documents/vvgh/GPS/logs_root/logs1/Job5.log", "nodename": "islcadence2", "domainname": "(none)", "machine": "x86_64", "sysname": "Linux", "release": "3.10.0-1160.el7.x86_64", "version": "#1 SMP Tue Aug 18 14:50:17 EDT 2020"}
[2023-03-17 11:06:17.485 +0530] [PROCESS] [cadence.virtuoso.ade.spectreMonitor] - UsageInfo:
pid=17106
totalPhysicalMemory=15.394783GB,Used=5.357708GB,totalVirtualMemory=23.144779GB,Used=5.357708GB
Cpu: Cores=8, Load average:0.330000,0.370000,0.390000 : {"hostname": "islcadence2", "processid": 17106, "history": "ExplorerRun.0", "testname": "ADC_15comp_1", "cornername": "Nominal", "point": 1, "logfile": "/root/Documents/vvgh/GPS/logs_root/logs1/Job5.log", "pid": "17106", "totalPhysicalMemory": "15.394783", "physicalMemoryUsed": "5.357708", "totalVirtualMemory": "23.144779", "virtualMemoryUsed": "5.357708", "cpuCores": "8", "processes": "908", "loadAverage1": "0.330000", "loadAverage5": "0.370000", "loadAverage15": "0.390000", "loadAverage1Percent": "0.041250"}
[2023-03-17 11:06:17.489 +0530] [EVENT] [cadence.virtuoso.ade.spectreMonitor] - NewPoint : {"history": "ExplorerRun.0", "point": 1, "testname": "ADC_15comp_1", "cornername": "Nominal", "event": "NewPoint", "EventSource": "Spectre Monitor", "HistoryName": "ExplorerRun.0", "logFile": "/root/Documents/vvgh/GPS/logs_root/logs1/Job5.log", "logFileSize": "44345"}
[2023-03-17 11:06:17.489 +0530] [EVENT] [cadence.virtuoso.ade.spectreMonitor] - NewPoint : {"history": "ExplorerRun.0", "point": 1, "testname": "ADC_15comp_1", "cornername": "Nominal", "event": "NewPoint", "EventSource": "spectre", "HistoryName": "ExplorerRun.0", "logFile": "/root/simulation/ADC/15comp/maestro/results/maestro/ExplorerRun.0/1/ADC_15comp_1/psf/spectre.out", "logFileSize": "-1"}
[2023-03-17 11:06:17.492 +0530] [PROCESS] [cadence.virtuoso.ade.spectreMonitor] - Launched simulator : {"hostname": "islcadence2", "processid": 17106, "history": "ExplorerRun.0", "testname": "ADC_15comp_1", "cornername": "Nominal", "point": 1, "logfile": "/root/Documents/vvgh/GPS/logs_root/logs1/Job5.log", "simid": "5"}
[2023-03-17 11:06:17.494 +0530] [PROCESS] [cadence.virtuoso.ade.spectreMonitor] - Launched evaluator : {"hostname": "islcadence2", "processid": 17106, "history": "ExplorerRun.0", "testname": "ADC_15comp_1", "cornername": "Nominal", "point": 1, "logfile": "/root/Documents/vvgh/GPS/logs_root/logs1/Job5.log"}
[2023-03-17 11:06:18.070 +0530] [INFO] [cadence.virtuoso.ade.spectreMonitor] - Peak resident memory used = 70.6 Mbytes. : {"history": "ExplorerRun.0", "point": 1, "testname": "ADC_15comp_1", "cornername": "Nominal"}
[2023-03-17 11:06:18.070 +0530] [INFO] [cadence.virtuoso.ade.spectreMonitor] - Peak resident memory used = 79.1 Mbytes. : {"history": "ExplorerRun.0", "point": 1, "testname": "ADC_15comp_1", "cornername": "Nominal"}
[2023-03-17 11:06:18.070 +0530] [WARN] [cadence.virtuoso.ade.spectreMonitor] -     WARNING (SPECTRE-17101): The value 'psf' specified for the 'checklimitdest' option will no longer be supported in future releases. Use 'spectre -h' to see other recommended values for the 'checklimitdest' option. : {"history": "ExplorerRun.0", "point": 1, "testname": "ADC_15comp_1", "cornername": "Nominal"}
[2023-03-17 11:06:18.070 +0530] [INFO] [cadence.virtuoso.ade.spectreMonitor] - Peak resident memory used = 80.8 Mbytes. : {"history": "ExplorerRun.0", "point": 1, "testname": "ADC_15comp_1", "cornername": "Nominal"}
[2023-03-17 11:06:18.070 +0530] [INFO] [cadence.virtuoso.ade.spectreMonitor] - Notice from spectre during topology check.
    Only one connection to the following 4 nodes:
        d0
        d1
        d2
        d3 : {"history": "ExplorerRun.0", "point": 1, "testname": "ADC_15comp_1", "cornername": "Nominal"}
[2023-03-17 11:06:18.071 +0530] [INFO] [cadence.virtuoso.ade.spectreMonitor] - Notice from spectre during initial setup.
    Multithreading is disabled due to the size of the design being too small. : {"history": "ExplorerRun.0", "point": 1, "testname": "ADC_15comp_1", "cornername": "Nominal"}
[2023-03-17 11:06:18.071 +0530] [INFO] [cadence.virtuoso.ade.spectreMonitor] -               nodes 200 : {"history": "ExplorerRun.0", "point": 1, "testname": "ADC_15comp_1", "cornername": "Nominal"}
[2023-03-17 11:06:18.071 +0530] [INFO] [cadence.virtuoso.ade.spectreMonitor] - Notice from spectre during initial setup.
    APS enabled. : {"history": "ExplorerRun.0", "point": 1, "testname": "ADC_15comp_1", "cornername": "Nominal"}
[2023-03-17 11:06:18.071 +0530] [INFO] [cadence.virtuoso.ade.spectreMonitor] - Peak resident memory used = 82.4 Mbytes. : {"history": "ExplorerRun.0", "point": 1, "testname": "ADC_15comp_1", "cornername": "Nominal"}
[2023-03-17 11:06:18.071 +0530] [INFO] [cadence.virtuoso.ade.spectreMonitor] - Notice from spectre during IC analysis, during transient analysis `tran'.
    GminDC = 1 pS is large enough to noticeably affect the DC solution.
        dV(vin) = -13.0389 mV
        Use the `gmin_check' option to eliminate or expand this report. : {"history": "ExplorerRun.0", "point": 1, "testname": "ADC_15comp_1", "cornername": "Nominal"}
[2023-03-17 11:06:18.071 +0530] [INFO] [cadence.virtuoso.ade.spectreMonitor] - Notice from spectre during transient analysis `tran'.
    Multithreading is disabled due to the size of the design being too small. : {"history": "ExplorerRun.0", "point": 1, "testname": "ADC_15comp_1", "cornername": "Nominal"}
[2023-03-17 11:06:18.572 +0530] [INFO] [cadence.virtuoso.ade.spectreMonitor] - Notice from spectre at time = 12.5 ns during transient analysis `tran'.
    Found trapezoidal ringing on node I0.P. : {"history": "ExplorerRun.0", "point": 1, "testname": "ADC_15comp_1", "cornername": "Nominal"}
[2023-03-17 11:06:18.572 +0530] [INFO] [cadence.virtuoso.ade.spectreMonitor] - Notice from spectre at time = 37.5 ns during transient analysis `tran'.
    Found trapezoidal ringing on node I0.net8. : {"history": "ExplorerRun.0", "point": 1, "testname": "ADC_15comp_1", "cornername": "Nominal"}
[2023-03-17 11:06:18.572 +0530] [INFO] [cadence.virtuoso.ade.spectreMonitor] - Notice from spectre at time = 62.5 ns during transient analysis `tran'.
    Found trapezoidal ringing on node I7.Q. : {"history": "ExplorerRun.0", "point": 1, "testname": "ADC_15comp_1", "cornername": "Nominal"}
[2023-03-17 11:06:18.572 +0530] [INFO] [cadence.virtuoso.ade.spectreMonitor] - Notice from spectre at time = 87.5 ns during transient analysis `tran'.
    Found trapezoidal ringing on node I9.Q. : {"history": "ExplorerRun.0", "point": 1, "testname": "ADC_15comp_1", "cornername": "Nominal"}
[2023-03-17 11:06:18.572 +0530] [INFO] [cadence.virtuoso.ade.spectreMonitor] - Notice from spectre at time = 112.5 ns during transient analysis `tran'.
    Found trapezoidal ringing on node V0:p.
        Further occurrences of this notice will be suppressed. : {"history": "ExplorerRun.0", "point": 1, "testname": "ADC_15comp_1", "cornername": "Nominal"}
[2023-03-17 11:06:19.573 +0530] [PROCESS] [cadence.virtuoso.ade.spectreMonitor] - Finished simulating for one point : {"hostname": "islcadence2", "processid": 17106, "history": "ExplorerRun.0", "testname": "ADC_15comp_1", "cornername": "Nominal", "point": 1, "logfile": "/root/Documents/vvgh/GPS/logs_root/logs1/Job5.log", "simid": "5"}
[2023-03-17 11:06:19.574 +0530] [INFO] [cadence.virtuoso.ade.spectreMonitor] - Notice from spectre during transient analysis `tran'.
    Trapezoidal ringing is detected during tran analysis.
        Please use method=trap for better results and performance. : {"history": "ExplorerRun.0", "point": 1, "testname": "ADC_15comp_1", "cornername": "Nominal"}
[2023-03-17 11:06:19.574 +0530] [INFO] [cadence.virtuoso.ade.spectreMonitor] - Total time required for tran analysis `tran': CPU = 1.13331 s, elapsed = 1.15819 s. : {"history": "ExplorerRun.0", "point": 1, "testname": "ADC_15comp_1", "cornername": "Nominal"}
[2023-03-17 11:06:19.574 +0530] [INFO] [cadence.virtuoso.ade.spectreMonitor] - Peak resident memory used = 104 Mbytes. : {"history": "ExplorerRun.0", "point": 1, "testname": "ADC_15comp_1", "cornername": "Nominal"}
[2023-03-17 11:06:19.574 +0530] [INFO] [cadence.virtuoso.ade.spectreMonitor] - Notice from spectre.
    20 notices suppressed. : {"history": "ExplorerRun.0", "point": 1, "testname": "ADC_15comp_1", "cornername": "Nominal"}
[2023-03-17 11:06:19.574 +0530] [INFO] [cadence.virtuoso.ade.spectreMonitor] - Time used: CPU = 1.35 s, elapsed = 1.68 s, util. = 80.6%. : {"history": "ExplorerRun.0", "point": 1, "testname": "ADC_15comp_1", "cornername": "Nominal"}
[2023-03-17 11:06:19.574 +0530] [INFO] [cadence.virtuoso.ade.spectreMonitor] - Time spent in licensing: elapsed = 88 ms, percentage of total = 5.25%. : {"history": "ExplorerRun.0", "point": 1, "testname": "ADC_15comp_1", "cornername": "Nominal"}
[2023-03-17 11:06:19.575 +0530] [INFO] [cadence.virtuoso.ade.spectreMonitor] - Peak memory used = 105 Mbytes. : {"history": "ExplorerRun.0", "point": 1, "testname": "ADC_15comp_1", "cornername": "Nominal"}
[2023-03-17 11:06:19.575 +0530] [PROCESS] [cadence.virtuoso.ade.spectreMonitor] - Simulation started at: 11:06:17 AM, Fri Mar 17, 2023, ended at: 11:06:19 AM, Fri Mar 17, 2023, with elapsed time (wall clock): 1.68 s. : {"history": "ExplorerRun.0", "point": 1, "testname": "ADC_15comp_1", "cornername": "Nominal"}
[2023-03-17 11:06:19.575 +0530] [PROCESS] [cadence.virtuoso.ade.spectreMonitor] - spectre completes with 0 errors, 1 warning, and 13 notices. : {"history": "ExplorerRun.0", "point": 1, "testname": "ADC_15comp_1", "cornername": "Nominal"}
[2023-03-17 11:06:19.575 +0530] [PROCESS] [cadence.virtuoso.ade.spectreMonitor] - Finished Simulation : {"hostname": "islcadence2", "processid": 17106, "history": "ExplorerRun.0", "testname": "ADC_15comp_1", "cornername": "Nominal", "point": 1, "logfile": "/root/Documents/vvgh/GPS/logs_root/logs1/Job5.log", "simid": "5"}
[2023-03-17 11:06:21.079 +0530] [PROCESS] [cadence.virtuoso.ade.spectreMonitor] - Point Finished : {"hostname": "islcadence2", "processid": 17106, "history": "ExplorerRun.0", "testname": "ADC_15comp_1", "cornername": "Nominal", "point": 1, "logfile": "/root/Documents/vvgh/GPS/logs_root/logs1/Job5.log"}
[2023-03-17 11:09:44.186 +0530] [PROCESS] [cadence.virtuoso.ade.spectreMonitor] - HostInfo:
Host name (type):	islcadence2 (x86_64)
Operating system:	Linux 3.10.0-1160.el7.x86_64 #1 SMP Tue Aug 18 14:50:17 EDT 2020 : {"hostname": "islcadence2", "processid": 17106, "history": "ExplorerRun.0", "testname": "ADC_15comp_1", "cornername": "Nominal", "point": 1, "logfile": "/root/Documents/vvgh/GPS/logs_root/logs1/Job5.log", "nodename": "islcadence2", "domainname": "(none)", "machine": "x86_64", "sysname": "Linux", "release": "3.10.0-1160.el7.x86_64", "version": "#1 SMP Tue Aug 18 14:50:17 EDT 2020"}
[2023-03-17 11:09:44.186 +0530] [PROCESS] [cadence.virtuoso.ade.spectreMonitor] - UsageInfo:
pid=17106
totalPhysicalMemory=15.394783GB,Used=5.375210GB,totalVirtualMemory=23.144779GB,Used=5.375210GB
Cpu: Cores=8, Load average:0.340000,0.340000,0.380000 : {"hostname": "islcadence2", "processid": 17106, "history": "ExplorerRun.0", "testname": "ADC_15comp_1", "cornername": "Nominal", "point": 1, "logfile": "/root/Documents/vvgh/GPS/logs_root/logs1/Job5.log", "pid": "17106", "totalPhysicalMemory": "15.394783", "physicalMemoryUsed": "5.375210", "totalVirtualMemory": "23.144779", "virtualMemoryUsed": "5.375210", "cpuCores": "8", "processes": "913", "loadAverage1": "0.340000", "loadAverage5": "0.340000", "loadAverage15": "0.380000", "loadAverage1Percent": "0.042500"}
[2023-03-17 11:09:44.190 +0530] [EVENT] [cadence.virtuoso.ade.spectreMonitor] - NewPoint : {"history": "ExplorerRun.0", "point": 1, "testname": "ADC_15comp_1", "cornername": "Nominal", "event": "NewPoint", "EventSource": "Spectre Monitor", "HistoryName": "ExplorerRun.0", "logFile": "/root/Documents/vvgh/GPS/logs_root/logs1/Job5.log", "logFileSize": "54900"}
[2023-03-17 11:09:44.190 +0530] [EVENT] [cadence.virtuoso.ade.spectreMonitor] - NewPoint : {"history": "ExplorerRun.0", "point": 1, "testname": "ADC_15comp_1", "cornername": "Nominal", "event": "NewPoint", "EventSource": "spectre", "HistoryName": "ExplorerRun.0", "logFile": "/root/simulation/ADC/15comp/maestro/results/maestro/ExplorerRun.0/1/ADC_15comp_1/psf/spectre.out", "logFileSize": "-1"}
[2023-03-17 11:09:44.194 +0530] [PROCESS] [cadence.virtuoso.ade.spectreMonitor] - Launched simulator : {"hostname": "islcadence2", "processid": 17106, "history": "ExplorerRun.0", "testname": "ADC_15comp_1", "cornername": "Nominal", "point": 1, "logfile": "/root/Documents/vvgh/GPS/logs_root/logs1/Job5.log", "simid": "6"}
[2023-03-17 11:09:44.195 +0530] [PROCESS] [cadence.virtuoso.ade.spectreMonitor] - Launched evaluator : {"hostname": "islcadence2", "processid": 17106, "history": "ExplorerRun.0", "testname": "ADC_15comp_1", "cornername": "Nominal", "point": 1, "logfile": "/root/Documents/vvgh/GPS/logs_root/logs1/Job5.log"}
[2023-03-17 11:09:44.773 +0530] [INFO] [cadence.virtuoso.ade.spectreMonitor] - Peak resident memory used = 68.1 Mbytes. : {"history": "ExplorerRun.0", "point": 1, "testname": "ADC_15comp_1", "cornername": "Nominal"}
[2023-03-17 11:09:44.773 +0530] [INFO] [cadence.virtuoso.ade.spectreMonitor] - Peak resident memory used = 76.5 Mbytes. : {"history": "ExplorerRun.0", "point": 1, "testname": "ADC_15comp_1", "cornername": "Nominal"}
[2023-03-17 11:09:44.773 +0530] [WARN] [cadence.virtuoso.ade.spectreMonitor] -     WARNING (SPECTRE-17101): The value 'psf' specified for the 'checklimitdest' option will no longer be supported in future releases. Use 'spectre -h' to see other recommended values for the 'checklimitdest' option. : {"history": "ExplorerRun.0", "point": 1, "testname": "ADC_15comp_1", "cornername": "Nominal"}
[2023-03-17 11:09:44.774 +0530] [INFO] [cadence.virtuoso.ade.spectreMonitor] - Peak resident memory used = 78.3 Mbytes. : {"history": "ExplorerRun.0", "point": 1, "testname": "ADC_15comp_1", "cornername": "Nominal"}
[2023-03-17 11:09:44.774 +0530] [INFO] [cadence.virtuoso.ade.spectreMonitor] - Notice from spectre during topology check.
    Only one connection to the following 4 nodes:
        d0
        d1
        d2
        d3 : {"history": "ExplorerRun.0", "point": 1, "testname": "ADC_15comp_1", "cornername": "Nominal"}
[2023-03-17 11:09:44.774 +0530] [INFO] [cadence.virtuoso.ade.spectreMonitor] - Notice from spectre during initial setup.
    Multithreading is disabled due to the size of the design being too small. : {"history": "ExplorerRun.0", "point": 1, "testname": "ADC_15comp_1", "cornername": "Nominal"}
[2023-03-17 11:09:44.774 +0530] [INFO] [cadence.virtuoso.ade.spectreMonitor] -               nodes 200 : {"history": "ExplorerRun.0", "point": 1, "testname": "ADC_15comp_1", "cornername": "Nominal"}
[2023-03-17 11:09:44.775 +0530] [INFO] [cadence.virtuoso.ade.spectreMonitor] - Notice from spectre during initial setup.
    APS enabled. : {"history": "ExplorerRun.0", "point": 1, "testname": "ADC_15comp_1", "cornername": "Nominal"}
[2023-03-17 11:09:44.775 +0530] [INFO] [cadence.virtuoso.ade.spectreMonitor] - Peak resident memory used = 79.9 Mbytes. : {"history": "ExplorerRun.0", "point": 1, "testname": "ADC_15comp_1", "cornername": "Nominal"}
[2023-03-17 11:09:44.775 +0530] [INFO] [cadence.virtuoso.ade.spectreMonitor] - Notice from spectre during IC analysis, during transient analysis `tran'.
    GminDC = 1 pS is large enough to noticeably affect the DC solution.
        dV(vin) = -13.0389 mV
        Use the `gmin_check' option to eliminate or expand this report. : {"history": "ExplorerRun.0", "point": 1, "testname": "ADC_15comp_1", "cornername": "Nominal"}
[2023-03-17 11:09:44.775 +0530] [INFO] [cadence.virtuoso.ade.spectreMonitor] - Notice from spectre during transient analysis `tran'.
    Multithreading is disabled due to the size of the design being too small. : {"history": "ExplorerRun.0", "point": 1, "testname": "ADC_15comp_1", "cornername": "Nominal"}
[2023-03-17 11:09:45.276 +0530] [INFO] [cadence.virtuoso.ade.spectreMonitor] - Notice from spectre at time = 12.5 ns during transient analysis `tran'.
    Found trapezoidal ringing on node I0.P. : {"history": "ExplorerRun.0", "point": 1, "testname": "ADC_15comp_1", "cornername": "Nominal"}
[2023-03-17 11:09:45.276 +0530] [INFO] [cadence.virtuoso.ade.spectreMonitor] - Notice from spectre at time = 37.5 ns during transient analysis `tran'.
    Found trapezoidal ringing on node I0.net8. : {"history": "ExplorerRun.0", "point": 1, "testname": "ADC_15comp_1", "cornername": "Nominal"}
[2023-03-17 11:09:45.276 +0530] [INFO] [cadence.virtuoso.ade.spectreMonitor] - Notice from spectre at time = 62.5 ns during transient analysis `tran'.
    Found trapezoidal ringing on node I7.Q. : {"history": "ExplorerRun.0", "point": 1, "testname": "ADC_15comp_1", "cornername": "Nominal"}
[2023-03-17 11:09:45.277 +0530] [INFO] [cadence.virtuoso.ade.spectreMonitor] - Notice from spectre at time = 87.5 ns during transient analysis `tran'.
    Found trapezoidal ringing on node I9.net8. : {"history": "ExplorerRun.0", "point": 1, "testname": "ADC_15comp_1", "cornername": "Nominal"}
[2023-03-17 11:09:45.279 +0530] [INFO] [cadence.virtuoso.ade.spectreMonitor] - Notice from spectre at time = 112.5 ns during transient analysis `tran'.
    Found trapezoidal ringing on node I0.Q.
        Further occurrences of this notice will be suppressed. : {"history": "ExplorerRun.0", "point": 1, "testname": "ADC_15comp_1", "cornername": "Nominal"}
[2023-03-17 11:09:46.280 +0530] [PROCESS] [cadence.virtuoso.ade.spectreMonitor] - Finished simulating for one point : {"hostname": "islcadence2", "processid": 17106, "history": "ExplorerRun.0", "testname": "ADC_15comp_1", "cornername": "Nominal", "point": 1, "logfile": "/root/Documents/vvgh/GPS/logs_root/logs1/Job5.log", "simid": "6"}
[2023-03-17 11:09:46.281 +0530] [INFO] [cadence.virtuoso.ade.spectreMonitor] - Notice from spectre during transient analysis `tran'.
    Trapezoidal ringing is detected during tran analysis.
        Please use method=trap for better results and performance. : {"history": "ExplorerRun.0", "point": 1, "testname": "ADC_15comp_1", "cornername": "Nominal"}
[2023-03-17 11:09:46.281 +0530] [INFO] [cadence.virtuoso.ade.spectreMonitor] - Total time required for tran analysis `tran': CPU = 1.12566 s, elapsed = 1.15073 s. : {"history": "ExplorerRun.0", "point": 1, "testname": "ADC_15comp_1", "cornername": "Nominal"}
[2023-03-17 11:09:46.281 +0530] [INFO] [cadence.virtuoso.ade.spectreMonitor] - Peak resident memory used = 102 Mbytes. : {"history": "ExplorerRun.0", "point": 1, "testname": "ADC_15comp_1", "cornername": "Nominal"}
[2023-03-17 11:09:46.281 +0530] [INFO] [cadence.virtuoso.ade.spectreMonitor] - Notice from spectre.
    16 notices suppressed. : {"history": "ExplorerRun.0", "point": 1, "testname": "ADC_15comp_1", "cornername": "Nominal"}
[2023-03-17 11:09:46.281 +0530] [INFO] [cadence.virtuoso.ade.spectreMonitor] - Time used: CPU = 1.36 s, elapsed = 1.73 s, util. = 78.4%. : {"history": "ExplorerRun.0", "point": 1, "testname": "ADC_15comp_1", "cornername": "Nominal"}
[2023-03-17 11:09:46.281 +0530] [INFO] [cadence.virtuoso.ade.spectreMonitor] - Time spent in licensing: elapsed = 87 ms, percentage of total = 5.02%. : {"history": "ExplorerRun.0", "point": 1, "testname": "ADC_15comp_1", "cornername": "Nominal"}
[2023-03-17 11:09:46.281 +0530] [INFO] [cadence.virtuoso.ade.spectreMonitor] - Peak memory used = 103 Mbytes. : {"history": "ExplorerRun.0", "point": 1, "testname": "ADC_15comp_1", "cornername": "Nominal"}
[2023-03-17 11:09:46.282 +0530] [PROCESS] [cadence.virtuoso.ade.spectreMonitor] - Simulation started at: 11:09:44 AM, Fri Mar 17, 2023, ended at: 11:09:46 AM, Fri Mar 17, 2023, with elapsed time (wall clock): 1.73 s. : {"history": "ExplorerRun.0", "point": 1, "testname": "ADC_15comp_1", "cornername": "Nominal"}
[2023-03-17 11:09:46.282 +0530] [PROCESS] [cadence.virtuoso.ade.spectreMonitor] - spectre completes with 0 errors, 1 warning, and 13 notices. : {"history": "ExplorerRun.0", "point": 1, "testname": "ADC_15comp_1", "cornername": "Nominal"}
[2023-03-17 11:09:46.282 +0530] [PROCESS] [cadence.virtuoso.ade.spectreMonitor] - Finished Simulation : {"hostname": "islcadence2", "processid": 17106, "history": "ExplorerRun.0", "testname": "ADC_15comp_1", "cornername": "Nominal", "point": 1, "logfile": "/root/Documents/vvgh/GPS/logs_root/logs1/Job5.log", "simid": "6"}
[2023-03-17 11:09:47.786 +0530] [PROCESS] [cadence.virtuoso.ade.spectreMonitor] - Point Finished : {"hostname": "islcadence2", "processid": 17106, "history": "ExplorerRun.0", "testname": "ADC_15comp_1", "cornername": "Nominal", "point": 1, "logfile": "/root/Documents/vvgh/GPS/logs_root/logs1/Job5.log"}
[2023-03-17 11:14:48.302 +0530] [PROCESS] [cadence.virtuoso.ade.spectreMonitor] - Current memory used: 23.6641 MBytes, peak memory used: 23.6641 MBytes : {"hostname": "islcadence2", "processid": 17106, "history": "ExplorerRun.0", "testname": "ADC_15comp_1", "cornername": "Nominal", "point": 1, "logfile": "/root/Documents/vvgh/GPS/logs_root/logs1/Job5.log"}
[2023-03-17 11:14:48.302 +0530] [PROCESS] [cadence.virtuoso.ade.spectreMonitor] - Spectre Monitor process exit. : {"hostname": "islcadence2", "processid": 17106, "history": "ExplorerRun.0", "testname": "ADC_15comp_1", "cornername": "Nominal", "point": 1, "logfile": "/root/Documents/vvgh/GPS/logs_root/logs1/Job5.log"}
