Starting Monte Carlo Sampling...

Current time: Mon Mar 20 15:52:30 2023 

Variation: All
Sampling Method: Low-Discrepancy Sequence
Seed: 

MonteCarlo.1
Number of points completed: 4
Number of simulation errors: 4
MonteCarlo.1 completed. 
Current time: Mon Mar 20 15:52:31 2023 
Monte Carlo Sampling yield summary:
Number of spec values are in this yield data: 15
ADC:15comp:1	Nominal - 
	Out1:	Yield	0%
		Min 0	Max 0	Mean 0	Number of errors 4
ADC:15comp:1	Nominal - 
	Out10:	Yield	0%
		Min 0	Max 0	Mean 0	Number of errors 4
ADC:15comp:1	Nominal - 
	Out11:	Yield	0%
		Min 0	Max 0	Mean 0	Number of errors 4
ADC:15comp:1	Nominal - 
	Out12:	Yield	0%
		Min 0	Max 0	Mean 0	Number of errors 4
ADC:15comp:1	Nominal - 
	Out13:	Yield	0%
		Min 0	Max 0	Mean 0	Number of errors 4
ADC:15comp:1	Nominal - 
	Out14:	Yield	0%
		Min 0	Max 0	Mean 0	Number of errors 4
ADC:15comp:1	Nominal - 
	Out15:	Yield	0%
		Min 0	Max 0	Mean 0	Number of errors 4
ADC:15comp:1	Nominal - 
	Out2:	Yield	0%
		Min 0	Max 0	Mean 0	Number of errors 4
ADC:15comp:1	Nominal - 
	Out3:	Yield	0%
		Min 0	Max 0	Mean 0	Number of errors 4
ADC:15comp:1	Nominal - 
	Out4:	Yield	0%
		Min 0	Max 0	Mean 0	Number of errors 4
ADC:15comp:1	Nominal - 
	Out5:	Yield	0%
		Min 0	Max 0	Mean 0	Number of errors 4
ADC:15comp:1	Nominal - 
	Out6:	Yield	0%
		Min 0	Max 0	Mean 0	Number of errors 4
ADC:15comp:1	Nominal - 
	Out7:	Yield	0%
		Min 0	Max 0	Mean 0	Number of errors 4
ADC:15comp:1	Nominal - 
	Out8:	Yield	0%
		Min 0	Max 0	Mean 0	Number of errors 4
ADC:15comp:1	Nominal - 
	Out9:	Yield	0%
		Min 0	Max 0	Mean 0	Number of errors 4

ADC:15comp:1
	Overall Yield	0%	Number of points passed	0	Total number of points	4

Estimated yield = 0% (0/4), 4 errors
Estimated yield (No opregions) = 0% (0/4)
