Starting Monte Carlo Sampling...

Current time: Mon Mar 20 16:28:01 2023 

Variation: All
Sampling Method: Low-Discrepancy Sequence
Seed: 

MonteCarlo.6
Number of points completed: 4
Number of simulation errors: 0
MonteCarlo.6 completed. 
Current time: Mon Mar 20 16:28:47 2023 
Monte Carlo Sampling yield summary:
Number of spec values are in this yield data: 15
ADC:15comp:1	Nominal - 
	Out1:	Yield	0%
		Min 0	Max 0	Mean 0	Number of errors 0
ADC:15comp:1	Nominal - 
	Out10:	Yield	0%
		Min 0	Max 0	Mean 0	Number of errors 0
ADC:15comp:1	Nominal - 
	Out11:	Yield	0%
		Min 0	Max 0	Mean 0	Number of errors 0
ADC:15comp:1	Nominal - 
	Out12:	Yield	0%
		Min 0	Max 0	Mean 0	Number of errors 0
ADC:15comp:1	Nominal - 
	Out13:	Yield	0%
		Min 0	Max 0	Mean 0	Number of errors 0
ADC:15comp:1	Nominal - 
	Out14:	Yield	0%
		Min 0	Max 0	Mean 0	Number of errors 0
ADC:15comp:1	Nominal - 
	Out15:	Yield	0%
		Min 0	Max 0	Mean 0	Number of errors 0
ADC:15comp:1	Nominal - 
	Out2:	Yield	0%
		Min 0	Max 0	Mean 0	Number of errors 0
ADC:15comp:1	Nominal - 
	Out3:	Yield	0%
		Min 0	Max 0	Mean 0	Number of errors 0
ADC:15comp:1	Nominal - 
	Out4:	Yield	0%
		Min 0	Max 0	Mean 0	Number of errors 0
ADC:15comp:1	Nominal - 
	Out5:	Yield	0%
		Min 0	Max 0	Mean 0	Number of errors 0
ADC:15comp:1	Nominal - 
	Out6:	Yield	0%
		Min 0	Max 0	Mean 0	Number of errors 0
ADC:15comp:1	Nominal - 
	Out7:	Yield	0%
		Min 0	Max 0	Mean 0	Number of errors 0
ADC:15comp:1	Nominal - 
	Out8:	Yield	0%
		Min 0	Max 0	Mean 0	Number of errors 0
ADC:15comp:1	Nominal - 
	Out9:	Yield	0%
		Min 0	Max 0	Mean 0	Number of errors 0

ADC:15comp:1
	Overall Yield	100%	Number of points passed	1	Total number of points	1

Estimated yield = 100% (1/1), 0 errors
Estimated yield (No opregions) = 100% (1/1)
